ARM GAS  /tmp/ccOW4hJu.s 			page 1


   1              		.syntax unified
   2              		.cpu cortex-m4
   3              		.fpu softvfp
   4              		.eabi_attribute 20, 1
   5              		.eabi_attribute 21, 1
   6              		.eabi_attribute 23, 3
   7              		.eabi_attribute 24, 1
   8              		.eabi_attribute 25, 1
   9              		.eabi_attribute 26, 1
  10              		.eabi_attribute 30, 2
  11              		.eabi_attribute 34, 1
  12              		.eabi_attribute 18, 4
  13              		.thumb
  14              		.file	"board.c"
  15              		.text
  16              	.Ltext0:
  17              		.section	.gnu.lto_.jmpfuncs.ec7677a9596803c1,"",%progbits
  18 0000 789C6362 		.ascii	"x\234cb`d`g\300\016`\342L@\314\310\300\000\000\0025"
  18      60646067 
  18      C00E60E2 
  18      4C40CCC8 
  18      C0000002 
  19 0015 0015     		.ascii	"\000\025"
  20              		.text
  21              		.section	.gnu.lto_.inline.ec7677a9596803c1,"",%progbits
  22 0000 789C6362 		.ascii	"x\234cb`d\340e\300\016T\2414\023\003\003\013\017#\210"
  22      6064E065 
  22      C00E54A1 
  22      34130303 
  22      0B0F2388 
  23 0014 62605B20 		.ascii	"b`[ \317\304\300\310\005d1203!\2111\000\000&G\001\355"
  23      CFC4C0C8 
  23      05643132 
  23      30332189 
  23      31000026 
  24              		.text
  25              		.section	.gnu.lto_.pureconst.ec7677a9596803c1,"",%progbits
  26 0000 789C6362 		.ascii	"x\234cb`d`f```e\200\000&\006\011F\006\000\001\032\000"
  26      60646066 
  26      60606065 
  26      80002606 
  26      09460600 
  27 0017 27       		.ascii	"'"
  28              		.text
  29              		.section	.gnu.lto___early_init.ec7677a9596803c1,"",%progbits
  30 0000 789C6362 		.ascii	"x\234cb`\004BL \011\304\015@l\004\304\214\314\014\214"
  30      6004424C 
  30      2009C40D 
  30      406C04C4 
  30      8CCC0C8C 
  31 0014 4C13CE31 		.ascii	"L\023\316104*012\202\030@-\365L\214\365\241\020\235"
  31      30342A30 
  31      31328218 
  31      402DF54C 
  31      8CF5A110 
  32 0029 A7663F96 		.ascii	"\247f?\226\3712\223m?\323\201\007\377\353\031\030\230"
  32      F932936D 
ARM GAS  /tmp/ccOW4hJu.s 			page 2


  32      3FD38107 
  32      FFEB1918 
  32      98
  33 003a 8142AC0C 		.ascii	"\201B\254\014-\015\015\002\014\361P\243\003A4Hc\020"
  33      2D0D0D02 
  33      0CF150A3 
  33      03413448 
  33      6310
  34 004c 231398C1 		.ascii	"#\023\230\301|\206\201\371\315\314u\214\261\214\013"
  34      7C8681F9 
  34      CDCC758C 
  34      B18C0B
  35 005b 18598172 		.ascii	"\030Y\201rU\014?\0338R\201N\211gd\204\350I\005\321\347"
  35      550C3F1B 
  35      3852814E 
  35      89676484 
  35      E84905D1 
  36 0070 18188106 		.ascii	"\030\030\201\006\303\024\301\314b\004\033\0014\210\301"
  36      C314C1CC 
  36      62041B01 
  36      3488C1
  37 007f 404F4F1F 		.ascii	"@OO\037\202\362\213\3653\022s\364\223\362\023\213R\212"
  37      82F28BF5 
  37      331273F4 
  37      93F2138B 
  37      528A
  38 0091 F58343E2 		.ascii	"\365\203C\342\375B\235}\\\375\343\335\214\015\214\202"
  38      FD429D7D 
  38      5CFDE3DD 
  38      8C0D8C82 
  39 00a1 2C20E27A 		.ascii	", \342z\311\014\000\334\320-["
  39      C90C00DC 
  39      D02D5B
  40              		.text
  41              		.section	.gnu.lto_boardInit.ec7677a9596803c1,"",%progbits
  42 0000 789C6362 		.ascii	"x\234cb`\004BL \011\304\021@l\004\304\214\314\014\214"
  42      6004424C 
  42      2009C411 
  42      406C04C4 
  42      8CCC0C8C 
  43 0014 4C13CE31 		.ascii	"L\023\316104*012\202\030@-\365L\214\365\241\020\235"
  43      30342A30 
  43      31328218 
  43      402DF54C 
  43      8CF5A110 
  44 0029 A73A968A 		.ascii	"\247:\226\212\237Y\301\266\237\351\300\203\377\365\014"
  44      9F59C1B6 
  44      9FE9C083 
  44      FFF50C
  45 0038 0C4C4021 		.ascii	"\014L@!V\206\226\206\006\001\206x\250\321\201 \032\244"
  45      56869686 
  45      06018678 
  45      A8D18120 
  45      1AA4
  46 004a 31889109 		.ascii	"1\210\221\011\314`>\0074\"\226q\001#+\334\306@FF\260"
  46      CC603E07 
  46      34229671 
ARM GAS  /tmp/ccOW4hJu.s 			page 3


  46      01232BDC 
  46      C6404646 
  47 005f 1448BB81 		.ascii	"\024H\273\201\236\236>\004\345\027\353g$\346\350'\345"
  47      9E9E3E04 
  47      E517EB67 
  47      24E6E827 
  47      E5
  48 0070 2716A514 		.ascii	"'\026\245\024\353\007\207\304\373\205:\373\270\372\307"
  48      EB0787C4 
  48      FB853AFB 
  48      B8FAC7
  49 007f BB191B18 		.ascii	"\273\031\033\030\005Y@\304\365\222\031\000\027\024#"
  49      055940C4 
  49      F5921900 
  49      171423
  50 008e FE       		.ascii	"\376"
  51              		.text
  52              		.section	.gnu.lto_.cgraph.ec7677a9596803c1,"",%progbits
  53 0000 789C3DC7 		.ascii	"x\234=\307\261\011\2000\000D\321\177\227\2212\340\005"
  53      B1098030 
  53      0044D17F 
  53      979132E0 
  53      05
  54 0011 D2586AD2 		.ascii	"\322Xj\322;\22238\211\004D|\3353\242\000\225\217\017"
  54      3B923338 
  54      8904447C 
  54      DD33A200 
  54      958F0F
  55 0024 07F68BE4 		.ascii	"\007\366\213\344\334\344\341\350\237\246\343w\255\251"
  55      DCE4E1E8 
  55      9FA6E377 
  55      ADA9
  56 0032 60FAFD88 		.ascii	"`\372\375\210\005\233E\017\306"
  56      059B450F 
  56      C6
  57              		.text
  58              		.section	.gnu.lto_.vars.ec7677a9596803c1,"",%progbits
  59 0000 789C6362 		.ascii	"x\234cb`d`f```g\200\000\306\011L\014\254\365\014\000"
  59      60646066 
  59      60606067 
  59      8000C609 
  59      4C0CACF5 
  60 0016 057A0125 		.ascii	"\005z\001%"
  61              		.text
  62              		.section	.gnu.lto_.refs.ec7677a9596803c1,"",%progbits
  63 0000 789C6362 		.ascii	"x\234cb`d`f```b\200\001\000\000\204\000\011"
  63      60646066 
  63      60606062 
  63      80010000 
  63      840009
  64              		.text
  65              		.section	.gnu.lto_.statics.ec7677a9596803c1,"",%progbits
  66 0000 789C6362 		.ascii	"x\234cb`d`b\300\016@\342\214\020&\000\000\375\000\011"
  66      60646062 
  66      C00E40E2 
  66      8C102600 
  66      00FD0009 
ARM GAS  /tmp/ccOW4hJu.s 			page 4


  67              		.text
  68              		.section	.gnu.lto_.decls.ec7677a9596803c1,"",%progbits
  69 0000 789CCD56 		.ascii	"x\234\315V_h\034E\030\377f\257w\311\221\222\226\240"
  69      5F681C45 
  69      18FF66AF 
  69      77C99192 
  69      96A0
  70 0012 A5153157 		.ascii	"\245\0251W\241\"\205\336\326\273\202\365\241hML\256"
  70      A12285DE 
  70      D6BB82F5 
  70      A1684D4C 
  70      AE
  71 0023 7A36A7B6 		.ascii	"z6\247\266\017}X\226\313\355&9\274\334\036{{\322\276"
  71      0F7D5896 
  71      CBED2639 
  71      BCDC1E7B 
  71      7BD2BE
  72 0036 4D5BD458 		.ascii	"M[\324XD\256\017\301'\313E\233\322\236\022\243\255\212"
  72      44AE0FC1 
  72      27CB459B 
  72      D29E12A3 
  72      AD8A
  73 0048 0DAD29B6 		.ascii	"\015\255)\266\022Jh\255\030\261\"$\017\001\021K\037"
  73      124A68AD 
  73      18B12224 
  73      0F01114B 
  73      1F
  74 0059 7C5210CE 		.ascii	"|R\020\316\371\263\263{\233\373\033A\361c\347\333\231"
  74      F9B3B37B 
  74      9BFB1B41 
  74      F163E7DB 
  74      99
  75 006a 6F667EDF 		.ascii	"of~\337o\276\371fv%@@e\202\224\012\221\241.\200\253"
  75      6FBEF966 
  75      76254040 
  75      6582940A 
  75      91A12E80 
  76 007f C4E423ED 		.ascii	"\304\344#\355}\340\012m\227H\231&\345<)tV\031\274B\373"
  76      7DE00A6D 
  76      97489926 
  76      E53C2974 
  76      5619BC42 
  77 0094 2552EE92 		.ascii	"%R\356\2222e\333$\333~\036je\272\252\216\326\264\205"
  77      3265DB24 
  77      DB7E1E6A 
  77      65BAAA8E 
  77      D6B485
  78 00a7 F4C2195C 		.ascii	"\364\302\031\\Z)\236\304\261?*\225\216-0\211\211\224"
  78      5A299EC4 
  78      B13F2A95 
  78      8E2D3089 
  78      8994
  79 00b9 DEC01859 		.ascii	"\336\300\030Y\012\332\367 l\003\005u\007\001B\254\266"
  79      0ADAF720 
  79      6C030575 
  79      070142AC 
  79      B6
ARM GAS  /tmp/ccOW4hJu.s 			page 5


  80 00ca 91D436B0 		.ascii	"\221\3246\260y\012\232B[\354\332!\237\340\"!\330\011"
  80      790A9A42 
  80      5BECDA21 
  80      9FE02221 
  80      D809
  81 00dc 173013E4 		.ascii	"\0270\023\344:&\262\011.\177yq\217\360\372\030L\323"
  81      3A26B209 
  81      2E7F7971 
  81      8FF0FA18 
  81      4CD3
  82 00ee 21F327B6 		.ascii	"!\363'\2662'\024\244\204z=\304\024\364>\222\3262\235"
  82      322714A4 
  82      847A3DC4 
  82      14F43E92 
  82      D6329D
  83 0101 759872FF 		.ascii	"u\230r\377\022\014\"2\362\003\264\023\256?\336\004|"
  83      120C2232 
  83      F203B413 
  83      AE3FDE04 
  83      7C
  84 0112 BA06FC5C 		.ascii	"\272\006\374\\-\370J\261x\262\344\001\177I\200\227\337"
  84      2DF84AB1 
  84      78B2E401 
  84      7F498097 
  84      DF
  85 0123 79B7FC96 		.ascii	"y\267\374\226\317\213p\301\213\360(L\341\331\371\"\306"
  85      CF8B70C1 
  85      8BF0284C 
  85      E1D9F922 
  85      C6
  86 0134 31BC52A9 		.ascii	"1\274R\251\364\366\300i\026I\022\207\205np\302\270\322"
  86      F4F6C069 
  86      16491287 
  86      856E70C2 
  86      B8D2
  87 0146 E9C4F16D 		.ascii	"\351\304\361m\032\231\035p\026\343\"\215\226=!\324l"
  87      1A991D70 
  87      16E3228D 
  87      963D21D4 
  87      6C
  88 0157 B4823E42 		.ascii	"\264\202>B;\240\235\221t\354\014\301\344\364\231\027"
  88      3BA09D91 
  88      74EC0CC1 
  88      E4F49917 
  89 0167 B627DC0A 		.ascii	"\266'\334\012\266}fr\356\273mu\222\302\277\035\010q"
  89      B67D6672 
  89      EEBB6D75 
  89      92C2BF1D 
  89      0871
  90 0179 CA2B16A8 		.ascii	"\312+\026\250\353\0159\336\036\366,BA\237\020x\011n"
  90      EB0D39DE 
  90      1EF62C42 
  90      419F1078 
  90      096E
  91 018b 2011B955 		.ascii	" \021\271U:\217J\0338\224\326\245\272\244/U\221\276"
  91      3A8F4A1B 
  91      3894D6A5 
ARM GAS  /tmp/ccOW4hJu.s 			page 6


  91      BAA42F55 
  91      91BE
  92 019d 7775A40E 		.ascii	"wu\244\016\345\016F\371\004M\217@\020&H\225fq\254\332"
  92      E50E46F9 
  92      044D8F40 
  92      10264895 
  92      6671ACDA 
  93 01b1 9B3785AB 		.ascii	"\2337\205\253I\177\201\202\204\364\217\016\351sg\356"
  93      497F8182 
  93      84F48F0E 
  93      E97367EE 
  94 01c1 7C238B7D 		.ascii	"|#\213}\356\010z\367\235\264\371(\216\314\273E\215\036"
  94      EE087AF7 
  94      9DB4F928 
  94      8ECCBB45 
  94      8D1E
  95 01d3 F14DF424 		.ascii	"\361M\364$\314I\310^\315\314\344\362\355\247\352s\020"
  95      CC49C85E 
  95      CDCCE4F2 
  95      EDA7EA73 
  95      10
  96 01e4 752E628C 		.ascii	"u.b\214-U\013\022\014\2579\240\213O\257\0071\324\020"
  96      2D550B12 
  96      0CAF39A0 
  96      8B4FAF07 
  96      31D410
  97 01f7 71C141FC 		.ascii	"q\301A\374\271\005bg\233\034\277u\020\357\255\013\261"
  97      B9056267 
  97      9B1CBF75 
  97      10EFAD0B 
  97      B1
  98 0208 31C71F1C 		.ascii	"1\307\037\034\304\277Z nn\223\343On\034c\353Al\314q"
  98      C4BF5A20 
  98      6E6E93E3 
  98      4F6E1C63 
  98      EB416CCC 
  99 021d D98D630B 		.ascii	"\331\215c\013\304\255\3658\326J\365IP\320g\344\330\223"
  99      C4ADF538 
  99      D64AF549 
  99      50D067E4 
  99      D893
 100 022f 5BE973B4 		.ascii	"[\351s\264\2354\346\230\276\302\364WL_c\372k\246o\020"
 100      9D34E698 
 100      BEC2F457 
 100      4C5F63FA 
 100      6BA66F10 
 101 0243 6D8B04AB 		.ascii	"m\213\004\253\214\026=\362\327\237op\350Z\347 \277\007"
 101      8C163DF2 
 101      D79F6F70 
 101      E85AE720 
 101      BF07
 102 0255 C4D1FECD 		.ascii	"\304\321\376\315\201\\m\005\351]j\250!\344\357.\313"
 102      815C6D05 
 102      E95D6AA8 
 102      21E4EF2E 
 102      CB
 103 0266 175A40EE 		.ascii	"\027Z@\356m\223\345\237.\313V\220\2116Yb\237\003\031"
ARM GAS  /tmp/ccOW4hJu.s 			page 7


 103      6D93E59F 
 103      2ECB5690 
 103      89365962 
 103      9F0319
 104 0279 6F01996B 		.ascii	"o\001\231k\262\307bK?&[\352W\320,\333\264\005\246o2"
 104      B2C7624B 
 104      3F265BEA 
 104      57D02CDB 
 104      B405A66F 
 105 028e BDC8F4AD 		.ascii	"\275\310\364\255\352m|\323'n\246\357ow\013\030~\221"
 105      EA6D7CD3 
 105      276EA6EF 
 105      6F770B18 
 105      7E91
 106 02a0 57E1BAF7 		.ascii	"W\341\272\367=\264\215|\332A\276\374\353/\0174\373\232"
 106      3DB48D7C 
 106      DA41BEFC 
 106      EB2F0F34 
 106      FB9A
 107 02b2 DC219FBB 		.ascii	"\334!\237\273G\340\254\357=\314\317m\024>\305\023\317"
 107      47E0ACEF 
 107      3DCCCF6D 
 107      143EC513 
 107      CF
 108 02c3 28E843E2 		.ascii	"(\350C\342\325\366&L4^v\266\212{\261t\034\317Kv\356"
 108      D5F6264C 
 108      345E76B6 
 108      8A7BB174 
 108      1CCF4B76 
 109 02d8 BAB726CF 		.ascii	"\272\267&\317b\321^\276O\357N\236\323\302\366zy\251"
 109      62D15EBE 
 109      4FEF4E9E 
 109      D3C2F67A 
 109      79A9
 110 02ea 1CB033DC 		.ascii	"\034\2603\334\031W\361\331\331.,\370>\2623\337\305\266"
 110      1957F1D9 
 110      D92E2CF8 
 110      3EB233DF 
 110      C5B6
 111 02fc D7DE8413 		.ascii	"\327\336\204\023>\216C-(\361\353\334Ki\251\274t\312"
 111      3E8E432D 
 111      28F1EBDC 
 111      4B69A9BC 
 111      74CA
 112 030e BF8652A5 		.ascii	"\277\206R\245\206\022\324#t\2639!\370o\331,\376+l\312"
 112      8612D423 
 112      74B33921 
 112      F86FD92C 
 112      FE2B6CCA 
 113 0322 FF90CDAD 		.ascii	"\377\220\315\255\377\021\033\200.8\345\376B\360\337"
 113      FF111B80 
 113      2E38E5FE 
 113      42F0DF
 114 0331 C1C67FC2 		.ascii	"\301\306\177\302wQ\227s\0147\252\252\23643\307\324t"
 114      77519773 
 114      0C37AAAA 
 114      9E3433C7 
ARM GAS  /tmp/ccOW4hJu.s 			page 8


 114      D474
 115 0343 366D0506 		.ascii	"6m\005\006\017\036\016\365\301\356pX\346\217\221\227"
 115      0F1E0EF5 
 115      C1EE7058 
 115      E68F9197 
 116 0353 C7921979 		.ascii	"\307\222\031y\330H\232Z^~\345\220z\360p_\374\271!u "
 116      D8489A5A 
 116      5E7EE590 
 116      7AF0705F 
 116      FCB92175 
 117 0368 BA3BF2F2 		.ascii	"\272;\362\362^n\017\247 \310*\007\010\302\346\2745\036"
 117      5E6E0FA7 
 117      20C82A07 
 117      08C2E6BC 
 117      351E
 118 037a 8DA8A98C 		.ascii	"\215\250\251\214\221z\225A\326`\345\014\323\242P/F#"
 118      917A9541 
 118      D660E50C 
 118      D3A2502F 
 118      4623
 119 038c 5C0F448F 		.ascii	"\\\017D\217\036\245=j&\243\205\307\340\211f\023\342"
 119      1EA53D6A 
 119      26A385C7 
 119      E0896613 
 119      E2
 120 039d F17E7930 		.ascii	"\361~y0q`\350\265\210\234sf\364p\237\243\271\264\241"
 120      7160E8B5 
 120      889C7366 
 120      F4709FA3 
 120      B9B4A1
 121 03b0 E675AB90 		.ascii	"\346u\253\220S\255\316B:k\021\233uD.\344M\231\260\241"
 121      53ADCE42 
 121      3A6B119B 
 121      75442EE4 
 121      4D99B0A1 
 122 03c4 AB486729 		.ascii	"\253Hg)l&=,\217\246Rr\322\034\337\2255\262\372.=9\234"
 122      6C263D2C 
 122      8FA65272 
 122      D21CDF95 
 122      35B2FA2E 
 123 03db 96F7849F 		.ascii	"\226\367\204\237\014Gd\3077y\274\375\351l*S\320t9oi"
 123      0C4764C7 
 123      3779BCFD 
 123      E96C2A53 
 123      D074396F 
 124 03f0 049A78F5 		.ascii	"\004\232x\365\217\033\232n\006\014\353XN7;\214|N\327"
 124      8F1B9A6E 
 124      060CEB58 
 124      4E373B8C 
 124      7C4ED7
 125 0403 35D39F2B 		.ascii	"5\323\237+\3444\323gh\346\206\344\210\231\241j,\220"
 125      E434D367 
 125      68E686E4 
 125      8899A16A 
 125      2C90
 126 0415 D8DF9FB4 		.ascii	"\330\337\237\264\222\201\304\263\374\325\307_\375\374"
 126      9281C4B3 
ARM GAS  /tmp/ccOW4hJu.s 			page 9


 126      FCD5C75F 
 126      FDFC
 127 0423 35405FC1 		.ascii	"5@_\301\304\376x\237\221\035I\217\366\320ei\372H\262"
 127      C4FE789F 
 127      911D498F 
 127      F6D06569 
 127      FA48B2
 128 0436 90B1D414 		.ascii	"\220\261\324\0243=\0246\015\215\014\012\327v\375\015"
 128      333D1436 
 128      0D8D0C0A 
 128      D776FD0D 
 129 0446 E2E9848B 		.ascii	"\342\351\204\213"
 130              		.text
 131              		.section	.gnu.lto_.symtab.ec7677a9596803c1,"",%progbits
 132 0000 5F5F6561 		.ascii	"__early_init\000\000\000\000\000\000\000\000\000\000"
 132      726C795F 
 132      696E6974 
 132      00000000 
 132      00000000 
 133 0016 0000A000 		.ascii	"\000\000\240\000\000\000boardInit\000\000\000\000\000"
 133      0000626F 
 133      61726449 
 133      6E697400 
 133      00000000 
 134 002a 00000000 		.ascii	"\000\000\000\000\000\000\000\245\000\000\000stm32_c"
 134      000000A5 
 134      00000073 
 134      746D3332 
 134      5F63
 135 003c 6C6F636B 		.ascii	"lock_init\000\000\002\000\000\000\000\000\000\000\000"
 135      5F696E69 
 135      74000002 
 135      00000000 
 135      00000000 
 136 0050 00A80000 		.ascii	"\000\250\000\000\000pal_default_config\000\000\000\000"
 136      0070616C 
 136      5F646566 
 136      61756C74 
 136      5F636F6E 
 137 006b 00000000 		.ascii	"\000\000\000\000\000\000\000\000\252\000\000\000"
 137      00000000 
 137      AA000000 
 138              		.text
 139              		.section	.gnu.lto_.opts,"",%progbits
 140 0000 272D6D63 		.ascii	"'-mcpu=cortex-m4''-mno-thumb-interwork''-mthumb''-g"
 140      70753D63 
 140      6F727465 
 140      782D6D34 
 140      27272D6D 
 141 0033 67646227 		.ascii	"gdb''-O2''-fomit-frame-pointer''-falign-functions=1"
 141      272D4F32 
 141      27272D66 
 141      6F6D6974 
 141      2D667261 
 142 0066 3627272D 		.ascii	"6''-ffunction-sections''-fdata-sections''-fno-commo"
 142      6666756E 
 142      6374696F 
ARM GAS  /tmp/ccOW4hJu.s 			page 10


 142      6E2D7365 
 142      6374696F 
 143 0099 6E27272D 		.ascii	"n''-flto'\000"
 143      666C746F 
 143      2700
 144              		.text
 145              		.cfi_sections	.debug_frame
 146              		.section	.text.__early_init,"ax",%progbits
 147              		.align	2
 148              		.p2align 4,,15
 149              		.global	__early_init
 150              		.thumb
 151              		.thumb_func
 152              		.type	__early_init, %function
 153              	__early_init:
 154              	.LFB272:
 155              		.file 1 "../../../os/hal/boards/ST_NUCLEO_F302R8/board.c"
 156              		.loc 1 75 0
 157              		.cfi_startproc
 158              		@ args = 0, pretend = 0, frame = 0
 159              		@ frame_needed = 0, uses_anonymous_args = 0
 160              		@ link register save eliminated.
 161              		.loc 1 78 0
 162              		.loc 1 77 0
 163 0000 FFF7FEBF 		b	stm32_clock_init
 164              	.LVL0:
 165              		.cfi_endproc
 166              	.LFE272:
 167              		.size	__early_init, .-__early_init
 168 0004 AFF30080 		.section	.text.boardInit,"ax",%progbits
 168      AFF30080 
 168      AFF30080 
 169              		.align	2
 170              		.p2align 4,,15
 171              		.global	boardInit
 172              		.thumb
 173              		.thumb_func
 174              		.type	boardInit, %function
 175              	boardInit:
 176              	.LFB273:
 177              		.loc 1 128 0
 178              		.cfi_startproc
 179              		@ args = 0, pretend = 0, frame = 0
 180              		@ frame_needed = 0, uses_anonymous_args = 0
 181              		@ link register save eliminated.
 182 0000 7047     		bx	lr
 183              		.cfi_endproc
 184              	.LFE273:
 185              		.size	boardInit, .-boardInit
 186              		.global	pal_default_config
 187 0002 00BFAFF3 		.section	.rodata.pal_default_config,"a",%progbits
 187      0080AFF3 
 187      0080AFF3 
 187      0080
 188              		.align	2
 189              		.type	pal_default_config, %object
 190              		.size	pal_default_config, 140
ARM GAS  /tmp/ccOW4hJu.s 			page 11


 191              	pal_default_config:
 192 0000 A0000028 		.word	671088800
 193 0004 00000000 		.word	0
 194 0008 5FF7FFFF 		.word	-2209
 195 000c 05555565 		.word	1700091141
 196 0010 DFFF0000 		.word	65503
 197 0014 00770000 		.word	30464
 198 0018 00000000 		.word	0
 199 001c 80000004 		.word	67108992
 200 0020 00000000 		.word	0
 201 0024 FFFFFFFF 		.word	-1
 202 0028 55555551 		.word	1364546901
 203 002c FFFF0000 		.word	65535
 204 0030 00000000 		.word	0
 205 0034 00000000 		.word	0
 206 0038 00000000 		.word	0
 207 003c 00000000 		.word	0
 208 0040 FFFFFFFF 		.word	-1
 209 0044 55555551 		.word	1364546901
 210 0048 FFFF0000 		.word	65535
 211 004c 00000000 		.word	0
 212 0050 00000000 		.word	0
 213 0054 00000000 		.word	0
 214 0058 00000000 		.word	0
 215 005c FFFFFFFF 		.word	-1
 216 0060 55555555 		.word	1431655765
 217 0064 FFFF0000 		.word	65535
 218 0068 00000000 		.word	0
 219 006c 00000000 		.word	0
 220 0070 00000000 		.word	0
 221 0074 00000000 		.word	0
 222 0078 FFFFFFFF 		.word	-1
 223 007c 55555555 		.word	1431655765
 224 0080 FFFF0000 		.word	65535
 225 0084 00000000 		.word	0
 226 0088 00000000 		.word	0
 227              		.text
 228              	.Letext0:
 229              		.file 2 "/usr/local/bin/../lib/gcc/arm-none-eabi/4.7.2/include/stddef.h"
 230              		.file 3 "/usr/local/bin/../lib/gcc/arm-none-eabi/4.7.2/../../../../arm-none-eabi/include/stdint.h"
 231              		.file 4 "../../../os/rt/ports/ARMCMx/compilers/GCC/chtypes.h"
 232              		.file 5 "../../../os/rt/include/chsystypes.h"
 233              		.file 6 "../../../os/rt/include/chschd.h"
 234              		.file 7 "../../../os/rt/ports/ARMCMx/chcore.h"
 235              		.file 8 "../../../os/rt/ports/ARMCMx/chcore_v7m.h"
 236              		.file 9 "../../../os/rt/include/chtm.h"
 237              		.file 10 "../../../os/rt/include/chsem.h"
 238              		.file 11 "../../../os/rt/include/chmtx.h"
 239              		.file 12 "../../../os/hal/ports/STM32/LLD/GPIOv2/pal_lld.h"
 240              		.file 13 "../../../os/ext/CMSIS/include/core_cm4.h"
 241              		.file 14 "../../../os/hal/ports/STM32/STM32F3xx/hal_lld.h"
 242              		.section	.debug_info,"",%progbits
 243              	.Ldebug_info0:
 244 0000 C9070000 		.4byte	0x7c9
 245 0004 0200     		.2byte	0x2
 246 0006 00000000 		.4byte	.Ldebug_abbrev0
 247 000a 04       		.byte	0x4
ARM GAS  /tmp/ccOW4hJu.s 			page 12


 248 000b 01       		.uleb128 0x1
 249 000c E8020000 		.4byte	.LASF114
 250 0010 01       		.byte	0x1
 251 0011 A3040000 		.4byte	.LASF115
 252 0015 10010000 		.4byte	.LASF116
 253 0019 00000000 		.4byte	.Ldebug_ranges0+0
 254 001d 00000000 		.4byte	0
 255 0021 00000000 		.4byte	0
 256 0025 00000000 		.4byte	.Ldebug_line0
 257 0029 02       		.uleb128 0x2
 258 002a 04       		.byte	0x4
 259 002b 05       		.byte	0x5
 260 002c 696E7400 		.ascii	"int\000"
 261 0030 03       		.uleb128 0x3
 262 0031 20000000 		.4byte	.LASF2
 263 0035 02       		.byte	0x2
 264 0036 D5       		.byte	0xd5
 265 0037 3B000000 		.4byte	0x3b
 266 003b 04       		.uleb128 0x4
 267 003c 04       		.byte	0x4
 268 003d 07       		.byte	0x7
 269 003e CE010000 		.4byte	.LASF0
 270 0042 04       		.uleb128 0x4
 271 0043 01       		.byte	0x1
 272 0044 06       		.byte	0x6
 273 0045 CC000000 		.4byte	.LASF1
 274 0049 03       		.uleb128 0x3
 275 004a 9B040000 		.4byte	.LASF3
 276 004e 03       		.byte	0x3
 277 004f 2A       		.byte	0x2a
 278 0050 54000000 		.4byte	0x54
 279 0054 04       		.uleb128 0x4
 280 0055 01       		.byte	0x1
 281 0056 08       		.byte	0x8
 282 0057 4B030000 		.4byte	.LASF4
 283 005b 04       		.uleb128 0x4
 284 005c 02       		.byte	0x2
 285 005d 05       		.byte	0x5
 286 005e 6E030000 		.4byte	.LASF5
 287 0062 04       		.uleb128 0x4
 288 0063 02       		.byte	0x2
 289 0064 07       		.byte	0x7
 290 0065 11020000 		.4byte	.LASF6
 291 0069 03       		.uleb128 0x3
 292 006a 43030000 		.4byte	.LASF7
 293 006e 03       		.byte	0x3
 294 006f 4F       		.byte	0x4f
 295 0070 74000000 		.4byte	0x74
 296 0074 04       		.uleb128 0x4
 297 0075 04       		.byte	0x4
 298 0076 05       		.byte	0x5
 299 0077 FE000000 		.4byte	.LASF8
 300 007b 03       		.uleb128 0x3
 301 007c D7030000 		.4byte	.LASF9
 302 0080 03       		.byte	0x3
 303 0081 50       		.byte	0x50
 304 0082 86000000 		.4byte	0x86
ARM GAS  /tmp/ccOW4hJu.s 			page 13


 305 0086 04       		.uleb128 0x4
 306 0087 04       		.byte	0x4
 307 0088 07       		.byte	0x7
 308 0089 08040000 		.4byte	.LASF10
 309 008d 04       		.uleb128 0x4
 310 008e 08       		.byte	0x8
 311 008f 05       		.byte	0x5
 312 0090 BE000000 		.4byte	.LASF11
 313 0094 03       		.uleb128 0x3
 314 0095 2E000000 		.4byte	.LASF12
 315 0099 03       		.byte	0x3
 316 009a 78       		.byte	0x78
 317 009b 9F000000 		.4byte	0x9f
 318 009f 04       		.uleb128 0x4
 319 00a0 08       		.byte	0x8
 320 00a1 07       		.byte	0x7
 321 00a2 52000000 		.4byte	.LASF13
 322 00a6 03       		.uleb128 0x3
 323 00a7 66040000 		.4byte	.LASF14
 324 00ab 04       		.byte	0x4
 325 00ac 39       		.byte	0x39
 326 00ad 7B000000 		.4byte	0x7b
 327 00b1 03       		.uleb128 0x3
 328 00b2 47020000 		.4byte	.LASF15
 329 00b6 04       		.byte	0x4
 330 00b7 3C       		.byte	0x3c
 331 00b8 49000000 		.4byte	0x49
 332 00bc 03       		.uleb128 0x3
 333 00bd 07010000 		.4byte	.LASF16
 334 00c1 04       		.byte	0x4
 335 00c2 3D       		.byte	0x3d
 336 00c3 49000000 		.4byte	0x49
 337 00c7 03       		.uleb128 0x3
 338 00c8 06030000 		.4byte	.LASF17
 339 00cc 04       		.byte	0x4
 340 00cd 3E       		.byte	0x3e
 341 00ce 49000000 		.4byte	0x49
 342 00d2 03       		.uleb128 0x3
 343 00d3 25030000 		.4byte	.LASF18
 344 00d7 04       		.byte	0x4
 345 00d8 40       		.byte	0x40
 346 00d9 7B000000 		.4byte	0x7b
 347 00dd 03       		.uleb128 0x3
 348 00de 35020000 		.4byte	.LASF19
 349 00e2 04       		.byte	0x4
 350 00e3 41       		.byte	0x41
 351 00e4 69000000 		.4byte	0x69
 352 00e8 03       		.uleb128 0x3
 353 00e9 5D020000 		.4byte	.LASF20
 354 00ed 04       		.byte	0x4
 355 00ee 43       		.byte	0x43
 356 00ef 7B000000 		.4byte	0x7b
 357 00f3 03       		.uleb128 0x3
 358 00f4 C8010000 		.4byte	.LASF21
 359 00f8 04       		.byte	0x4
 360 00f9 45       		.byte	0x45
 361 00fa 69000000 		.4byte	0x69
ARM GAS  /tmp/ccOW4hJu.s 			page 14


 362 00fe 03       		.uleb128 0x3
 363 00ff 2F040000 		.4byte	.LASF22
 364 0103 05       		.byte	0x5
 365 0104 33       		.byte	0x33
 366 0105 7B000000 		.4byte	0x7b
 367 0109 03       		.uleb128 0x3
 368 010a 1F040000 		.4byte	.LASF23
 369 010e 05       		.byte	0x5
 370 010f 3F       		.byte	0x3f
 371 0110 14010000 		.4byte	0x114
 372 0114 05       		.uleb128 0x5
 373 0115 2B020000 		.4byte	.LASF43
 374 0119 44       		.byte	0x44
 375 011a 06       		.byte	0x6
 376 011b C2       		.byte	0xc2
 377 011c 25020000 		.4byte	0x225
 378 0120 06       		.uleb128 0x6
 379 0121 9F030000 		.4byte	.LASF24
 380 0125 06       		.byte	0x6
 381 0126 C3       		.byte	0xc3
 382 0127 30020000 		.4byte	0x230
 383 012b 02       		.byte	0x2
 384 012c 23       		.byte	0x23
 385 012d 00       		.uleb128 0
 386 012e 06       		.uleb128 0x6
 387 012f 1E030000 		.4byte	.LASF25
 388 0133 06       		.byte	0x6
 389 0134 C5       		.byte	0xc5
 390 0135 30020000 		.4byte	0x230
 391 0139 02       		.byte	0x2
 392 013a 23       		.byte	0x23
 393 013b 04       		.uleb128 0x4
 394 013c 06       		.uleb128 0x6
 395 013d B7000000 		.4byte	.LASF26
 396 0141 06       		.byte	0x6
 397 0142 C7       		.byte	0xc7
 398 0143 D2000000 		.4byte	0xd2
 399 0147 02       		.byte	0x2
 400 0148 23       		.byte	0x23
 401 0149 08       		.uleb128 0x8
 402 014a 06       		.uleb128 0x6
 403 014b 22050000 		.4byte	.LASF27
 404 014f 06       		.byte	0x6
 405 0150 C8       		.byte	0xc8
 406 0151 93040000 		.4byte	0x493
 407 0155 02       		.byte	0x2
 408 0156 23       		.byte	0x23
 409 0157 0C       		.uleb128 0xc
 410 0158 06       		.uleb128 0x6
 411 0159 69010000 		.4byte	.LASF28
 412 015d 06       		.byte	0x6
 413 015e CA       		.byte	0xca
 414 015f 30020000 		.4byte	0x230
 415 0163 02       		.byte	0x2
 416 0164 23       		.byte	0x23
 417 0165 10       		.uleb128 0x10
 418 0166 06       		.uleb128 0x6
ARM GAS  /tmp/ccOW4hJu.s 			page 15


 419 0167 C4020000 		.4byte	.LASF29
 420 016b 06       		.byte	0x6
 421 016c CB       		.byte	0xcb
 422 016d 30020000 		.4byte	0x230
 423 0171 02       		.byte	0x2
 424 0172 23       		.byte	0x23
 425 0173 14       		.uleb128 0x14
 426 0174 06       		.uleb128 0x6
 427 0175 DA040000 		.4byte	.LASF30
 428 0179 06       		.byte	0x6
 429 017a D2       		.byte	0xd2
 430 017b 32060000 		.4byte	0x632
 431 017f 02       		.byte	0x2
 432 0180 23       		.byte	0x23
 433 0181 18       		.uleb128 0x18
 434 0182 06       		.uleb128 0x6
 435 0183 78030000 		.4byte	.LASF31
 436 0187 06       		.byte	0x6
 437 0188 DD       		.byte	0xdd
 438 0189 BC000000 		.4byte	0xbc
 439 018d 02       		.byte	0x2
 440 018e 23       		.byte	0x23
 441 018f 1C       		.uleb128 0x1c
 442 0190 06       		.uleb128 0x6
 443 0191 A6030000 		.4byte	.LASF32
 444 0195 06       		.byte	0x6
 445 0196 E1       		.byte	0xe1
 446 0197 B1000000 		.4byte	0xb1
 447 019b 02       		.byte	0x2
 448 019c 23       		.byte	0x23
 449 019d 1D       		.uleb128 0x1d
 450 019e 06       		.uleb128 0x6
 451 019f 8E040000 		.4byte	.LASF33
 452 01a3 06       		.byte	0x6
 453 01a4 E6       		.byte	0xe6
 454 01a5 C7000000 		.4byte	0xc7
 455 01a9 02       		.byte	0x2
 456 01aa 23       		.byte	0x23
 457 01ab 1E       		.uleb128 0x1e
 458 01ac 07       		.uleb128 0x7
 459 01ad 705F7500 		.ascii	"p_u\000"
 460 01b1 06       		.byte	0x6
 461 01b2 3101     		.2byte	0x131
 462 01b4 63050000 		.4byte	0x563
 463 01b8 02       		.byte	0x2
 464 01b9 23       		.byte	0x23
 465 01ba 20       		.uleb128 0x20
 466 01bb 08       		.uleb128 0x8
 467 01bc 74020000 		.4byte	.LASF34
 468 01c0 06       		.byte	0x6
 469 01c1 3601     		.2byte	0x136
 470 01c3 36020000 		.4byte	0x236
 471 01c7 02       		.byte	0x2
 472 01c8 23       		.byte	0x23
 473 01c9 24       		.uleb128 0x24
 474 01ca 08       		.uleb128 0x8
 475 01cb EA010000 		.4byte	.LASF35
ARM GAS  /tmp/ccOW4hJu.s 			page 16


 476 01cf 06       		.byte	0x6
 477 01d0 3C01     		.2byte	0x13c
 478 01d2 5C020000 		.4byte	0x25c
 479 01d6 02       		.byte	0x2
 480 01d7 23       		.byte	0x23
 481 01d8 28       		.uleb128 0x28
 482 01d9 08       		.uleb128 0x8
 483 01da F7040000 		.4byte	.LASF36
 484 01de 06       		.byte	0x6
 485 01df 4001     		.2byte	0x140
 486 01e1 DD000000 		.4byte	0xdd
 487 01e5 02       		.byte	0x2
 488 01e6 23       		.byte	0x23
 489 01e7 30       		.uleb128 0x30
 490 01e8 08       		.uleb128 0x8
 491 01e9 CC030000 		.4byte	.LASF37
 492 01ed 06       		.byte	0x6
 493 01ee 4601     		.2byte	0x146
 494 01f0 E8000000 		.4byte	0xe8
 495 01f4 02       		.byte	0x2
 496 01f5 23       		.byte	0x23
 497 01f6 34       		.uleb128 0x34
 498 01f7 08       		.uleb128 0x8
 499 01f8 64030000 		.4byte	.LASF38
 500 01fc 06       		.byte	0x6
 501 01fd 4D01     		.2byte	0x14d
 502 01ff 2C060000 		.4byte	0x62c
 503 0203 02       		.byte	0x2
 504 0204 23       		.byte	0x23
 505 0205 38       		.uleb128 0x38
 506 0206 08       		.uleb128 0x8
 507 0207 39040000 		.4byte	.LASF39
 508 020b 06       		.byte	0x6
 509 020c 5101     		.2byte	0x151
 510 020e D2000000 		.4byte	0xd2
 511 0212 02       		.byte	0x2
 512 0213 23       		.byte	0x23
 513 0214 3C       		.uleb128 0x3c
 514 0215 08       		.uleb128 0x8
 515 0216 D8000000 		.4byte	.LASF40
 516 021a 06       		.byte	0x6
 517 021b 5801     		.2byte	0x158
 518 021d 20030000 		.4byte	0x320
 519 0221 02       		.byte	0x2
 520 0222 23       		.byte	0x23
 521 0223 40       		.uleb128 0x40
 522 0224 00       		.byte	0
 523 0225 03       		.uleb128 0x3
 524 0226 87020000 		.4byte	.LASF41
 525 022a 05       		.byte	0x5
 526 022b 44       		.byte	0x44
 527 022c 30020000 		.4byte	0x230
 528 0230 09       		.uleb128 0x9
 529 0231 04       		.byte	0x4
 530 0232 09010000 		.4byte	0x109
 531 0236 03       		.uleb128 0x3
 532 0237 E8040000 		.4byte	.LASF42
ARM GAS  /tmp/ccOW4hJu.s 			page 17


 533 023b 05       		.byte	0x5
 534 023c 49       		.byte	0x49
 535 023d 41020000 		.4byte	0x241
 536 0241 05       		.uleb128 0x5
 537 0242 F8030000 		.4byte	.LASF44
 538 0246 04       		.byte	0x4
 539 0247 06       		.byte	0x6
 540 0248 B0       		.byte	0xb0
 541 0249 5C020000 		.4byte	0x25c
 542 024d 06       		.uleb128 0x6
 543 024e 9F030000 		.4byte	.LASF24
 544 0252 06       		.byte	0x6
 545 0253 B1       		.byte	0xb1
 546 0254 30020000 		.4byte	0x230
 547 0258 02       		.byte	0x2
 548 0259 23       		.byte	0x23
 549 025a 00       		.uleb128 0
 550 025b 00       		.byte	0
 551 025c 03       		.uleb128 0x3
 552 025d 75040000 		.4byte	.LASF45
 553 0261 05       		.byte	0x5
 554 0262 50       		.byte	0x50
 555 0263 67020000 		.4byte	0x267
 556 0267 05       		.uleb128 0x5
 557 0268 A6000000 		.4byte	.LASF46
 558 026c 08       		.byte	0x8
 559 026d 06       		.byte	0x6
 560 026e B7       		.byte	0xb7
 561 026f 90020000 		.4byte	0x290
 562 0273 06       		.uleb128 0x6
 563 0274 9F030000 		.4byte	.LASF24
 564 0278 06       		.byte	0x6
 565 0279 B8       		.byte	0xb8
 566 027a 30020000 		.4byte	0x230
 567 027e 02       		.byte	0x2
 568 027f 23       		.byte	0x23
 569 0280 00       		.uleb128 0
 570 0281 06       		.uleb128 0x6
 571 0282 1E030000 		.4byte	.LASF25
 572 0286 06       		.byte	0x6
 573 0287 B9       		.byte	0xb9
 574 0288 30020000 		.4byte	0x230
 575 028c 02       		.byte	0x2
 576 028d 23       		.byte	0x23
 577 028e 04       		.uleb128 0x4
 578 028f 00       		.byte	0
 579 0290 03       		.uleb128 0x3
 580 0291 13000000 		.4byte	.LASF47
 581 0295 05       		.byte	0x5
 582 0296 57       		.byte	0x57
 583 0297 9B020000 		.4byte	0x29b
 584 029b 0A       		.uleb128 0xa
 585 029c 4F020000 		.4byte	.LASF48
 586 02a0 1C       		.byte	0x1c
 587 02a1 06       		.byte	0x6
 588 02a2 9001     		.2byte	0x190
 589 02a4 03030000 		.4byte	0x303
ARM GAS  /tmp/ccOW4hJu.s 			page 18


 590 02a8 08       		.uleb128 0x8
 591 02a9 E7030000 		.4byte	.LASF49
 592 02ad 06       		.byte	0x6
 593 02ae 9101     		.2byte	0x191
 594 02b0 5C020000 		.4byte	0x25c
 595 02b4 02       		.byte	0x2
 596 02b5 23       		.byte	0x23
 597 02b6 00       		.uleb128 0
 598 02b7 08       		.uleb128 0x8
 599 02b8 8A030000 		.4byte	.LASF50
 600 02bc 06       		.byte	0x6
 601 02bd 9201     		.2byte	0x192
 602 02bf D2000000 		.4byte	0xd2
 603 02c3 02       		.byte	0x2
 604 02c4 23       		.byte	0x23
 605 02c5 08       		.uleb128 0x8
 606 02c6 08       		.uleb128 0x8
 607 02c7 CC020000 		.4byte	.LASF51
 608 02cb 06       		.byte	0x6
 609 02cc 9401     		.2byte	0x194
 610 02ce 93040000 		.4byte	0x493
 611 02d2 02       		.byte	0x2
 612 02d3 23       		.byte	0x23
 613 02d4 0C       		.uleb128 0xc
 614 02d5 08       		.uleb128 0x8
 615 02d6 79010000 		.4byte	.LASF52
 616 02da 06       		.byte	0x6
 617 02db 9701     		.2byte	0x197
 618 02dd 30020000 		.4byte	0x230
 619 02e1 02       		.byte	0x2
 620 02e2 23       		.byte	0x23
 621 02e3 10       		.uleb128 0x10
 622 02e4 08       		.uleb128 0x8
 623 02e5 FE020000 		.4byte	.LASF53
 624 02e9 06       		.byte	0x6
 625 02ea 9801     		.2byte	0x198
 626 02ec 30020000 		.4byte	0x230
 627 02f0 02       		.byte	0x2
 628 02f1 23       		.byte	0x23
 629 02f2 14       		.uleb128 0x14
 630 02f3 08       		.uleb128 0x8
 631 02f4 F4020000 		.4byte	.LASF54
 632 02f8 06       		.byte	0x6
 633 02f9 9B01     		.2byte	0x19b
 634 02fb 30020000 		.4byte	0x230
 635 02ff 02       		.byte	0x2
 636 0300 23       		.byte	0x23
 637 0301 18       		.uleb128 0x18
 638 0302 00       		.byte	0
 639 0303 03       		.uleb128 0x3
 640 0304 44040000 		.4byte	.LASF55
 641 0308 05       		.byte	0x5
 642 0309 5C       		.byte	0x5c
 643 030a 0E030000 		.4byte	0x30e
 644 030e 09       		.uleb128 0x9
 645 030f 04       		.byte	0x4
 646 0310 14030000 		.4byte	0x314
ARM GAS  /tmp/ccOW4hJu.s 			page 19


 647 0314 0B       		.uleb128 0xb
 648 0315 01       		.byte	0x1
 649 0316 20030000 		.4byte	0x320
 650 031a 0C       		.uleb128 0xc
 651 031b 20030000 		.4byte	0x320
 652 031f 00       		.byte	0
 653 0320 0D       		.uleb128 0xd
 654 0321 04       		.byte	0x4
 655 0322 03       		.uleb128 0x3
 656 0323 0E030000 		.4byte	.LASF56
 657 0327 05       		.byte	0x5
 658 0328 61       		.byte	0x61
 659 0329 2D030000 		.4byte	0x32d
 660 032d 0A       		.uleb128 0xa
 661 032e AE030000 		.4byte	.LASF57
 662 0332 14       		.byte	0x14
 663 0333 06       		.byte	0x6
 664 0334 6B01     		.2byte	0x16b
 665 0336 86030000 		.4byte	0x386
 666 033a 08       		.uleb128 0x8
 667 033b DB010000 		.4byte	.LASF58
 668 033f 06       		.byte	0x6
 669 0340 6C01     		.2byte	0x16c
 670 0342 44060000 		.4byte	0x644
 671 0346 02       		.byte	0x2
 672 0347 23       		.byte	0x23
 673 0348 00       		.uleb128 0
 674 0349 08       		.uleb128 0x8
 675 034a 8A010000 		.4byte	.LASF59
 676 034e 06       		.byte	0x6
 677 034f 6D01     		.2byte	0x16d
 678 0351 44060000 		.4byte	0x644
 679 0355 02       		.byte	0x2
 680 0356 23       		.byte	0x23
 681 0357 04       		.uleb128 0x4
 682 0358 08       		.uleb128 0x8
 683 0359 EF030000 		.4byte	.LASF60
 684 035d 06       		.byte	0x6
 685 035e 6E01     		.2byte	0x16e
 686 0360 FE000000 		.4byte	0xfe
 687 0364 02       		.byte	0x2
 688 0365 23       		.byte	0x23
 689 0366 08       		.uleb128 0x8
 690 0367 08       		.uleb128 0x8
 691 0368 28050000 		.4byte	.LASF61
 692 036c 06       		.byte	0x6
 693 036d 6F01     		.2byte	0x16f
 694 036f 03030000 		.4byte	0x303
 695 0373 02       		.byte	0x2
 696 0374 23       		.byte	0x23
 697 0375 0C       		.uleb128 0xc
 698 0376 08       		.uleb128 0x8
 699 0377 6E040000 		.4byte	.LASF62
 700 037b 06       		.byte	0x6
 701 037c 7101     		.2byte	0x171
 702 037e 20030000 		.4byte	0x320
 703 0382 02       		.byte	0x2
ARM GAS  /tmp/ccOW4hJu.s 			page 20


 704 0383 23       		.byte	0x23
 705 0384 10       		.uleb128 0x10
 706 0385 00       		.byte	0
 707 0386 03       		.uleb128 0x3
 708 0387 83000000 		.4byte	.LASF63
 709 038b 05       		.byte	0x5
 710 038c 66       		.byte	0x66
 711 038d 91030000 		.4byte	0x391
 712 0391 0A       		.uleb128 0xa
 713 0392 9A020000 		.4byte	.LASF64
 714 0396 10       		.byte	0x10
 715 0397 06       		.byte	0x6
 716 0398 7B01     		.2byte	0x17b
 717 039a DB030000 		.4byte	0x3db
 718 039e 08       		.uleb128 0x8
 719 039f DB010000 		.4byte	.LASF58
 720 03a3 06       		.byte	0x6
 721 03a4 7C01     		.2byte	0x17c
 722 03a6 44060000 		.4byte	0x644
 723 03aa 02       		.byte	0x2
 724 03ab 23       		.byte	0x23
 725 03ac 00       		.uleb128 0
 726 03ad 08       		.uleb128 0x8
 727 03ae 8A010000 		.4byte	.LASF59
 728 03b2 06       		.byte	0x6
 729 03b3 7E01     		.2byte	0x17e
 730 03b5 44060000 		.4byte	0x644
 731 03b9 02       		.byte	0x2
 732 03ba 23       		.byte	0x23
 733 03bb 04       		.uleb128 0x4
 734 03bc 08       		.uleb128 0x8
 735 03bd EF030000 		.4byte	.LASF60
 736 03c1 06       		.byte	0x6
 737 03c2 8001     		.2byte	0x180
 738 03c4 FE000000 		.4byte	0xfe
 739 03c8 02       		.byte	0x2
 740 03c9 23       		.byte	0x23
 741 03ca 08       		.uleb128 0x8
 742 03cb 08       		.uleb128 0x8
 743 03cc B8020000 		.4byte	.LASF65
 744 03d0 06       		.byte	0x6
 745 03d1 8801     		.2byte	0x188
 746 03d3 FE000000 		.4byte	0xfe
 747 03d7 02       		.byte	0x2
 748 03d8 23       		.byte	0x23
 749 03d9 0C       		.uleb128 0xc
 750 03da 00       		.byte	0
 751 03db 03       		.uleb128 0x3
 752 03dc 43000000 		.4byte	.LASF66
 753 03e0 05       		.byte	0x5
 754 03e1 6B       		.byte	0x6b
 755 03e2 E6030000 		.4byte	0x3e6
 756 03e6 0A       		.uleb128 0xa
 757 03e7 2D030000 		.4byte	.LASF67
 758 03eb 04       		.byte	0x4
 759 03ec 06       		.byte	0x6
 760 03ed A201     		.2byte	0x1a2
ARM GAS  /tmp/ccOW4hJu.s 			page 21


 761 03ef 03040000 		.4byte	0x403
 762 03f3 08       		.uleb128 0x8
 763 03f4 4D040000 		.4byte	.LASF68
 764 03f8 06       		.byte	0x6
 765 03f9 AA01     		.2byte	0x1aa
 766 03fb 4A060000 		.4byte	0x64a
 767 03ff 02       		.byte	0x2
 768 0400 23       		.byte	0x23
 769 0401 00       		.uleb128 0
 770 0402 00       		.byte	0
 771 0403 03       		.uleb128 0x3
 772 0404 3B020000 		.4byte	.LASF69
 773 0408 05       		.byte	0x5
 774 0409 70       		.byte	0x70
 775 040a 0E040000 		.4byte	0x40e
 776 040e 0E       		.uleb128 0xe
 777 040f F4000000 		.4byte	.LASF70
 778 0413 5001     		.2byte	0x150
 779 0415 06       		.byte	0x6
 780 0416 C201     		.2byte	0x1c2
 781 0418 76040000 		.4byte	0x476
 782 041c 08       		.uleb128 0x8
 783 041d 95040000 		.4byte	.LASF71
 784 0421 06       		.byte	0x6
 785 0422 C601     		.2byte	0x1c6
 786 0424 90020000 		.4byte	0x290
 787 0428 02       		.byte	0x2
 788 0429 23       		.byte	0x23
 789 042a 00       		.uleb128 0
 790 042b 08       		.uleb128 0x8
 791 042c 92010000 		.4byte	.LASF72
 792 0430 06       		.byte	0x6
 793 0431 CA01     		.2byte	0x1ca
 794 0433 86030000 		.4byte	0x386
 795 0437 02       		.byte	0x2
 796 0438 23       		.byte	0x23
 797 0439 1C       		.uleb128 0x1c
 798 043a 07       		.uleb128 0x7
 799 043b 64626700 		.ascii	"dbg\000"
 800 043f 06       		.byte	0x6
 801 0440 CE01     		.2byte	0x1ce
 802 0442 DB030000 		.4byte	0x3db
 803 0446 02       		.byte	0x2
 804 0447 23       		.byte	0x23
 805 0448 2C       		.uleb128 0x2c
 806 0449 08       		.uleb128 0x8
 807 044a 78000000 		.4byte	.LASF73
 808 044e 06       		.byte	0x6
 809 044f D201     		.2byte	0x1d2
 810 0451 09010000 		.4byte	0x109
 811 0455 02       		.byte	0x2
 812 0456 23       		.byte	0x23
 813 0457 30       		.uleb128 0x30
 814 0458 07       		.uleb128 0x7
 815 0459 746D00   		.ascii	"tm\000"
 816 045c 06       		.byte	0x6
 817 045d D701     		.2byte	0x1d7
ARM GAS  /tmp/ccOW4hJu.s 			page 22


 818 045f 58050000 		.4byte	0x558
 819 0463 02       		.byte	0x2
 820 0464 23       		.byte	0x23
 821 0465 74       		.uleb128 0x74
 822 0466 08       		.uleb128 0x8
 823 0467 B9010000 		.4byte	.LASF74
 824 046b 06       		.byte	0x6
 825 046c E301     		.2byte	0x1e3
 826 046e 4F060000 		.4byte	0x64f
 827 0472 02       		.byte	0x2
 828 0473 23       		.byte	0x23
 829 0474 78       		.uleb128 0x78
 830 0475 00       		.byte	0
 831 0476 04       		.uleb128 0x4
 832 0477 04       		.byte	0x4
 833 0478 07       		.byte	0x7
 834 0479 7E020000 		.4byte	.LASF75
 835 047d 03       		.uleb128 0x3
 836 047e 81010000 		.4byte	.LASF76
 837 0482 07       		.byte	0x7
 838 0483 65       		.byte	0x65
 839 0484 20030000 		.4byte	0x320
 840 0488 03       		.uleb128 0x3
 841 0489 69020000 		.4byte	.LASF77
 842 048d 07       		.byte	0x7
 843 048e 6D       		.byte	0x6d
 844 048f 94000000 		.4byte	0x94
 845 0493 05       		.uleb128 0x5
 846 0494 5E040000 		.4byte	.LASF78
 847 0498 04       		.byte	0x4
 848 0499 07       		.byte	0x7
 849 049a 89       		.byte	0x89
 850 049b AE040000 		.4byte	0x4ae
 851 049f 0F       		.uleb128 0xf
 852 04a0 72313300 		.ascii	"r13\000"
 853 04a4 07       		.byte	0x7
 854 04a5 8A       		.byte	0x8a
 855 04a6 3B050000 		.4byte	0x53b
 856 04aa 02       		.byte	0x2
 857 04ab 23       		.byte	0x23
 858 04ac 00       		.uleb128 0
 859 04ad 00       		.byte	0
 860 04ae 05       		.uleb128 0x5
 861 04af 37000000 		.4byte	.LASF79
 862 04b3 24       		.byte	0x24
 863 04b4 08       		.byte	0x8
 864 04b5 FD       		.byte	0xfd
 865 04b6 3B050000 		.4byte	0x53b
 866 04ba 07       		.uleb128 0x7
 867 04bb 723400   		.ascii	"r4\000"
 868 04be 08       		.byte	0x8
 869 04bf 1001     		.2byte	0x110
 870 04c1 7D040000 		.4byte	0x47d
 871 04c5 02       		.byte	0x2
 872 04c6 23       		.byte	0x23
 873 04c7 00       		.uleb128 0
 874 04c8 07       		.uleb128 0x7
ARM GAS  /tmp/ccOW4hJu.s 			page 23


 875 04c9 723500   		.ascii	"r5\000"
 876 04cc 08       		.byte	0x8
 877 04cd 1101     		.2byte	0x111
 878 04cf 7D040000 		.4byte	0x47d
 879 04d3 02       		.byte	0x2
 880 04d4 23       		.byte	0x23
 881 04d5 04       		.uleb128 0x4
 882 04d6 07       		.uleb128 0x7
 883 04d7 723600   		.ascii	"r6\000"
 884 04da 08       		.byte	0x8
 885 04db 1201     		.2byte	0x112
 886 04dd 7D040000 		.4byte	0x47d
 887 04e1 02       		.byte	0x2
 888 04e2 23       		.byte	0x23
 889 04e3 08       		.uleb128 0x8
 890 04e4 07       		.uleb128 0x7
 891 04e5 723700   		.ascii	"r7\000"
 892 04e8 08       		.byte	0x8
 893 04e9 1301     		.2byte	0x113
 894 04eb 7D040000 		.4byte	0x47d
 895 04ef 02       		.byte	0x2
 896 04f0 23       		.byte	0x23
 897 04f1 0C       		.uleb128 0xc
 898 04f2 07       		.uleb128 0x7
 899 04f3 723800   		.ascii	"r8\000"
 900 04f6 08       		.byte	0x8
 901 04f7 1401     		.2byte	0x114
 902 04f9 7D040000 		.4byte	0x47d
 903 04fd 02       		.byte	0x2
 904 04fe 23       		.byte	0x23
 905 04ff 10       		.uleb128 0x10
 906 0500 07       		.uleb128 0x7
 907 0501 723900   		.ascii	"r9\000"
 908 0504 08       		.byte	0x8
 909 0505 1501     		.2byte	0x115
 910 0507 7D040000 		.4byte	0x47d
 911 050b 02       		.byte	0x2
 912 050c 23       		.byte	0x23
 913 050d 14       		.uleb128 0x14
 914 050e 07       		.uleb128 0x7
 915 050f 72313000 		.ascii	"r10\000"
 916 0513 08       		.byte	0x8
 917 0514 1601     		.2byte	0x116
 918 0516 7D040000 		.4byte	0x47d
 919 051a 02       		.byte	0x2
 920 051b 23       		.byte	0x23
 921 051c 18       		.uleb128 0x18
 922 051d 07       		.uleb128 0x7
 923 051e 72313100 		.ascii	"r11\000"
 924 0522 08       		.byte	0x8
 925 0523 1701     		.2byte	0x117
 926 0525 7D040000 		.4byte	0x47d
 927 0529 02       		.byte	0x2
 928 052a 23       		.byte	0x23
 929 052b 1C       		.uleb128 0x1c
 930 052c 07       		.uleb128 0x7
 931 052d 6C7200   		.ascii	"lr\000"
ARM GAS  /tmp/ccOW4hJu.s 			page 24


 932 0530 08       		.byte	0x8
 933 0531 1801     		.2byte	0x118
 934 0533 7D040000 		.4byte	0x47d
 935 0537 02       		.byte	0x2
 936 0538 23       		.byte	0x23
 937 0539 20       		.uleb128 0x20
 938 053a 00       		.byte	0
 939 053b 09       		.uleb128 0x9
 940 053c 04       		.byte	0x4
 941 053d AE040000 		.4byte	0x4ae
 942 0541 10       		.uleb128 0x10
 943 0542 04       		.byte	0x4
 944 0543 09       		.byte	0x9
 945 0544 38       		.byte	0x38
 946 0545 58050000 		.4byte	0x558
 947 0549 06       		.uleb128 0x6
 948 054a 57040000 		.4byte	.LASF80
 949 054e 09       		.byte	0x9
 950 054f 3C       		.byte	0x3c
 951 0550 A6000000 		.4byte	0xa6
 952 0554 02       		.byte	0x2
 953 0555 23       		.byte	0x23
 954 0556 00       		.uleb128 0
 955 0557 00       		.byte	0
 956 0558 03       		.uleb128 0x3
 957 0559 D2020000 		.4byte	.LASF81
 958 055d 09       		.byte	0x9
 959 055e 3D       		.byte	0x3d
 960 055f 41050000 		.4byte	0x541
 961 0563 11       		.uleb128 0x11
 962 0564 04       		.byte	0x4
 963 0565 06       		.byte	0x6
 964 0566 FA       		.byte	0xfa
 965 0567 C0050000 		.4byte	0x5c0
 966 056b 12       		.uleb128 0x12
 967 056c 27000000 		.4byte	.LASF82
 968 0570 06       		.byte	0x6
 969 0571 0101     		.2byte	0x101
 970 0573 DD000000 		.4byte	0xdd
 971 0577 12       		.uleb128 0x12
 972 0578 6F000000 		.4byte	.LASF83
 973 057c 06       		.byte	0x6
 974 057d 0801     		.2byte	0x108
 975 057f DD000000 		.4byte	0xdd
 976 0583 12       		.uleb128 0x12
 977 0584 D3040000 		.4byte	.LASF84
 978 0588 06       		.byte	0x6
 979 0589 0F01     		.2byte	0x10f
 980 058b 20030000 		.4byte	0x320
 981 058f 12       		.uleb128 0x12
 982 0590 EE000000 		.4byte	.LASF85
 983 0594 06       		.byte	0x6
 984 0595 1601     		.2byte	0x116
 985 0597 C0050000 		.4byte	0x5c0
 986 059b 12       		.uleb128 0x12
 987 059c E3010000 		.4byte	.LASF86
 988 05a0 06       		.byte	0x6
ARM GAS  /tmp/ccOW4hJu.s 			page 25


 989 05a1 1E01     		.2byte	0x11e
 990 05a3 EF050000 		.4byte	0x5ef
 991 05a7 12       		.uleb128 0x12
 992 05a8 E0030000 		.4byte	.LASF87
 993 05ac 06       		.byte	0x6
 994 05ad 2701     		.2byte	0x127
 995 05af 2C060000 		.4byte	0x62c
 996 05b3 12       		.uleb128 0x12
 997 05b4 98030000 		.4byte	.LASF88
 998 05b8 06       		.byte	0x6
 999 05b9 2F01     		.2byte	0x12f
 1000 05bb E8000000 		.4byte	0xe8
 1001 05bf 00       		.byte	0
 1002 05c0 09       		.uleb128 0x9
 1003 05c1 04       		.byte	0x4
 1004 05c2 25020000 		.4byte	0x225
 1005 05c6 05       		.uleb128 0x5
 1006 05c7 BF030000 		.4byte	.LASF89
 1007 05cb 0C       		.byte	0xc
 1008 05cc 0A       		.byte	0xa
 1009 05cd 34       		.byte	0x34
 1010 05ce EF050000 		.4byte	0x5ef
 1011 05d2 06       		.uleb128 0x6
 1012 05d3 71010000 		.4byte	.LASF90
 1013 05d7 0A       		.byte	0xa
 1014 05d8 35       		.byte	0x35
 1015 05d9 5C020000 		.4byte	0x25c
 1016 05dd 02       		.byte	0x2
 1017 05de 23       		.byte	0x23
 1018 05df 00       		.uleb128 0
 1019 05e0 06       		.uleb128 0x6
 1020 05e1 5E030000 		.4byte	.LASF91
 1021 05e5 0A       		.byte	0xa
 1022 05e6 37       		.byte	0x37
 1023 05e7 F3000000 		.4byte	0xf3
 1024 05eb 02       		.byte	0x2
 1025 05ec 23       		.byte	0x23
 1026 05ed 08       		.uleb128 0x8
 1027 05ee 00       		.byte	0
 1028 05ef 09       		.uleb128 0x9
 1029 05f0 04       		.byte	0x4
 1030 05f1 C6050000 		.4byte	0x5c6
 1031 05f5 05       		.uleb128 0x5
 1032 05f6 85040000 		.4byte	.LASF92
 1033 05fa 10       		.byte	0x10
 1034 05fb 0B       		.byte	0xb
 1035 05fc 39       		.byte	0x39
 1036 05fd 2C060000 		.4byte	0x62c
 1037 0601 06       		.uleb128 0x6
 1038 0602 E0000000 		.4byte	.LASF93
 1039 0606 0B       		.byte	0xb
 1040 0607 3A       		.byte	0x3a
 1041 0608 5C020000 		.4byte	0x25c
 1042 060c 02       		.byte	0x2
 1043 060d 23       		.byte	0x23
 1044 060e 00       		.uleb128 0
 1045 060f 06       		.uleb128 0x6
ARM GAS  /tmp/ccOW4hJu.s 			page 26


 1046 0610 07050000 		.4byte	.LASF94
 1047 0614 0B       		.byte	0xb
 1048 0615 3C       		.byte	0x3c
 1049 0616 30020000 		.4byte	0x230
 1050 061a 02       		.byte	0x2
 1051 061b 23       		.byte	0x23
 1052 061c 08       		.uleb128 0x8
 1053 061d 06       		.uleb128 0x6
 1054 061e 28040000 		.4byte	.LASF95
 1055 0622 0B       		.byte	0xb
 1056 0623 3E       		.byte	0x3e
 1057 0624 6A060000 		.4byte	0x66a
 1058 0628 02       		.byte	0x2
 1059 0629 23       		.byte	0x23
 1060 062a 0C       		.uleb128 0xc
 1061 062b 00       		.byte	0
 1062 062c 09       		.uleb128 0x9
 1063 062d 04       		.byte	0x4
 1064 062e F5050000 		.4byte	0x5f5
 1065 0632 09       		.uleb128 0x9
 1066 0633 04       		.byte	0x4
 1067 0634 38060000 		.4byte	0x638
 1068 0638 13       		.uleb128 0x13
 1069 0639 3D060000 		.4byte	0x63d
 1070 063d 04       		.uleb128 0x4
 1071 063e 01       		.byte	0x1
 1072 063f 08       		.byte	0x8
 1073 0640 1A040000 		.4byte	.LASF96
 1074 0644 09       		.uleb128 0x9
 1075 0645 04       		.byte	0x4
 1076 0646 22030000 		.4byte	0x322
 1077 064a 14       		.uleb128 0x14
 1078 064b 32060000 		.4byte	0x632
 1079 064f 15       		.uleb128 0x15
 1080 0650 88040000 		.4byte	0x488
 1081 0654 5F060000 		.4byte	0x65f
 1082 0658 16       		.uleb128 0x16
 1083 0659 76040000 		.4byte	0x476
 1084 065d 1A       		.byte	0x1a
 1085 065e 00       		.byte	0
 1086 065f 03       		.uleb128 0x3
 1087 0660 AA010000 		.4byte	.LASF97
 1088 0664 0B       		.byte	0xb
 1089 0665 34       		.byte	0x34
 1090 0666 F5050000 		.4byte	0x5f5
 1091 066a 09       		.uleb128 0x9
 1092 066b 04       		.byte	0x4
 1093 066c 5F060000 		.4byte	0x65f
 1094 0670 04       		.uleb128 0x4
 1095 0671 01       		.byte	0x1
 1096 0672 02       		.byte	0x2
 1097 0673 3D030000 		.4byte	.LASF98
 1098 0677 10       		.uleb128 0x10
 1099 0678 1C       		.byte	0x1c
 1100 0679 0C       		.byte	0xc
 1101 067a F5       		.byte	0xf5
 1102 067b E4060000 		.4byte	0x6e4
ARM GAS  /tmp/ccOW4hJu.s 			page 27


 1103 067f 06       		.uleb128 0x6
 1104 0680 E8000000 		.4byte	.LASF99
 1105 0684 0C       		.byte	0xc
 1106 0685 F7       		.byte	0xf7
 1107 0686 7B000000 		.4byte	0x7b
 1108 068a 02       		.byte	0x2
 1109 068b 23       		.byte	0x23
 1110 068c 00       		.uleb128 0
 1111 068d 06       		.uleb128 0x6
 1112 068e FD010000 		.4byte	.LASF100
 1113 0692 0C       		.byte	0xc
 1114 0693 F9       		.byte	0xf9
 1115 0694 7B000000 		.4byte	0x7b
 1116 0698 02       		.byte	0x2
 1117 0699 23       		.byte	0x23
 1118 069a 04       		.uleb128 0x4
 1119 069b 06       		.uleb128 0x6
 1120 069c F5010000 		.4byte	.LASF101
 1121 06a0 0C       		.byte	0xc
 1122 06a1 FB       		.byte	0xfb
 1123 06a2 7B000000 		.4byte	0x7b
 1124 06a6 02       		.byte	0x2
 1125 06a7 23       		.byte	0x23
 1126 06a8 08       		.uleb128 0x8
 1127 06a9 06       		.uleb128 0x6
 1128 06aa 69000000 		.4byte	.LASF102
 1129 06ae 0C       		.byte	0xc
 1130 06af FD       		.byte	0xfd
 1131 06b0 7B000000 		.4byte	0x7b
 1132 06b4 02       		.byte	0x2
 1133 06b5 23       		.byte	0x23
 1134 06b6 0C       		.uleb128 0xc
 1135 06b7 0F       		.uleb128 0xf
 1136 06b8 6F647200 		.ascii	"odr\000"
 1137 06bc 0C       		.byte	0xc
 1138 06bd FF       		.byte	0xff
 1139 06be 7B000000 		.4byte	0x7b
 1140 06c2 02       		.byte	0x2
 1141 06c3 23       		.byte	0x23
 1142 06c4 10       		.uleb128 0x10
 1143 06c5 08       		.uleb128 0x8
 1144 06c6 59030000 		.4byte	.LASF103
 1145 06ca 0C       		.byte	0xc
 1146 06cb 0101     		.2byte	0x101
 1147 06cd 7B000000 		.4byte	0x7b
 1148 06d1 02       		.byte	0x2
 1149 06d2 23       		.byte	0x23
 1150 06d3 14       		.uleb128 0x14
 1151 06d4 08       		.uleb128 0x8
 1152 06d5 E3020000 		.4byte	.LASF104
 1153 06d9 0C       		.byte	0xc
 1154 06da 0301     		.2byte	0x103
 1155 06dc 7B000000 		.4byte	0x7b
 1156 06e0 02       		.byte	0x2
 1157 06e1 23       		.byte	0x23
 1158 06e2 18       		.uleb128 0x18
 1159 06e3 00       		.byte	0
ARM GAS  /tmp/ccOW4hJu.s 			page 28


 1160 06e4 17       		.uleb128 0x17
 1161 06e5 00000000 		.4byte	.LASF105
 1162 06e9 0C       		.byte	0xc
 1163 06ea 0401     		.2byte	0x104
 1164 06ec 77060000 		.4byte	0x677
 1165 06f0 18       		.uleb128 0x18
 1166 06f1 8C       		.byte	0x8c
 1167 06f2 0C       		.byte	0xc
 1168 06f3 0D01     		.2byte	0x10d
 1169 06f5 45070000 		.4byte	0x745
 1170 06f9 08       		.uleb128 0x8
 1171 06fa 91030000 		.4byte	.LASF106
 1172 06fe 0C       		.byte	0xc
 1173 06ff 1001     		.2byte	0x110
 1174 0701 E4060000 		.4byte	0x6e4
 1175 0705 02       		.byte	0x2
 1176 0706 23       		.byte	0x23
 1177 0707 00       		.uleb128 0
 1178 0708 08       		.uleb128 0x8
 1179 0709 B2010000 		.4byte	.LASF107
 1180 070d 0C       		.byte	0xc
 1181 070e 1401     		.2byte	0x114
 1182 0710 E4060000 		.4byte	0x6e4
 1183 0714 02       		.byte	0x2
 1184 0715 23       		.byte	0x23
 1185 0716 1C       		.uleb128 0x1c
 1186 0717 08       		.uleb128 0x8
 1187 0718 E1040000 		.4byte	.LASF108
 1188 071c 0C       		.byte	0xc
 1189 071d 1801     		.2byte	0x118
 1190 071f E4060000 		.4byte	0x6e4
 1191 0723 02       		.byte	0x2
 1192 0724 23       		.byte	0x23
 1193 0725 38       		.uleb128 0x38
 1194 0726 08       		.uleb128 0x8
 1195 0727 B1020000 		.4byte	.LASF109
 1196 072b 0C       		.byte	0xc
 1197 072c 1C01     		.2byte	0x11c
 1198 072e E4060000 		.4byte	0x6e4
 1199 0732 02       		.byte	0x2
 1200 0733 23       		.byte	0x23
 1201 0734 54       		.uleb128 0x54
 1202 0735 08       		.uleb128 0x8
 1203 0736 24020000 		.4byte	.LASF110
 1204 073a 0C       		.byte	0xc
 1205 073b 2401     		.2byte	0x124
 1206 073d E4060000 		.4byte	0x6e4
 1207 0741 02       		.byte	0x2
 1208 0742 23       		.byte	0x23
 1209 0743 70       		.uleb128 0x70
 1210 0744 00       		.byte	0
 1211 0745 17       		.uleb128 0x17
 1212 0746 FD040000 		.4byte	.LASF111
 1213 074a 0C       		.byte	0xc
 1214 074b 3A01     		.2byte	0x13a
 1215 074d F0060000 		.4byte	0x6f0
 1216 0751 19       		.uleb128 0x19
ARM GAS  /tmp/ccOW4hJu.s 			page 29


 1217 0752 01       		.byte	0x1
 1218 0753 04020000 		.4byte	.LASF117
 1219 0757 01       		.byte	0x1
 1220 0758 4B       		.byte	0x4b
 1221 0759 01       		.byte	0x1
 1222 075a 00000000 		.4byte	.LFB272
 1223 075e 04000000 		.4byte	.LFE272
 1224 0762 02       		.byte	0x2
 1225 0763 7D       		.byte	0x7d
 1226 0764 00       		.sleb128 0
 1227 0765 01       		.byte	0x1
 1228 0766 75070000 		.4byte	0x775
 1229 076a 1A       		.uleb128 0x1a
 1230 076b 04000000 		.4byte	.LVL0
 1231 076f 01       		.byte	0x1
 1232 0770 C1070000 		.4byte	0x7c1
 1233 0774 00       		.byte	0
 1234 0775 1B       		.uleb128 0x1b
 1235 0776 01       		.byte	0x1
 1236 0777 80030000 		.4byte	.LASF118
 1237 077b 01       		.byte	0x1
 1238 077c 80       		.byte	0x80
 1239 077d 01       		.byte	0x1
 1240 077e 00000000 		.4byte	.LFB273
 1241 0782 02000000 		.4byte	.LFE273
 1242 0786 02       		.byte	0x2
 1243 0787 7D       		.byte	0x7d
 1244 0788 00       		.sleb128 0
 1245 0789 01       		.byte	0x1
 1246 078a 1C       		.uleb128 0x1c
 1247 078b 99000000 		.4byte	.LASF112
 1248 078f 0D       		.byte	0xd
 1249 0790 FA06     		.2byte	0x6fa
 1250 0792 98070000 		.4byte	0x798
 1251 0796 01       		.byte	0x1
 1252 0797 01       		.byte	0x1
 1253 0798 14       		.uleb128 0x14
 1254 0799 69000000 		.4byte	0x69
 1255 079d 1D       		.uleb128 0x1d
 1256 079e 636800   		.ascii	"ch\000"
 1257 07a1 06       		.byte	0x6
 1258 07a2 0902     		.2byte	0x209
 1259 07a4 03040000 		.4byte	0x403
 1260 07a8 01       		.byte	0x1
 1261 07a9 01       		.byte	0x1
 1262 07aa 1E       		.uleb128 0x1e
 1263 07ab 0F050000 		.4byte	.LASF113
 1264 07af 01       		.byte	0x1
 1265 07b0 1E       		.byte	0x1e
 1266 07b1 BC070000 		.4byte	0x7bc
 1267 07b5 01       		.byte	0x1
 1268 07b6 05       		.byte	0x5
 1269 07b7 03       		.byte	0x3
 1270 07b8 00000000 		.4byte	pal_default_config
 1271 07bc 13       		.uleb128 0x13
 1272 07bd 45070000 		.4byte	0x745
 1273 07c1 1F       		.uleb128 0x1f
ARM GAS  /tmp/ccOW4hJu.s 			page 30


 1274 07c2 01       		.byte	0x1
 1275 07c3 99010000 		.4byte	.LASF119
 1276 07c7 0E       		.byte	0xe
 1277 07c8 8304     		.2byte	0x483
 1278 07ca 01       		.byte	0x1
 1279 07cb 01       		.byte	0x1
 1280 07cc 00       		.byte	0
 1281              		.section	.debug_abbrev,"",%progbits
 1282              	.Ldebug_abbrev0:
 1283 0000 01       		.uleb128 0x1
 1284 0001 11       		.uleb128 0x11
 1285 0002 01       		.byte	0x1
 1286 0003 25       		.uleb128 0x25
 1287 0004 0E       		.uleb128 0xe
 1288 0005 13       		.uleb128 0x13
 1289 0006 0B       		.uleb128 0xb
 1290 0007 03       		.uleb128 0x3
 1291 0008 0E       		.uleb128 0xe
 1292 0009 1B       		.uleb128 0x1b
 1293 000a 0E       		.uleb128 0xe
 1294 000b 55       		.uleb128 0x55
 1295 000c 06       		.uleb128 0x6
 1296 000d 11       		.uleb128 0x11
 1297 000e 01       		.uleb128 0x1
 1298 000f 52       		.uleb128 0x52
 1299 0010 01       		.uleb128 0x1
 1300 0011 10       		.uleb128 0x10
 1301 0012 06       		.uleb128 0x6
 1302 0013 00       		.byte	0
 1303 0014 00       		.byte	0
 1304 0015 02       		.uleb128 0x2
 1305 0016 24       		.uleb128 0x24
 1306 0017 00       		.byte	0
 1307 0018 0B       		.uleb128 0xb
 1308 0019 0B       		.uleb128 0xb
 1309 001a 3E       		.uleb128 0x3e
 1310 001b 0B       		.uleb128 0xb
 1311 001c 03       		.uleb128 0x3
 1312 001d 08       		.uleb128 0x8
 1313 001e 00       		.byte	0
 1314 001f 00       		.byte	0
 1315 0020 03       		.uleb128 0x3
 1316 0021 16       		.uleb128 0x16
 1317 0022 00       		.byte	0
 1318 0023 03       		.uleb128 0x3
 1319 0024 0E       		.uleb128 0xe
 1320 0025 3A       		.uleb128 0x3a
 1321 0026 0B       		.uleb128 0xb
 1322 0027 3B       		.uleb128 0x3b
 1323 0028 0B       		.uleb128 0xb
 1324 0029 49       		.uleb128 0x49
 1325 002a 13       		.uleb128 0x13
 1326 002b 00       		.byte	0
 1327 002c 00       		.byte	0
 1328 002d 04       		.uleb128 0x4
 1329 002e 24       		.uleb128 0x24
 1330 002f 00       		.byte	0
ARM GAS  /tmp/ccOW4hJu.s 			page 31


 1331 0030 0B       		.uleb128 0xb
 1332 0031 0B       		.uleb128 0xb
 1333 0032 3E       		.uleb128 0x3e
 1334 0033 0B       		.uleb128 0xb
 1335 0034 03       		.uleb128 0x3
 1336 0035 0E       		.uleb128 0xe
 1337 0036 00       		.byte	0
 1338 0037 00       		.byte	0
 1339 0038 05       		.uleb128 0x5
 1340 0039 13       		.uleb128 0x13
 1341 003a 01       		.byte	0x1
 1342 003b 03       		.uleb128 0x3
 1343 003c 0E       		.uleb128 0xe
 1344 003d 0B       		.uleb128 0xb
 1345 003e 0B       		.uleb128 0xb
 1346 003f 3A       		.uleb128 0x3a
 1347 0040 0B       		.uleb128 0xb
 1348 0041 3B       		.uleb128 0x3b
 1349 0042 0B       		.uleb128 0xb
 1350 0043 01       		.uleb128 0x1
 1351 0044 13       		.uleb128 0x13
 1352 0045 00       		.byte	0
 1353 0046 00       		.byte	0
 1354 0047 06       		.uleb128 0x6
 1355 0048 0D       		.uleb128 0xd
 1356 0049 00       		.byte	0
 1357 004a 03       		.uleb128 0x3
 1358 004b 0E       		.uleb128 0xe
 1359 004c 3A       		.uleb128 0x3a
 1360 004d 0B       		.uleb128 0xb
 1361 004e 3B       		.uleb128 0x3b
 1362 004f 0B       		.uleb128 0xb
 1363 0050 49       		.uleb128 0x49
 1364 0051 13       		.uleb128 0x13
 1365 0052 38       		.uleb128 0x38
 1366 0053 0A       		.uleb128 0xa
 1367 0054 00       		.byte	0
 1368 0055 00       		.byte	0
 1369 0056 07       		.uleb128 0x7
 1370 0057 0D       		.uleb128 0xd
 1371 0058 00       		.byte	0
 1372 0059 03       		.uleb128 0x3
 1373 005a 08       		.uleb128 0x8
 1374 005b 3A       		.uleb128 0x3a
 1375 005c 0B       		.uleb128 0xb
 1376 005d 3B       		.uleb128 0x3b
 1377 005e 05       		.uleb128 0x5
 1378 005f 49       		.uleb128 0x49
 1379 0060 13       		.uleb128 0x13
 1380 0061 38       		.uleb128 0x38
 1381 0062 0A       		.uleb128 0xa
 1382 0063 00       		.byte	0
 1383 0064 00       		.byte	0
 1384 0065 08       		.uleb128 0x8
 1385 0066 0D       		.uleb128 0xd
 1386 0067 00       		.byte	0
 1387 0068 03       		.uleb128 0x3
ARM GAS  /tmp/ccOW4hJu.s 			page 32


 1388 0069 0E       		.uleb128 0xe
 1389 006a 3A       		.uleb128 0x3a
 1390 006b 0B       		.uleb128 0xb
 1391 006c 3B       		.uleb128 0x3b
 1392 006d 05       		.uleb128 0x5
 1393 006e 49       		.uleb128 0x49
 1394 006f 13       		.uleb128 0x13
 1395 0070 38       		.uleb128 0x38
 1396 0071 0A       		.uleb128 0xa
 1397 0072 00       		.byte	0
 1398 0073 00       		.byte	0
 1399 0074 09       		.uleb128 0x9
 1400 0075 0F       		.uleb128 0xf
 1401 0076 00       		.byte	0
 1402 0077 0B       		.uleb128 0xb
 1403 0078 0B       		.uleb128 0xb
 1404 0079 49       		.uleb128 0x49
 1405 007a 13       		.uleb128 0x13
 1406 007b 00       		.byte	0
 1407 007c 00       		.byte	0
 1408 007d 0A       		.uleb128 0xa
 1409 007e 13       		.uleb128 0x13
 1410 007f 01       		.byte	0x1
 1411 0080 03       		.uleb128 0x3
 1412 0081 0E       		.uleb128 0xe
 1413 0082 0B       		.uleb128 0xb
 1414 0083 0B       		.uleb128 0xb
 1415 0084 3A       		.uleb128 0x3a
 1416 0085 0B       		.uleb128 0xb
 1417 0086 3B       		.uleb128 0x3b
 1418 0087 05       		.uleb128 0x5
 1419 0088 01       		.uleb128 0x1
 1420 0089 13       		.uleb128 0x13
 1421 008a 00       		.byte	0
 1422 008b 00       		.byte	0
 1423 008c 0B       		.uleb128 0xb
 1424 008d 15       		.uleb128 0x15
 1425 008e 01       		.byte	0x1
 1426 008f 27       		.uleb128 0x27
 1427 0090 0C       		.uleb128 0xc
 1428 0091 01       		.uleb128 0x1
 1429 0092 13       		.uleb128 0x13
 1430 0093 00       		.byte	0
 1431 0094 00       		.byte	0
 1432 0095 0C       		.uleb128 0xc
 1433 0096 05       		.uleb128 0x5
 1434 0097 00       		.byte	0
 1435 0098 49       		.uleb128 0x49
 1436 0099 13       		.uleb128 0x13
 1437 009a 00       		.byte	0
 1438 009b 00       		.byte	0
 1439 009c 0D       		.uleb128 0xd
 1440 009d 0F       		.uleb128 0xf
 1441 009e 00       		.byte	0
 1442 009f 0B       		.uleb128 0xb
 1443 00a0 0B       		.uleb128 0xb
 1444 00a1 00       		.byte	0
ARM GAS  /tmp/ccOW4hJu.s 			page 33


 1445 00a2 00       		.byte	0
 1446 00a3 0E       		.uleb128 0xe
 1447 00a4 13       		.uleb128 0x13
 1448 00a5 01       		.byte	0x1
 1449 00a6 03       		.uleb128 0x3
 1450 00a7 0E       		.uleb128 0xe
 1451 00a8 0B       		.uleb128 0xb
 1452 00a9 05       		.uleb128 0x5
 1453 00aa 3A       		.uleb128 0x3a
 1454 00ab 0B       		.uleb128 0xb
 1455 00ac 3B       		.uleb128 0x3b
 1456 00ad 05       		.uleb128 0x5
 1457 00ae 01       		.uleb128 0x1
 1458 00af 13       		.uleb128 0x13
 1459 00b0 00       		.byte	0
 1460 00b1 00       		.byte	0
 1461 00b2 0F       		.uleb128 0xf
 1462 00b3 0D       		.uleb128 0xd
 1463 00b4 00       		.byte	0
 1464 00b5 03       		.uleb128 0x3
 1465 00b6 08       		.uleb128 0x8
 1466 00b7 3A       		.uleb128 0x3a
 1467 00b8 0B       		.uleb128 0xb
 1468 00b9 3B       		.uleb128 0x3b
 1469 00ba 0B       		.uleb128 0xb
 1470 00bb 49       		.uleb128 0x49
 1471 00bc 13       		.uleb128 0x13
 1472 00bd 38       		.uleb128 0x38
 1473 00be 0A       		.uleb128 0xa
 1474 00bf 00       		.byte	0
 1475 00c0 00       		.byte	0
 1476 00c1 10       		.uleb128 0x10
 1477 00c2 13       		.uleb128 0x13
 1478 00c3 01       		.byte	0x1
 1479 00c4 0B       		.uleb128 0xb
 1480 00c5 0B       		.uleb128 0xb
 1481 00c6 3A       		.uleb128 0x3a
 1482 00c7 0B       		.uleb128 0xb
 1483 00c8 3B       		.uleb128 0x3b
 1484 00c9 0B       		.uleb128 0xb
 1485 00ca 01       		.uleb128 0x1
 1486 00cb 13       		.uleb128 0x13
 1487 00cc 00       		.byte	0
 1488 00cd 00       		.byte	0
 1489 00ce 11       		.uleb128 0x11
 1490 00cf 17       		.uleb128 0x17
 1491 00d0 01       		.byte	0x1
 1492 00d1 0B       		.uleb128 0xb
 1493 00d2 0B       		.uleb128 0xb
 1494 00d3 3A       		.uleb128 0x3a
 1495 00d4 0B       		.uleb128 0xb
 1496 00d5 3B       		.uleb128 0x3b
 1497 00d6 0B       		.uleb128 0xb
 1498 00d7 01       		.uleb128 0x1
 1499 00d8 13       		.uleb128 0x13
 1500 00d9 00       		.byte	0
 1501 00da 00       		.byte	0
ARM GAS  /tmp/ccOW4hJu.s 			page 34


 1502 00db 12       		.uleb128 0x12
 1503 00dc 0D       		.uleb128 0xd
 1504 00dd 00       		.byte	0
 1505 00de 03       		.uleb128 0x3
 1506 00df 0E       		.uleb128 0xe
 1507 00e0 3A       		.uleb128 0x3a
 1508 00e1 0B       		.uleb128 0xb
 1509 00e2 3B       		.uleb128 0x3b
 1510 00e3 05       		.uleb128 0x5
 1511 00e4 49       		.uleb128 0x49
 1512 00e5 13       		.uleb128 0x13
 1513 00e6 00       		.byte	0
 1514 00e7 00       		.byte	0
 1515 00e8 13       		.uleb128 0x13
 1516 00e9 26       		.uleb128 0x26
 1517 00ea 00       		.byte	0
 1518 00eb 49       		.uleb128 0x49
 1519 00ec 13       		.uleb128 0x13
 1520 00ed 00       		.byte	0
 1521 00ee 00       		.byte	0
 1522 00ef 14       		.uleb128 0x14
 1523 00f0 35       		.uleb128 0x35
 1524 00f1 00       		.byte	0
 1525 00f2 49       		.uleb128 0x49
 1526 00f3 13       		.uleb128 0x13
 1527 00f4 00       		.byte	0
 1528 00f5 00       		.byte	0
 1529 00f6 15       		.uleb128 0x15
 1530 00f7 01       		.uleb128 0x1
 1531 00f8 01       		.byte	0x1
 1532 00f9 49       		.uleb128 0x49
 1533 00fa 13       		.uleb128 0x13
 1534 00fb 01       		.uleb128 0x1
 1535 00fc 13       		.uleb128 0x13
 1536 00fd 00       		.byte	0
 1537 00fe 00       		.byte	0
 1538 00ff 16       		.uleb128 0x16
 1539 0100 21       		.uleb128 0x21
 1540 0101 00       		.byte	0
 1541 0102 49       		.uleb128 0x49
 1542 0103 13       		.uleb128 0x13
 1543 0104 2F       		.uleb128 0x2f
 1544 0105 0B       		.uleb128 0xb
 1545 0106 00       		.byte	0
 1546 0107 00       		.byte	0
 1547 0108 17       		.uleb128 0x17
 1548 0109 16       		.uleb128 0x16
 1549 010a 00       		.byte	0
 1550 010b 03       		.uleb128 0x3
 1551 010c 0E       		.uleb128 0xe
 1552 010d 3A       		.uleb128 0x3a
 1553 010e 0B       		.uleb128 0xb
 1554 010f 3B       		.uleb128 0x3b
 1555 0110 05       		.uleb128 0x5
 1556 0111 49       		.uleb128 0x49
 1557 0112 13       		.uleb128 0x13
 1558 0113 00       		.byte	0
ARM GAS  /tmp/ccOW4hJu.s 			page 35


 1559 0114 00       		.byte	0
 1560 0115 18       		.uleb128 0x18
 1561 0116 13       		.uleb128 0x13
 1562 0117 01       		.byte	0x1
 1563 0118 0B       		.uleb128 0xb
 1564 0119 0B       		.uleb128 0xb
 1565 011a 3A       		.uleb128 0x3a
 1566 011b 0B       		.uleb128 0xb
 1567 011c 3B       		.uleb128 0x3b
 1568 011d 05       		.uleb128 0x5
 1569 011e 01       		.uleb128 0x1
 1570 011f 13       		.uleb128 0x13
 1571 0120 00       		.byte	0
 1572 0121 00       		.byte	0
 1573 0122 19       		.uleb128 0x19
 1574 0123 2E       		.uleb128 0x2e
 1575 0124 01       		.byte	0x1
 1576 0125 3F       		.uleb128 0x3f
 1577 0126 0C       		.uleb128 0xc
 1578 0127 03       		.uleb128 0x3
 1579 0128 0E       		.uleb128 0xe
 1580 0129 3A       		.uleb128 0x3a
 1581 012a 0B       		.uleb128 0xb
 1582 012b 3B       		.uleb128 0x3b
 1583 012c 0B       		.uleb128 0xb
 1584 012d 27       		.uleb128 0x27
 1585 012e 0C       		.uleb128 0xc
 1586 012f 11       		.uleb128 0x11
 1587 0130 01       		.uleb128 0x1
 1588 0131 12       		.uleb128 0x12
 1589 0132 01       		.uleb128 0x1
 1590 0133 40       		.uleb128 0x40
 1591 0134 0A       		.uleb128 0xa
 1592 0135 9742     		.uleb128 0x2117
 1593 0137 0C       		.uleb128 0xc
 1594 0138 01       		.uleb128 0x1
 1595 0139 13       		.uleb128 0x13
 1596 013a 00       		.byte	0
 1597 013b 00       		.byte	0
 1598 013c 1A       		.uleb128 0x1a
 1599 013d 898201   		.uleb128 0x4109
 1600 0140 00       		.byte	0
 1601 0141 11       		.uleb128 0x11
 1602 0142 01       		.uleb128 0x1
 1603 0143 9542     		.uleb128 0x2115
 1604 0145 0C       		.uleb128 0xc
 1605 0146 31       		.uleb128 0x31
 1606 0147 13       		.uleb128 0x13
 1607 0148 00       		.byte	0
 1608 0149 00       		.byte	0
 1609 014a 1B       		.uleb128 0x1b
 1610 014b 2E       		.uleb128 0x2e
 1611 014c 00       		.byte	0
 1612 014d 3F       		.uleb128 0x3f
 1613 014e 0C       		.uleb128 0xc
 1614 014f 03       		.uleb128 0x3
 1615 0150 0E       		.uleb128 0xe
ARM GAS  /tmp/ccOW4hJu.s 			page 36


 1616 0151 3A       		.uleb128 0x3a
 1617 0152 0B       		.uleb128 0xb
 1618 0153 3B       		.uleb128 0x3b
 1619 0154 0B       		.uleb128 0xb
 1620 0155 27       		.uleb128 0x27
 1621 0156 0C       		.uleb128 0xc
 1622 0157 11       		.uleb128 0x11
 1623 0158 01       		.uleb128 0x1
 1624 0159 12       		.uleb128 0x12
 1625 015a 01       		.uleb128 0x1
 1626 015b 40       		.uleb128 0x40
 1627 015c 0A       		.uleb128 0xa
 1628 015d 9742     		.uleb128 0x2117
 1629 015f 0C       		.uleb128 0xc
 1630 0160 00       		.byte	0
 1631 0161 00       		.byte	0
 1632 0162 1C       		.uleb128 0x1c
 1633 0163 34       		.uleb128 0x34
 1634 0164 00       		.byte	0
 1635 0165 03       		.uleb128 0x3
 1636 0166 0E       		.uleb128 0xe
 1637 0167 3A       		.uleb128 0x3a
 1638 0168 0B       		.uleb128 0xb
 1639 0169 3B       		.uleb128 0x3b
 1640 016a 05       		.uleb128 0x5
 1641 016b 49       		.uleb128 0x49
 1642 016c 13       		.uleb128 0x13
 1643 016d 3F       		.uleb128 0x3f
 1644 016e 0C       		.uleb128 0xc
 1645 016f 3C       		.uleb128 0x3c
 1646 0170 0C       		.uleb128 0xc
 1647 0171 00       		.byte	0
 1648 0172 00       		.byte	0
 1649 0173 1D       		.uleb128 0x1d
 1650 0174 34       		.uleb128 0x34
 1651 0175 00       		.byte	0
 1652 0176 03       		.uleb128 0x3
 1653 0177 08       		.uleb128 0x8
 1654 0178 3A       		.uleb128 0x3a
 1655 0179 0B       		.uleb128 0xb
 1656 017a 3B       		.uleb128 0x3b
 1657 017b 05       		.uleb128 0x5
 1658 017c 49       		.uleb128 0x49
 1659 017d 13       		.uleb128 0x13
 1660 017e 3F       		.uleb128 0x3f
 1661 017f 0C       		.uleb128 0xc
 1662 0180 3C       		.uleb128 0x3c
 1663 0181 0C       		.uleb128 0xc
 1664 0182 00       		.byte	0
 1665 0183 00       		.byte	0
 1666 0184 1E       		.uleb128 0x1e
 1667 0185 34       		.uleb128 0x34
 1668 0186 00       		.byte	0
 1669 0187 03       		.uleb128 0x3
 1670 0188 0E       		.uleb128 0xe
 1671 0189 3A       		.uleb128 0x3a
 1672 018a 0B       		.uleb128 0xb
ARM GAS  /tmp/ccOW4hJu.s 			page 37


 1673 018b 3B       		.uleb128 0x3b
 1674 018c 0B       		.uleb128 0xb
 1675 018d 49       		.uleb128 0x49
 1676 018e 13       		.uleb128 0x13
 1677 018f 3F       		.uleb128 0x3f
 1678 0190 0C       		.uleb128 0xc
 1679 0191 02       		.uleb128 0x2
 1680 0192 0A       		.uleb128 0xa
 1681 0193 00       		.byte	0
 1682 0194 00       		.byte	0
 1683 0195 1F       		.uleb128 0x1f
 1684 0196 2E       		.uleb128 0x2e
 1685 0197 00       		.byte	0
 1686 0198 3F       		.uleb128 0x3f
 1687 0199 0C       		.uleb128 0xc
 1688 019a 03       		.uleb128 0x3
 1689 019b 0E       		.uleb128 0xe
 1690 019c 3A       		.uleb128 0x3a
 1691 019d 0B       		.uleb128 0xb
 1692 019e 3B       		.uleb128 0x3b
 1693 019f 05       		.uleb128 0x5
 1694 01a0 27       		.uleb128 0x27
 1695 01a1 0C       		.uleb128 0xc
 1696 01a2 3C       		.uleb128 0x3c
 1697 01a3 0C       		.uleb128 0xc
 1698 01a4 00       		.byte	0
 1699 01a5 00       		.byte	0
 1700 01a6 00       		.byte	0
 1701              		.section	.debug_aranges,"",%progbits
 1702 0000 24000000 		.4byte	0x24
 1703 0004 0200     		.2byte	0x2
 1704 0006 00000000 		.4byte	.Ldebug_info0
 1705 000a 04       		.byte	0x4
 1706 000b 00       		.byte	0
 1707 000c 0000     		.2byte	0
 1708 000e 0000     		.2byte	0
 1709 0010 00000000 		.4byte	.LFB272
 1710 0014 04000000 		.4byte	.LFE272-.LFB272
 1711 0018 00000000 		.4byte	.LFB273
 1712 001c 02000000 		.4byte	.LFE273-.LFB273
 1713 0020 00000000 		.4byte	0
 1714 0024 00000000 		.4byte	0
 1715              		.section	.debug_ranges,"",%progbits
 1716              	.Ldebug_ranges0:
 1717 0000 00000000 		.4byte	.LFB272
 1718 0004 04000000 		.4byte	.LFE272
 1719 0008 00000000 		.4byte	.LFB273
 1720 000c 02000000 		.4byte	.LFE273
 1721 0010 00000000 		.4byte	0
 1722 0014 00000000 		.4byte	0
 1723              		.section	.debug_line,"",%progbits
 1724              	.Ldebug_line0:
 1725 0000 61020000 		.section	.debug_str,"MS",%progbits,1
 1725      02003902 
 1725      00000201 
 1725      FB0E0D00 
 1725      01010101 
ARM GAS  /tmp/ccOW4hJu.s 			page 38


 1726              	.LASF105:
 1727 0000 73746D33 		.ascii	"stm32_gpio_setup_t\000"
 1727      325F6770 
 1727      696F5F73 
 1727      65747570 
 1727      5F7400
 1728              	.LASF47:
 1729 0013 72656164 		.ascii	"ready_list_t\000"
 1729      795F6C69 
 1729      73745F74 
 1729      00
 1730              	.LASF2:
 1731 0020 73697A65 		.ascii	"size_t\000"
 1731      5F7400
 1732              	.LASF82:
 1733 0027 7264796D 		.ascii	"rdymsg\000"
 1733      736700
 1734              	.LASF12:
 1735 002e 75696E74 		.ascii	"uint64_t\000"
 1735      36345F74 
 1735      00
 1736              	.LASF79:
 1737 0037 706F7274 		.ascii	"port_intctx\000"
 1737      5F696E74 
 1737      63747800 
 1738              	.LASF66:
 1739 0043 73797374 		.ascii	"system_debug_t\000"
 1739      656D5F64 
 1739      65627567 
 1739      5F7400
 1740              	.LASF13:
 1741 0052 6C6F6E67 		.ascii	"long long unsigned int\000"
 1741      206C6F6E 
 1741      6720756E 
 1741      7369676E 
 1741      65642069 
 1742              	.LASF102:
 1743 0069 70757064 		.ascii	"pupdr\000"
 1743      7200
 1744              	.LASF83:
 1745 006f 65786974 		.ascii	"exitcode\000"
 1745      636F6465 
 1745      00
 1746              	.LASF73:
 1747 0078 6D61696E 		.ascii	"mainthread\000"
 1747      74687265 
 1747      616400
 1748              	.LASF63:
 1749 0083 76697274 		.ascii	"virtual_timers_list_t\000"
 1749      75616C5F 
 1749      74696D65 
 1749      72735F6C 
 1749      6973745F 
 1750              	.LASF112:
 1751 0099 49544D5F 		.ascii	"ITM_RxBuffer\000"
 1751      52784275 
 1751      66666572 
ARM GAS  /tmp/ccOW4hJu.s 			page 39


 1751      00
 1752              	.LASF46:
 1753 00a6 63685F74 		.ascii	"ch_threads_queue\000"
 1753      68726561 
 1753      64735F71 
 1753      75657565 
 1753      00
 1754              	.LASF26:
 1755 00b7 705F7072 		.ascii	"p_prio\000"
 1755      696F00
 1756              	.LASF11:
 1757 00be 6C6F6E67 		.ascii	"long long int\000"
 1757      206C6F6E 
 1757      6720696E 
 1757      7400
 1758              	.LASF1:
 1759 00cc 7369676E 		.ascii	"signed char\000"
 1759      65642063 
 1759      68617200 
 1760              	.LASF40:
 1761 00d8 705F6D70 		.ascii	"p_mpool\000"
 1761      6F6F6C00 
 1762              	.LASF93:
 1763 00e0 6D5F7175 		.ascii	"m_queue\000"
 1763      65756500 
 1764              	.LASF99:
 1765 00e8 6D6F6465 		.ascii	"moder\000"
 1765      7200
 1766              	.LASF85:
 1767 00ee 77747472 		.ascii	"wttrp\000"
 1767      7000
 1768              	.LASF70:
 1769 00f4 63685F73 		.ascii	"ch_system\000"
 1769      79737465 
 1769      6D00
 1770              	.LASF8:
 1771 00fe 6C6F6E67 		.ascii	"long int\000"
 1771      20696E74 
 1771      00
 1772              	.LASF16:
 1773 0107 74737461 		.ascii	"tstate_t\000"
 1773      74655F74 
 1773      00
 1774              	.LASF116:
 1775 0110 2F686F6D 		.ascii	"/home/sylvain/Documents/TelecomRobotics/ChibiOS_16."
 1775      652F7379 
 1775      6C766169 
 1775      6E2F446F 
 1775      63756D65 
 1776 0143 312E372F 		.ascii	"1.7/demos/STM32/RT-STM32F302R8-NUCLEO\000"
 1776      64656D6F 
 1776      732F5354 
 1776      4D33322F 
 1776      52542D53 
 1777              	.LASF28:
 1778 0169 705F6E65 		.ascii	"p_newer\000"
 1778      77657200 
ARM GAS  /tmp/ccOW4hJu.s 			page 40


 1779              	.LASF90:
 1780 0171 735F7175 		.ascii	"s_queue\000"
 1780      65756500 
 1781              	.LASF52:
 1782 0179 725F6E65 		.ascii	"r_newer\000"
 1782      77657200 
 1783              	.LASF76:
 1784 0181 72656761 		.ascii	"regarm_t\000"
 1784      726D5F74 
 1784      00
 1785              	.LASF59:
 1786 018a 76745F70 		.ascii	"vt_prev\000"
 1786      72657600 
 1787              	.LASF72:
 1788 0192 76746C69 		.ascii	"vtlist\000"
 1788      737400
 1789              	.LASF119:
 1790 0199 73746D33 		.ascii	"stm32_clock_init\000"
 1790      325F636C 
 1790      6F636B5F 
 1790      696E6974 
 1790      00
 1791              	.LASF97:
 1792 01aa 6D757465 		.ascii	"mutex_t\000"
 1792      785F7400 
 1793              	.LASF107:
 1794 01b2 50424461 		.ascii	"PBData\000"
 1794      746100
 1795              	.LASF74:
 1796 01b9 69646C65 		.ascii	"idle_thread_wa\000"
 1796      5F746872 
 1796      6561645F 
 1796      776100
 1797              	.LASF21:
 1798 01c8 636E745F 		.ascii	"cnt_t\000"
 1798      7400
 1799              	.LASF0:
 1800 01ce 756E7369 		.ascii	"unsigned int\000"
 1800      676E6564 
 1800      20696E74 
 1800      00
 1801              	.LASF58:
 1802 01db 76745F6E 		.ascii	"vt_next\000"
 1802      65787400 
 1803              	.LASF86:
 1804 01e3 77747365 		.ascii	"wtsemp\000"
 1804      6D7000
 1805              	.LASF35:
 1806 01ea 705F6D73 		.ascii	"p_msgqueue\000"
 1806      67717565 
 1806      756500
 1807              	.LASF101:
 1808 01f5 6F737065 		.ascii	"ospeedr\000"
 1808      65647200 
 1809              	.LASF100:
 1810 01fd 6F747970 		.ascii	"otyper\000"
 1810      657200
ARM GAS  /tmp/ccOW4hJu.s 			page 41


 1811              	.LASF117:
 1812 0204 5F5F6561 		.ascii	"__early_init\000"
 1812      726C795F 
 1812      696E6974 
 1812      00
 1813              	.LASF6:
 1814 0211 73686F72 		.ascii	"short unsigned int\000"
 1814      7420756E 
 1814      7369676E 
 1814      65642069 
 1814      6E7400
 1815              	.LASF110:
 1816 0224 50464461 		.ascii	"PFData\000"
 1816      746100
 1817              	.LASF43:
 1818 022b 63685F74 		.ascii	"ch_thread\000"
 1818      68726561 
 1818      6400
 1819              	.LASF19:
 1820 0235 6D73675F 		.ascii	"msg_t\000"
 1820      7400
 1821              	.LASF69:
 1822 023b 63685F73 		.ascii	"ch_system_t\000"
 1822      79737465 
 1822      6D5F7400 
 1823              	.LASF15:
 1824 0247 746D6F64 		.ascii	"tmode_t\000"
 1824      655F7400 
 1825              	.LASF48:
 1826 024f 63685F72 		.ascii	"ch_ready_list\000"
 1826      65616479 
 1826      5F6C6973 
 1826      7400
 1827              	.LASF20:
 1828 025d 6576656E 		.ascii	"eventmask_t\000"
 1828      746D6173 
 1828      6B5F7400 
 1829              	.LASF77:
 1830 0269 73746B61 		.ascii	"stkalign_t\000"
 1830      6C69676E 
 1830      5F7400
 1831              	.LASF34:
 1832 0274 705F7761 		.ascii	"p_waiting\000"
 1832      6974696E 
 1832      6700
 1833              	.LASF75:
 1834 027e 73697A65 		.ascii	"sizetype\000"
 1834      74797065 
 1834      00
 1835              	.LASF41:
 1836 0287 74687265 		.ascii	"thread_reference_t\000"
 1836      61645F72 
 1836      65666572 
 1836      656E6365 
 1836      5F7400
 1837              	.LASF64:
 1838 029a 63685F76 		.ascii	"ch_virtual_timers_list\000"
ARM GAS  /tmp/ccOW4hJu.s 			page 42


 1838      69727475 
 1838      616C5F74 
 1838      696D6572 
 1838      735F6C69 
 1839              	.LASF109:
 1840 02b1 50444461 		.ascii	"PDData\000"
 1840      746100
 1841              	.LASF65:
 1842 02b8 76745F6C 		.ascii	"vt_lasttime\000"
 1842      61737474 
 1842      696D6500 
 1843              	.LASF29:
 1844 02c4 705F6F6C 		.ascii	"p_older\000"
 1844      64657200 
 1845              	.LASF51:
 1846 02cc 725F6374 		.ascii	"r_ctx\000"
 1846      7800
 1847              	.LASF81:
 1848 02d2 746D5F63 		.ascii	"tm_calibration_t\000"
 1848      616C6962 
 1848      72617469 
 1848      6F6E5F74 
 1848      00
 1849              	.LASF104:
 1850 02e3 61667268 		.ascii	"afrh\000"
 1850      00
 1851              	.LASF114:
 1852 02e8 474E5520 		.ascii	"GNU C 4.7.2\000"
 1852      4320342E 
 1852      372E3200 
 1853              	.LASF54:
 1854 02f4 725F6375 		.ascii	"r_current\000"
 1854      7272656E 
 1854      7400
 1855              	.LASF53:
 1856 02fe 725F6F6C 		.ascii	"r_older\000"
 1856      64657200 
 1857              	.LASF17:
 1858 0306 74726566 		.ascii	"trefs_t\000"
 1858      735F7400 
 1859              	.LASF56:
 1860 030e 76697274 		.ascii	"virtual_timer_t\000"
 1860      75616C5F 
 1860      74696D65 
 1860      725F7400 
 1861              	.LASF25:
 1862 031e 705F7072 		.ascii	"p_prev\000"
 1862      657600
 1863              	.LASF18:
 1864 0325 74707269 		.ascii	"tprio_t\000"
 1864      6F5F7400 
 1865              	.LASF67:
 1866 032d 63685F73 		.ascii	"ch_system_debug\000"
 1866      79737465 
 1866      6D5F6465 
 1866      62756700 
 1867              	.LASF98:
ARM GAS  /tmp/ccOW4hJu.s 			page 43


 1868 033d 5F426F6F 		.ascii	"_Bool\000"
 1868      6C00
 1869              	.LASF7:
 1870 0343 696E7433 		.ascii	"int32_t\000"
 1870      325F7400 
 1871              	.LASF4:
 1872 034b 756E7369 		.ascii	"unsigned char\000"
 1872      676E6564 
 1872      20636861 
 1872      7200
 1873              	.LASF103:
 1874 0359 6166726C 		.ascii	"afrl\000"
 1874      00
 1875              	.LASF91:
 1876 035e 735F636E 		.ascii	"s_cnt\000"
 1876      7400
 1877              	.LASF38:
 1878 0364 705F6D74 		.ascii	"p_mtxlist\000"
 1878      786C6973 
 1878      7400
 1879              	.LASF5:
 1880 036e 73686F72 		.ascii	"short int\000"
 1880      7420696E 
 1880      7400
 1881              	.LASF31:
 1882 0378 705F7374 		.ascii	"p_state\000"
 1882      61746500 
 1883              	.LASF118:
 1884 0380 626F6172 		.ascii	"boardInit\000"
 1884      64496E69 
 1884      7400
 1885              	.LASF50:
 1886 038a 725F7072 		.ascii	"r_prio\000"
 1886      696F00
 1887              	.LASF106:
 1888 0391 50414461 		.ascii	"PAData\000"
 1888      746100
 1889              	.LASF88:
 1890 0398 65776D61 		.ascii	"ewmask\000"
 1890      736B00
 1891              	.LASF24:
 1892 039f 705F6E65 		.ascii	"p_next\000"
 1892      787400
 1893              	.LASF32:
 1894 03a6 705F666C 		.ascii	"p_flags\000"
 1894      61677300 
 1895              	.LASF57:
 1896 03ae 63685F76 		.ascii	"ch_virtual_timer\000"
 1896      69727475 
 1896      616C5F74 
 1896      696D6572 
 1896      00
 1897              	.LASF89:
 1898 03bf 63685F73 		.ascii	"ch_semaphore\000"
 1898      656D6170 
 1898      686F7265 
 1898      00
ARM GAS  /tmp/ccOW4hJu.s 			page 44


 1899              	.LASF37:
 1900 03cc 705F6570 		.ascii	"p_epending\000"
 1900      656E6469 
 1900      6E6700
 1901              	.LASF9:
 1902 03d7 75696E74 		.ascii	"uint32_t\000"
 1902      33325F74 
 1902      00
 1903              	.LASF87:
 1904 03e0 77746D74 		.ascii	"wtmtxp\000"
 1904      787000
 1905              	.LASF49:
 1906 03e7 725F7175 		.ascii	"r_queue\000"
 1906      65756500 
 1907              	.LASF60:
 1908 03ef 76745F64 		.ascii	"vt_delta\000"
 1908      656C7461 
 1908      00
 1909              	.LASF44:
 1910 03f8 63685F74 		.ascii	"ch_threads_list\000"
 1910      68726561 
 1910      64735F6C 
 1910      69737400 
 1911              	.LASF10:
 1912 0408 6C6F6E67 		.ascii	"long unsigned int\000"
 1912      20756E73 
 1912      69676E65 
 1912      6420696E 
 1912      7400
 1913              	.LASF96:
 1914 041a 63686172 		.ascii	"char\000"
 1914      00
 1915              	.LASF23:
 1916 041f 74687265 		.ascii	"thread_t\000"
 1916      61645F74 
 1916      00
 1917              	.LASF95:
 1918 0428 6D5F6E65 		.ascii	"m_next\000"
 1918      787400
 1919              	.LASF22:
 1920 042f 73797374 		.ascii	"systime_t\000"
 1920      696D655F 
 1920      7400
 1921              	.LASF39:
 1922 0439 705F7265 		.ascii	"p_realprio\000"
 1922      616C7072 
 1922      696F00
 1923              	.LASF55:
 1924 0444 76746675 		.ascii	"vtfunc_t\000"
 1924      6E635F74 
 1924      00
 1925              	.LASF68:
 1926 044d 70616E69 		.ascii	"panic_msg\000"
 1926      635F6D73 
 1926      6700
 1927              	.LASF80:
 1928 0457 6F666673 		.ascii	"offset\000"
ARM GAS  /tmp/ccOW4hJu.s 			page 45


 1928      657400
 1929              	.LASF78:
 1930 045e 636F6E74 		.ascii	"context\000"
 1930      65787400 
 1931              	.LASF14:
 1932 0466 7274636E 		.ascii	"rtcnt_t\000"
 1932      745F7400 
 1933              	.LASF62:
 1934 046e 76745F70 		.ascii	"vt_par\000"
 1934      617200
 1935              	.LASF45:
 1936 0475 74687265 		.ascii	"threads_queue_t\000"
 1936      6164735F 
 1936      71756575 
 1936      655F7400 
 1937              	.LASF92:
 1938 0485 63685F6D 		.ascii	"ch_mutex\000"
 1938      75746578 
 1938      00
 1939              	.LASF33:
 1940 048e 705F7265 		.ascii	"p_refs\000"
 1940      667300
 1941              	.LASF71:
 1942 0495 726C6973 		.ascii	"rlist\000"
 1942      7400
 1943              	.LASF3:
 1944 049b 75696E74 		.ascii	"uint8_t\000"
 1944      385F7400 
 1945              	.LASF115:
 1946 04a3 2E2E2F2E 		.ascii	"../../../os/hal/boards/ST_NUCLEO_F302R8/board.c\000"
 1946      2E2F2E2E 
 1946      2F6F732F 
 1946      68616C2F 
 1946      626F6172 
 1947              	.LASF84:
 1948 04d3 77746F62 		.ascii	"wtobjp\000"
 1948      6A7000
 1949              	.LASF30:
 1950 04da 705F6E61 		.ascii	"p_name\000"
 1950      6D6500
 1951              	.LASF108:
 1952 04e1 50434461 		.ascii	"PCData\000"
 1952      746100
 1953              	.LASF42:
 1954 04e8 74687265 		.ascii	"threads_list_t\000"
 1954      6164735F 
 1954      6C697374 
 1954      5F7400
 1955              	.LASF36:
 1956 04f7 705F6D73 		.ascii	"p_msg\000"
 1956      6700
 1957              	.LASF111:
 1958 04fd 50414C43 		.ascii	"PALConfig\000"
 1958      6F6E6669 
 1958      6700
 1959              	.LASF94:
 1960 0507 6D5F6F77 		.ascii	"m_owner\000"
ARM GAS  /tmp/ccOW4hJu.s 			page 46


 1960      6E657200 
 1961              	.LASF113:
 1962 050f 70616C5F 		.ascii	"pal_default_config\000"
 1962      64656661 
 1962      756C745F 
 1962      636F6E66 
 1962      696700
 1963              	.LASF27:
 1964 0522 705F6374 		.ascii	"p_ctx\000"
 1964      7800
 1965              	.LASF61:
 1966 0528 76745F66 		.ascii	"vt_func\000"
 1966      756E6300 
 1967              		.comm	__gnu_lto_v1,1,1
 1968              		.ident	"GCC: (GNU) 4.7.2"
ARM GAS  /tmp/ccOW4hJu.s 			page 47


DEFINED SYMBOLS
                            *ABS*:00000000 board.c
     /tmp/ccOW4hJu.s:147    .text.__early_init:00000000 $t
     /tmp/ccOW4hJu.s:153    .text.__early_init:00000000 __early_init
     /tmp/ccOW4hJu.s:169    .text.boardInit:00000000 $t
     /tmp/ccOW4hJu.s:175    .text.boardInit:00000000 boardInit
     /tmp/ccOW4hJu.s:191    .rodata.pal_default_config:00000000 pal_default_config
     /tmp/ccOW4hJu.s:188    .rodata.pal_default_config:00000000 $d
                            *COM*:00000001 __gnu_lto_v1
                     .debug_frame:00000010 $d

UNDEFINED SYMBOLS
stm32_clock_init
