ARM GAS  /tmp/ccpKrFlI.s 			page 1


   1              		.syntax unified
   2              		.cpu cortex-m4
   3              		.fpu softvfp
   4              		.eabi_attribute 20, 1
   5              		.eabi_attribute 21, 1
   6              		.eabi_attribute 23, 3
   7              		.eabi_attribute 24, 1
   8              		.eabi_attribute 25, 1
   9              		.eabi_attribute 26, 1
  10              		.eabi_attribute 30, 2
  11              		.eabi_attribute 34, 1
  12              		.eabi_attribute 18, 4
  13              		.thumb
  14              		.file	"chcore.c"
  15              		.text
  16              	.Ltext0:
  17              		.section	.gnu.lto_.inline.98a9ae4629980efe,"",%progbits
  18 0000 789C6362 		.ascii	"x\234cb`d\340e\300\016\230\340,\000\002d\000\023"
  18      6064E065 
  18      C00E98E0 
  18      2C000264 
  18      0013
  19              		.text
  20              		.section	.gnu.lto_.pureconst.98a9ae4629980efe,"",%progbits
  21 0000 789C6362 		.ascii	"x\234cb`d`f`\000\222P\000\000\000r\000\010"
  21      60646066 
  21      60009250 
  21      00000072 
  21      0008
  22              		.text
  23              		.section	.gnu.lto_.cgraph.98a9ae4629980efe,"",%progbits
  24 0000 789C6362 		.ascii	"x\234cb`d`f```b\200\001\000\000\204\000\011"
  24      60646066 
  24      60606062 
  24      80010000 
  24      840009
  25              		.text
  26              		.section	.gnu.lto_.vars.98a9ae4629980efe,"",%progbits
  27 0000 789C6362 		.ascii	"x\234cb`d`f`\000\222P\000\000\000r\000\010"
  27      60646066 
  27      60009250 
  27      00000072 
  27      0008
  28              		.text
  29              		.section	.gnu.lto_.refs.98a9ae4629980efe,"",%progbits
  30 0000 789C6362 		.ascii	"x\234cb`d`f```b\200\001\000\000\204\000\011"
  30      60646066 
  30      60606062 
  30      80010000 
  30      840009
  31              		.text
  32              		.section	.gnu.lto_.statics.98a9ae4629980efe,"",%progbits
  33 0000 789C6362 		.ascii	"x\234cb`d`b\300\016@\342\214\020&\000\000\375\000\011"
  33      60646062 
  33      C00E40E2 
  33      8C102600 
  33      00FD0009 
ARM GAS  /tmp/ccpKrFlI.s 			page 2


  34              		.text
  35              		.section	.gnu.lto_.decls.98a9ae4629980efe,"",%progbits
  36 0000 789C6362 		.ascii	"x\234cb`d\000\001\025 \376\017\004 6#\024\3332\020\000"
  36      60640001 
  36      1520FE0F 
  36      04203623 
  36      14DB3210 
  37 0015 00CDD304 		.ascii	"\000\315\323\004c"
  37      63
  38              		.text
  39              		.section	.gnu.lto_.symtab.98a9ae4629980efe,"",%progbits
  40              		.text
  41              		.section	.gnu.lto_.opts,"",%progbits
  42 0000 272D6D63 		.ascii	"'-mcpu=cortex-m4''-mno-thumb-interwork''-mthumb''-g"
  42      70753D63 
  42      6F727465 
  42      782D6D34 
  42      27272D6D 
  43 0033 67646227 		.ascii	"gdb''-O2''-fomit-frame-pointer''-falign-functions=1"
  43      272D4F32 
  43      27272D66 
  43      6F6D6974 
  43      2D667261 
  44 0066 3627272D 		.ascii	"6''-ffunction-sections''-fdata-sections''-fno-commo"
  44      6666756E 
  44      6374696F 
  44      6E2D7365 
  44      6374696F 
  45 0099 6E27272D 		.ascii	"n''-flto'\000"
  45      666C746F 
  45      2700
  46              		.text
  47              		.cfi_sections	.debug_frame
  48              	.Letext0:
  49              		.file 1 "/usr/local/bin/../lib/gcc/arm-none-eabi/4.7.2/../../../../arm-none-eabi/include/stdint.h"
  50              		.file 2 "../../../os/rt/ports/ARMCMx/compilers/GCC/chtypes.h"
  51              		.file 3 "../../../os/rt/include/chsystypes.h"
  52              		.file 4 "../../../os/rt/include/chschd.h"
  53              		.file 5 "../../../os/rt/ports/ARMCMx/chcore.h"
  54              		.file 6 "../../../os/rt/ports/ARMCMx/chcore_v7m.h"
  55              		.file 7 "../../../os/rt/include/chtm.h"
  56              		.file 8 "../../../os/rt/include/chsem.h"
  57              		.file 9 "../../../os/rt/include/chmtx.h"
  58              		.file 10 "../../../os/ext/CMSIS/include/core_cm4.h"
  59              		.section	.debug_info,"",%progbits
  60              	.Ldebug_info0:
  61 0000 76060000 		.4byte	0x676
  62 0004 0200     		.2byte	0x2
  63 0006 00000000 		.4byte	.Ldebug_abbrev0
  64 000a 04       		.byte	0x4
  65 000b 01       		.uleb128 0x1
  66 000c 49020000 		.4byte	.LASF98
  67 0010 01       		.byte	0x1
  68 0011 A8010000 		.4byte	.LASF99
  69 0015 E9020000 		.4byte	.LASF100
  70 0019 00000000 		.4byte	.Ldebug_line0
  71 001d 02       		.uleb128 0x2
ARM GAS  /tmp/ccpKrFlI.s 			page 3


  72 001e 04       		.byte	0x4
  73 001f 05       		.byte	0x5
  74 0020 696E7400 		.ascii	"int\000"
  75 0024 03       		.uleb128 0x3
  76 0025 04       		.byte	0x4
  77 0026 07       		.byte	0x7
  78 0027 2C020000 		.4byte	.LASF0
  79 002b 03       		.uleb128 0x3
  80 002c 01       		.byte	0x1
  81 002d 06       		.byte	0x6
  82 002e F8010000 		.4byte	.LASF1
  83 0032 04       		.uleb128 0x4
  84 0033 F2000000 		.4byte	.LASF5
  85 0037 01       		.byte	0x1
  86 0038 2A       		.byte	0x2a
  87 0039 3D000000 		.4byte	0x3d
  88 003d 03       		.uleb128 0x3
  89 003e 01       		.byte	0x1
  90 003f 08       		.byte	0x8
  91 0040 E3010000 		.4byte	.LASF2
  92 0044 03       		.uleb128 0x3
  93 0045 02       		.byte	0x2
  94 0046 05       		.byte	0x5
  95 0047 4D000000 		.4byte	.LASF3
  96 004b 03       		.uleb128 0x3
  97 004c 02       		.byte	0x2
  98 004d 07       		.byte	0x7
  99 004e D6020000 		.4byte	.LASF4
 100 0052 04       		.uleb128 0x4
 101 0053 14010000 		.4byte	.LASF6
 102 0057 01       		.byte	0x1
 103 0058 4F       		.byte	0x4f
 104 0059 5D000000 		.4byte	0x5d
 105 005d 03       		.uleb128 0x3
 106 005e 04       		.byte	0x4
 107 005f 05       		.byte	0x5
 108 0060 6E010000 		.4byte	.LASF7
 109 0064 04       		.uleb128 0x4
 110 0065 23020000 		.4byte	.LASF8
 111 0069 01       		.byte	0x1
 112 006a 50       		.byte	0x50
 113 006b 6F000000 		.4byte	0x6f
 114 006f 03       		.uleb128 0x3
 115 0070 04       		.byte	0x4
 116 0071 07       		.byte	0x7
 117 0072 74030000 		.4byte	.LASF9
 118 0076 03       		.uleb128 0x3
 119 0077 08       		.byte	0x8
 120 0078 05       		.byte	0x5
 121 0079 3A010000 		.4byte	.LASF10
 122 007d 04       		.uleb128 0x4
 123 007e 39000000 		.4byte	.LASF11
 124 0082 01       		.byte	0x1
 125 0083 78       		.byte	0x78
 126 0084 88000000 		.4byte	0x88
 127 0088 03       		.uleb128 0x3
 128 0089 08       		.byte	0x8
ARM GAS  /tmp/ccpKrFlI.s 			page 4


 129 008a 07       		.byte	0x7
 130 008b 0C020000 		.4byte	.LASF12
 131 008f 04       		.uleb128 0x4
 132 0090 86030000 		.4byte	.LASF13
 133 0094 02       		.byte	0x2
 134 0095 39       		.byte	0x39
 135 0096 64000000 		.4byte	0x64
 136 009a 04       		.uleb128 0x4
 137 009b 32010000 		.4byte	.LASF14
 138 009f 02       		.byte	0x2
 139 00a0 3C       		.byte	0x3c
 140 00a1 32000000 		.4byte	0x32
 141 00a5 04       		.uleb128 0x4
 142 00a6 D4030000 		.4byte	.LASF15
 143 00aa 02       		.byte	0x2
 144 00ab 3D       		.byte	0x3d
 145 00ac 32000000 		.4byte	0x32
 146 00b0 04       		.uleb128 0x4
 147 00b1 09000000 		.4byte	.LASF16
 148 00b5 02       		.byte	0x2
 149 00b6 3E       		.byte	0x3e
 150 00b7 32000000 		.4byte	0x32
 151 00bb 04       		.uleb128 0x4
 152 00bc 4F010000 		.4byte	.LASF17
 153 00c0 02       		.byte	0x2
 154 00c1 40       		.byte	0x40
 155 00c2 64000000 		.4byte	0x64
 156 00c6 04       		.uleb128 0x4
 157 00c7 5C040000 		.4byte	.LASF18
 158 00cb 02       		.byte	0x2
 159 00cc 41       		.byte	0x41
 160 00cd 52000000 		.4byte	0x52
 161 00d1 04       		.uleb128 0x4
 162 00d2 90000000 		.4byte	.LASF19
 163 00d6 02       		.byte	0x2
 164 00d7 43       		.byte	0x43
 165 00d8 64000000 		.4byte	0x64
 166 00dc 04       		.uleb128 0x4
 167 00dd D0020000 		.4byte	.LASF20
 168 00e1 02       		.byte	0x2
 169 00e2 45       		.byte	0x45
 170 00e3 52000000 		.4byte	0x52
 171 00e7 04       		.uleb128 0x4
 172 00e8 93020000 		.4byte	.LASF21
 173 00ec 03       		.byte	0x3
 174 00ed 33       		.byte	0x33
 175 00ee 64000000 		.4byte	0x64
 176 00f2 04       		.uleb128 0x4
 177 00f3 00000000 		.4byte	.LASF22
 178 00f7 03       		.byte	0x3
 179 00f8 3F       		.byte	0x3f
 180 00f9 FD000000 		.4byte	0xfd
 181 00fd 05       		.uleb128 0x5
 182 00fe 1C010000 		.4byte	.LASF42
 183 0102 44       		.byte	0x44
 184 0103 04       		.byte	0x4
 185 0104 C2       		.byte	0xc2
ARM GAS  /tmp/ccpKrFlI.s 			page 5


 186 0105 0E020000 		.4byte	0x20e
 187 0109 06       		.uleb128 0x6
 188 010a AB030000 		.4byte	.LASF23
 189 010e 04       		.byte	0x4
 190 010f C3       		.byte	0xc3
 191 0110 19020000 		.4byte	0x219
 192 0114 02       		.byte	0x2
 193 0115 23       		.byte	0x23
 194 0116 00       		.uleb128 0
 195 0117 06       		.uleb128 0x6
 196 0118 71000000 		.4byte	.LASF24
 197 011c 04       		.byte	0x4
 198 011d C5       		.byte	0xc5
 199 011e 19020000 		.4byte	0x219
 200 0122 02       		.byte	0x2
 201 0123 23       		.byte	0x23
 202 0124 04       		.uleb128 0x4
 203 0125 06       		.uleb128 0x6
 204 0126 A7000000 		.4byte	.LASF25
 205 012a 04       		.byte	0x4
 206 012b C7       		.byte	0xc7
 207 012c BB000000 		.4byte	0xbb
 208 0130 02       		.byte	0x2
 209 0131 23       		.byte	0x23
 210 0132 08       		.uleb128 0x8
 211 0133 06       		.uleb128 0x6
 212 0134 3A040000 		.4byte	.LASF26
 213 0138 04       		.byte	0x4
 214 0139 C8       		.byte	0xc8
 215 013a 7C040000 		.4byte	0x47c
 216 013e 02       		.byte	0x2
 217 013f 23       		.byte	0x23
 218 0140 0C       		.uleb128 0xc
 219 0141 06       		.uleb128 0x6
 220 0142 04020000 		.4byte	.LASF27
 221 0146 04       		.byte	0x4
 222 0147 CA       		.byte	0xca
 223 0148 19020000 		.4byte	0x219
 224 014c 02       		.byte	0x2
 225 014d 23       		.byte	0x23
 226 014e 10       		.uleb128 0x10
 227 014f 06       		.uleb128 0x6
 228 0150 FA030000 		.4byte	.LASF28
 229 0154 04       		.byte	0x4
 230 0155 CB       		.byte	0xcb
 231 0156 19020000 		.4byte	0x219
 232 015a 02       		.byte	0x2
 233 015b 23       		.byte	0x23
 234 015c 14       		.uleb128 0x14
 235 015d 06       		.uleb128 0x6
 236 015e 48010000 		.4byte	.LASF29
 237 0162 04       		.byte	0x4
 238 0163 D2       		.byte	0xd2
 239 0164 1B060000 		.4byte	0x61b
 240 0168 02       		.byte	0x2
 241 0169 23       		.byte	0x23
 242 016a 18       		.uleb128 0x18
ARM GAS  /tmp/ccpKrFlI.s 			page 6


 243 016b 06       		.uleb128 0x6
 244 016c C1020000 		.4byte	.LASF30
 245 0170 04       		.byte	0x4
 246 0171 DD       		.byte	0xdd
 247 0172 A5000000 		.4byte	0xa5
 248 0176 02       		.byte	0x2
 249 0177 23       		.byte	0x23
 250 0178 1C       		.uleb128 0x1c
 251 0179 06       		.uleb128 0x6
 252 017a 77020000 		.4byte	.LASF31
 253 017e 04       		.byte	0x4
 254 017f E1       		.byte	0xe1
 255 0180 9A000000 		.4byte	0x9a
 256 0184 02       		.byte	0x2
 257 0185 23       		.byte	0x23
 258 0186 1D       		.uleb128 0x1d
 259 0187 06       		.uleb128 0x6
 260 0188 25040000 		.4byte	.LASF32
 261 018c 04       		.byte	0x4
 262 018d E6       		.byte	0xe6
 263 018e B0000000 		.4byte	0xb0
 264 0192 02       		.byte	0x2
 265 0193 23       		.byte	0x23
 266 0194 1E       		.uleb128 0x1e
 267 0195 07       		.uleb128 0x7
 268 0196 705F7500 		.ascii	"p_u\000"
 269 019a 04       		.byte	0x4
 270 019b 3101     		.2byte	0x131
 271 019d 4C050000 		.4byte	0x54c
 272 01a1 02       		.byte	0x2
 273 01a2 23       		.byte	0x23
 274 01a3 20       		.uleb128 0x20
 275 01a4 08       		.uleb128 0x8
 276 01a5 42030000 		.4byte	.LASF33
 277 01a9 04       		.byte	0x4
 278 01aa 3601     		.2byte	0x136
 279 01ac 1F020000 		.4byte	0x21f
 280 01b0 02       		.byte	0x2
 281 01b1 23       		.byte	0x23
 282 01b2 24       		.uleb128 0x24
 283 01b3 08       		.uleb128 0x8
 284 01b4 9C000000 		.4byte	.LASF34
 285 01b8 04       		.byte	0x4
 286 01b9 3C01     		.2byte	0x13c
 287 01bb 45020000 		.4byte	0x245
 288 01bf 02       		.byte	0x2
 289 01c0 23       		.byte	0x23
 290 01c1 28       		.uleb128 0x28
 291 01c2 08       		.uleb128 0x8
 292 01c3 D7010000 		.4byte	.LASF35
 293 01c7 04       		.byte	0x4
 294 01c8 4001     		.2byte	0x140
 295 01ca C6000000 		.4byte	0xc6
 296 01ce 02       		.byte	0x2
 297 01cf 23       		.byte	0x23
 298 01d0 30       		.uleb128 0x30
 299 01d1 08       		.uleb128 0x8
ARM GAS  /tmp/ccpKrFlI.s 			page 7


 300 01d2 66000000 		.4byte	.LASF36
 301 01d6 04       		.byte	0x4
 302 01d7 4601     		.2byte	0x146
 303 01d9 D1000000 		.4byte	0xd1
 304 01dd 02       		.byte	0x2
 305 01de 23       		.byte	0x23
 306 01df 34       		.uleb128 0x34
 307 01e0 08       		.uleb128 0x8
 308 01e1 54030000 		.4byte	.LASF37
 309 01e5 04       		.byte	0x4
 310 01e6 4D01     		.2byte	0x14d
 311 01e8 15060000 		.4byte	0x615
 312 01ec 02       		.byte	0x2
 313 01ed 23       		.byte	0x23
 314 01ee 38       		.uleb128 0x38
 315 01ef 08       		.uleb128 0x8
 316 01f0 88020000 		.4byte	.LASF38
 317 01f4 04       		.byte	0x4
 318 01f5 5101     		.2byte	0x151
 319 01f7 BB000000 		.4byte	0xbb
 320 01fb 02       		.byte	0x2
 321 01fc 23       		.byte	0x23
 322 01fd 3C       		.uleb128 0x3c
 323 01fe 08       		.uleb128 0x8
 324 01ff 61020000 		.4byte	.LASF39
 325 0203 04       		.byte	0x4
 326 0204 5801     		.2byte	0x158
 327 0206 09030000 		.4byte	0x309
 328 020a 02       		.byte	0x2
 329 020b 23       		.byte	0x23
 330 020c 40       		.uleb128 0x40
 331 020d 00       		.byte	0
 332 020e 04       		.uleb128 0x4
 333 020f B2030000 		.4byte	.LASF40
 334 0213 03       		.byte	0x3
 335 0214 44       		.byte	0x44
 336 0215 19020000 		.4byte	0x219
 337 0219 09       		.uleb128 0x9
 338 021a 04       		.byte	0x4
 339 021b F2000000 		.4byte	0xf2
 340 021f 04       		.uleb128 0x4
 341 0220 69040000 		.4byte	.LASF41
 342 0224 03       		.byte	0x3
 343 0225 49       		.byte	0x49
 344 0226 2A020000 		.4byte	0x22a
 345 022a 05       		.uleb128 0x5
 346 022b AE000000 		.4byte	.LASF43
 347 022f 04       		.byte	0x4
 348 0230 04       		.byte	0x4
 349 0231 B0       		.byte	0xb0
 350 0232 45020000 		.4byte	0x245
 351 0236 06       		.uleb128 0x6
 352 0237 AB030000 		.4byte	.LASF23
 353 023b 04       		.byte	0x4
 354 023c B1       		.byte	0xb1
 355 023d 19020000 		.4byte	0x219
 356 0241 02       		.byte	0x2
ARM GAS  /tmp/ccpKrFlI.s 			page 8


 357 0242 23       		.byte	0x23
 358 0243 00       		.uleb128 0
 359 0244 00       		.byte	0
 360 0245 04       		.uleb128 0x4
 361 0246 19000000 		.4byte	.LASF44
 362 024a 03       		.byte	0x3
 363 024b 50       		.byte	0x50
 364 024c 50020000 		.4byte	0x250
 365 0250 05       		.uleb128 0x5
 366 0251 FA000000 		.4byte	.LASF45
 367 0255 08       		.byte	0x8
 368 0256 04       		.byte	0x4
 369 0257 B7       		.byte	0xb7
 370 0258 79020000 		.4byte	0x279
 371 025c 06       		.uleb128 0x6
 372 025d AB030000 		.4byte	.LASF23
 373 0261 04       		.byte	0x4
 374 0262 B8       		.byte	0xb8
 375 0263 19020000 		.4byte	0x219
 376 0267 02       		.byte	0x2
 377 0268 23       		.byte	0x23
 378 0269 00       		.uleb128 0
 379 026a 06       		.uleb128 0x6
 380 026b 71000000 		.4byte	.LASF24
 381 026f 04       		.byte	0x4
 382 0270 B9       		.byte	0xb9
 383 0271 19020000 		.4byte	0x219
 384 0275 02       		.byte	0x2
 385 0276 23       		.byte	0x23
 386 0277 04       		.uleb128 0x4
 387 0278 00       		.byte	0
 388 0279 04       		.uleb128 0x4
 389 027a 02040000 		.4byte	.LASF46
 390 027e 03       		.byte	0x3
 391 027f 57       		.byte	0x57
 392 0280 84020000 		.4byte	0x284
 393 0284 0A       		.uleb128 0xa
 394 0285 2C040000 		.4byte	.LASF47
 395 0289 1C       		.byte	0x1c
 396 028a 04       		.byte	0x4
 397 028b 9001     		.2byte	0x190
 398 028d EC020000 		.4byte	0x2ec
 399 0291 08       		.uleb128 0x8
 400 0292 57000000 		.4byte	.LASF48
 401 0296 04       		.byte	0x4
 402 0297 9101     		.2byte	0x191
 403 0299 45020000 		.4byte	0x245
 404 029d 02       		.byte	0x2
 405 029e 23       		.byte	0x23
 406 029f 00       		.uleb128 0
 407 02a0 08       		.uleb128 0x8
 408 02a1 C9020000 		.4byte	.LASF49
 409 02a5 04       		.byte	0x4
 410 02a6 9201     		.2byte	0x192
 411 02a8 BB000000 		.4byte	0xbb
 412 02ac 02       		.byte	0x2
 413 02ad 23       		.byte	0x23
ARM GAS  /tmp/ccpKrFlI.s 			page 9


 414 02ae 08       		.uleb128 0x8
 415 02af 08       		.uleb128 0x8
 416 02b0 69020000 		.4byte	.LASF50
 417 02b4 04       		.byte	0x4
 418 02b5 9401     		.2byte	0x194
 419 02b7 7C040000 		.4byte	0x47c
 420 02bb 02       		.byte	0x2
 421 02bc 23       		.byte	0x23
 422 02bd 0C       		.uleb128 0xc
 423 02be 08       		.uleb128 0x8
 424 02bf 6F020000 		.4byte	.LASF51
 425 02c3 04       		.byte	0x4
 426 02c4 9701     		.2byte	0x197
 427 02c6 19020000 		.4byte	0x219
 428 02ca 02       		.byte	0x2
 429 02cb 23       		.byte	0x23
 430 02cc 10       		.uleb128 0x10
 431 02cd 08       		.uleb128 0x8
 432 02ce 11000000 		.4byte	.LASF52
 433 02d2 04       		.byte	0x4
 434 02d3 9801     		.2byte	0x198
 435 02d5 19020000 		.4byte	0x219
 436 02d9 02       		.byte	0x2
 437 02da 23       		.byte	0x23
 438 02db 14       		.uleb128 0x14
 439 02dc 08       		.uleb128 0x8
 440 02dd CD010000 		.4byte	.LASF53
 441 02e1 04       		.byte	0x4
 442 02e2 9B01     		.2byte	0x19b
 443 02e4 19020000 		.4byte	0x219
 444 02e8 02       		.byte	0x2
 445 02e9 23       		.byte	0x23
 446 02ea 18       		.uleb128 0x18
 447 02eb 00       		.byte	0
 448 02ec 04       		.uleb128 0x4
 449 02ed F1030000 		.4byte	.LASF54
 450 02f1 03       		.byte	0x3
 451 02f2 5C       		.byte	0x5c
 452 02f3 F7020000 		.4byte	0x2f7
 453 02f7 09       		.uleb128 0x9
 454 02f8 04       		.byte	0x4
 455 02f9 FD020000 		.4byte	0x2fd
 456 02fd 0B       		.uleb128 0xb
 457 02fe 01       		.byte	0x1
 458 02ff 09030000 		.4byte	0x309
 459 0303 0C       		.uleb128 0xc
 460 0304 09030000 		.4byte	0x309
 461 0308 00       		.byte	0
 462 0309 0D       		.uleb128 0xd
 463 030a 04       		.byte	0x4
 464 030b 04       		.uleb128 0x4
 465 030c 88010000 		.4byte	.LASF55
 466 0310 03       		.byte	0x3
 467 0311 61       		.byte	0x61
 468 0312 16030000 		.4byte	0x316
 469 0316 0A       		.uleb128 0xa
 470 0317 B0020000 		.4byte	.LASF56
ARM GAS  /tmp/ccpKrFlI.s 			page 10


 471 031b 14       		.byte	0x14
 472 031c 04       		.byte	0x4
 473 031d 6B01     		.2byte	0x16b
 474 031f 6F030000 		.4byte	0x36f
 475 0323 08       		.uleb128 0x8
 476 0324 41020000 		.4byte	.LASF57
 477 0328 04       		.byte	0x4
 478 0329 6C01     		.2byte	0x16c
 479 032b 2D060000 		.4byte	0x62d
 480 032f 02       		.byte	0x2
 481 0330 23       		.byte	0x23
 482 0331 00       		.uleb128 0
 483 0332 08       		.uleb128 0x8
 484 0333 4C030000 		.4byte	.LASF58
 485 0337 04       		.byte	0x4
 486 0338 6D01     		.2byte	0x16d
 487 033a 2D060000 		.4byte	0x62d
 488 033e 02       		.byte	0x2
 489 033f 23       		.byte	0x23
 490 0340 04       		.uleb128 0x4
 491 0341 08       		.uleb128 0x8
 492 0342 7F020000 		.4byte	.LASF59
 493 0346 04       		.byte	0x4
 494 0347 6E01     		.2byte	0x16e
 495 0349 E7000000 		.4byte	0xe7
 496 034d 02       		.byte	0x2
 497 034e 23       		.byte	0x23
 498 034f 08       		.uleb128 0x8
 499 0350 08       		.uleb128 0x8
 500 0351 CC030000 		.4byte	.LASF60
 501 0355 04       		.byte	0x4
 502 0356 6F01     		.2byte	0x16f
 503 0358 EC020000 		.4byte	0x2ec
 504 035c 02       		.byte	0x2
 505 035d 23       		.byte	0x23
 506 035e 0C       		.uleb128 0xc
 507 035f 08       		.uleb128 0x8
 508 0360 D6000000 		.4byte	.LASF61
 509 0364 04       		.byte	0x4
 510 0365 7101     		.2byte	0x171
 511 0367 09030000 		.4byte	0x309
 512 036b 02       		.byte	0x2
 513 036c 23       		.byte	0x23
 514 036d 10       		.uleb128 0x10
 515 036e 00       		.byte	0
 516 036f 04       		.uleb128 0x4
 517 0370 0F040000 		.4byte	.LASF62
 518 0374 03       		.byte	0x3
 519 0375 66       		.byte	0x66
 520 0376 7A030000 		.4byte	0x37a
 521 037a 0A       		.uleb128 0xa
 522 037b 57010000 		.4byte	.LASF63
 523 037f 10       		.byte	0x10
 524 0380 04       		.byte	0x4
 525 0381 7B01     		.2byte	0x17b
 526 0383 C4030000 		.4byte	0x3c4
 527 0387 08       		.uleb128 0x8
ARM GAS  /tmp/ccpKrFlI.s 			page 11


 528 0388 41020000 		.4byte	.LASF57
 529 038c 04       		.byte	0x4
 530 038d 7C01     		.2byte	0x17c
 531 038f 2D060000 		.4byte	0x62d
 532 0393 02       		.byte	0x2
 533 0394 23       		.byte	0x23
 534 0395 00       		.uleb128 0
 535 0396 08       		.uleb128 0x8
 536 0397 4C030000 		.4byte	.LASF58
 537 039b 04       		.byte	0x4
 538 039c 7E01     		.2byte	0x17e
 539 039e 2D060000 		.4byte	0x62d
 540 03a2 02       		.byte	0x2
 541 03a3 23       		.byte	0x23
 542 03a4 04       		.uleb128 0x4
 543 03a5 08       		.uleb128 0x8
 544 03a6 7F020000 		.4byte	.LASF59
 545 03aa 04       		.byte	0x4
 546 03ab 8001     		.2byte	0x180
 547 03ad E7000000 		.4byte	0xe7
 548 03b1 02       		.byte	0x2
 549 03b2 23       		.byte	0x23
 550 03b3 08       		.uleb128 0x8
 551 03b4 08       		.uleb128 0x8
 552 03b5 26010000 		.4byte	.LASF64
 553 03b9 04       		.byte	0x4
 554 03ba 8801     		.2byte	0x188
 555 03bc E7000000 		.4byte	0xe7
 556 03c0 02       		.byte	0x2
 557 03c1 23       		.byte	0x23
 558 03c2 0C       		.uleb128 0xc
 559 03c3 00       		.byte	0
 560 03c4 04       		.uleb128 0x4
 561 03c5 78000000 		.4byte	.LASF65
 562 03c9 03       		.byte	0x3
 563 03ca 6B       		.byte	0x6b
 564 03cb CF030000 		.4byte	0x3cf
 565 03cf 0A       		.uleb128 0xa
 566 03d0 29000000 		.4byte	.LASF66
 567 03d4 04       		.byte	0x4
 568 03d5 04       		.byte	0x4
 569 03d6 A201     		.2byte	0x1a2
 570 03d8 EC030000 		.4byte	0x3ec
 571 03dc 08       		.uleb128 0x8
 572 03dd 8E030000 		.4byte	.LASF67
 573 03e1 04       		.byte	0x4
 574 03e2 AA01     		.2byte	0x1aa
 575 03e4 33060000 		.4byte	0x633
 576 03e8 02       		.byte	0x2
 577 03e9 23       		.byte	0x23
 578 03ea 00       		.uleb128 0
 579 03eb 00       		.byte	0
 580 03ec 04       		.uleb128 0x4
 581 03ed DD000000 		.4byte	.LASF68
 582 03f1 03       		.byte	0x3
 583 03f2 70       		.byte	0x70
 584 03f3 F7030000 		.4byte	0x3f7
ARM GAS  /tmp/ccpKrFlI.s 			page 12


 585 03f7 0E       		.uleb128 0xe
 586 03f8 77010000 		.4byte	.LASF69
 587 03fc 5001     		.2byte	0x150
 588 03fe 04       		.byte	0x4
 589 03ff C201     		.2byte	0x1c2
 590 0401 5F040000 		.4byte	0x45f
 591 0405 08       		.uleb128 0x8
 592 0406 9D020000 		.4byte	.LASF70
 593 040a 04       		.byte	0x4
 594 040b C601     		.2byte	0x1c6
 595 040d 79020000 		.4byte	0x279
 596 0411 02       		.byte	0x2
 597 0412 23       		.byte	0x23
 598 0413 00       		.uleb128 0
 599 0414 08       		.uleb128 0x8
 600 0415 BE000000 		.4byte	.LASF71
 601 0419 04       		.byte	0x4
 602 041a CA01     		.2byte	0x1ca
 603 041c 6F030000 		.4byte	0x36f
 604 0420 02       		.byte	0x2
 605 0421 23       		.byte	0x23
 606 0422 1C       		.uleb128 0x1c
 607 0423 07       		.uleb128 0x7
 608 0424 64626700 		.ascii	"dbg\000"
 609 0428 04       		.byte	0x4
 610 0429 CE01     		.2byte	0x1ce
 611 042b C4030000 		.4byte	0x3c4
 612 042f 02       		.byte	0x2
 613 0430 23       		.byte	0x23
 614 0431 2C       		.uleb128 0x2c
 615 0432 08       		.uleb128 0x8
 616 0433 42000000 		.4byte	.LASF72
 617 0437 04       		.byte	0x4
 618 0438 D201     		.2byte	0x1d2
 619 043a F2000000 		.4byte	0xf2
 620 043e 02       		.byte	0x2
 621 043f 23       		.byte	0x23
 622 0440 30       		.uleb128 0x30
 623 0441 07       		.uleb128 0x7
 624 0442 746D00   		.ascii	"tm\000"
 625 0445 04       		.byte	0x4
 626 0446 D701     		.2byte	0x1d7
 627 0448 41050000 		.4byte	0x541
 628 044c 02       		.byte	0x2
 629 044d 23       		.byte	0x23
 630 044e 74       		.uleb128 0x74
 631 044f 08       		.uleb128 0x8
 632 0450 5E030000 		.4byte	.LASF73
 633 0454 04       		.byte	0x4
 634 0455 E301     		.2byte	0x1e3
 635 0457 38060000 		.4byte	0x638
 636 045b 02       		.byte	0x2
 637 045c 23       		.byte	0x23
 638 045d 78       		.uleb128 0x78
 639 045e 00       		.byte	0
 640 045f 03       		.uleb128 0x3
 641 0460 04       		.byte	0x4
ARM GAS  /tmp/ccpKrFlI.s 			page 13


 642 0461 07       		.byte	0x7
 643 0462 87000000 		.4byte	.LASF74
 644 0466 04       		.uleb128 0x4
 645 0467 E9000000 		.4byte	.LASF75
 646 046b 05       		.byte	0x5
 647 046c 65       		.byte	0x65
 648 046d 09030000 		.4byte	0x309
 649 0471 04       		.uleb128 0x4
 650 0472 DD030000 		.4byte	.LASF76
 651 0476 05       		.byte	0x5
 652 0477 6D       		.byte	0x6d
 653 0478 7D000000 		.4byte	0x7d
 654 047c 05       		.uleb128 0x5
 655 047d A0010000 		.4byte	.LASF77
 656 0481 04       		.byte	0x4
 657 0482 05       		.byte	0x5
 658 0483 89       		.byte	0x89
 659 0484 97040000 		.4byte	0x497
 660 0488 0F       		.uleb128 0xf
 661 0489 72313300 		.ascii	"r13\000"
 662 048d 05       		.byte	0x5
 663 048e 8A       		.byte	0x8a
 664 048f 24050000 		.4byte	0x524
 665 0493 02       		.byte	0x2
 666 0494 23       		.byte	0x23
 667 0495 00       		.uleb128 0
 668 0496 00       		.byte	0
 669 0497 05       		.uleb128 0x5
 670 0498 55020000 		.4byte	.LASF78
 671 049c 24       		.byte	0x24
 672 049d 06       		.byte	0x6
 673 049e FD       		.byte	0xfd
 674 049f 24050000 		.4byte	0x524
 675 04a3 07       		.uleb128 0x7
 676 04a4 723400   		.ascii	"r4\000"
 677 04a7 06       		.byte	0x6
 678 04a8 1001     		.2byte	0x110
 679 04aa 66040000 		.4byte	0x466
 680 04ae 02       		.byte	0x2
 681 04af 23       		.byte	0x23
 682 04b0 00       		.uleb128 0
 683 04b1 07       		.uleb128 0x7
 684 04b2 723500   		.ascii	"r5\000"
 685 04b5 06       		.byte	0x6
 686 04b6 1101     		.2byte	0x111
 687 04b8 66040000 		.4byte	0x466
 688 04bc 02       		.byte	0x2
 689 04bd 23       		.byte	0x23
 690 04be 04       		.uleb128 0x4
 691 04bf 07       		.uleb128 0x7
 692 04c0 723600   		.ascii	"r6\000"
 693 04c3 06       		.byte	0x6
 694 04c4 1201     		.2byte	0x112
 695 04c6 66040000 		.4byte	0x466
 696 04ca 02       		.byte	0x2
 697 04cb 23       		.byte	0x23
 698 04cc 08       		.uleb128 0x8
ARM GAS  /tmp/ccpKrFlI.s 			page 14


 699 04cd 07       		.uleb128 0x7
 700 04ce 723700   		.ascii	"r7\000"
 701 04d1 06       		.byte	0x6
 702 04d2 1301     		.2byte	0x113
 703 04d4 66040000 		.4byte	0x466
 704 04d8 02       		.byte	0x2
 705 04d9 23       		.byte	0x23
 706 04da 0C       		.uleb128 0xc
 707 04db 07       		.uleb128 0x7
 708 04dc 723800   		.ascii	"r8\000"
 709 04df 06       		.byte	0x6
 710 04e0 1401     		.2byte	0x114
 711 04e2 66040000 		.4byte	0x466
 712 04e6 02       		.byte	0x2
 713 04e7 23       		.byte	0x23
 714 04e8 10       		.uleb128 0x10
 715 04e9 07       		.uleb128 0x7
 716 04ea 723900   		.ascii	"r9\000"
 717 04ed 06       		.byte	0x6
 718 04ee 1501     		.2byte	0x115
 719 04f0 66040000 		.4byte	0x466
 720 04f4 02       		.byte	0x2
 721 04f5 23       		.byte	0x23
 722 04f6 14       		.uleb128 0x14
 723 04f7 07       		.uleb128 0x7
 724 04f8 72313000 		.ascii	"r10\000"
 725 04fc 06       		.byte	0x6
 726 04fd 1601     		.2byte	0x116
 727 04ff 66040000 		.4byte	0x466
 728 0503 02       		.byte	0x2
 729 0504 23       		.byte	0x23
 730 0505 18       		.uleb128 0x18
 731 0506 07       		.uleb128 0x7
 732 0507 72313100 		.ascii	"r11\000"
 733 050b 06       		.byte	0x6
 734 050c 1701     		.2byte	0x117
 735 050e 66040000 		.4byte	0x466
 736 0512 02       		.byte	0x2
 737 0513 23       		.byte	0x23
 738 0514 1C       		.uleb128 0x1c
 739 0515 07       		.uleb128 0x7
 740 0516 6C7200   		.ascii	"lr\000"
 741 0519 06       		.byte	0x6
 742 051a 1801     		.2byte	0x118
 743 051c 66040000 		.4byte	0x466
 744 0520 02       		.byte	0x2
 745 0521 23       		.byte	0x23
 746 0522 20       		.uleb128 0x20
 747 0523 00       		.byte	0
 748 0524 09       		.uleb128 0x9
 749 0525 04       		.byte	0x4
 750 0526 97040000 		.4byte	0x497
 751 052a 10       		.uleb128 0x10
 752 052b 04       		.byte	0x4
 753 052c 07       		.byte	0x7
 754 052d 38       		.byte	0x38
 755 052e 41050000 		.4byte	0x541
ARM GAS  /tmp/ccpKrFlI.s 			page 15


 756 0532 06       		.uleb128 0x6
 757 0533 81010000 		.4byte	.LASF79
 758 0537 07       		.byte	0x7
 759 0538 3C       		.byte	0x3c
 760 0539 8F000000 		.4byte	0x8f
 761 053d 02       		.byte	0x2
 762 053e 23       		.byte	0x23
 763 053f 00       		.uleb128 0
 764 0540 00       		.byte	0
 765 0541 04       		.uleb128 0x4
 766 0542 C5000000 		.4byte	.LASF80
 767 0546 07       		.byte	0x7
 768 0547 3D       		.byte	0x3d
 769 0548 2A050000 		.4byte	0x52a
 770 054c 11       		.uleb128 0x11
 771 054d 04       		.byte	0x4
 772 054e 04       		.byte	0x4
 773 054f FA       		.byte	0xfa
 774 0550 A9050000 		.4byte	0x5a9
 775 0554 12       		.uleb128 0x12
 776 0555 55040000 		.4byte	.LASF81
 777 0559 04       		.byte	0x4
 778 055a 0101     		.2byte	0x101
 779 055c C6000000 		.4byte	0xc6
 780 0560 12       		.uleb128 0x12
 781 0561 E8030000 		.4byte	.LASF82
 782 0565 04       		.byte	0x4
 783 0566 0801     		.2byte	0x108
 784 0568 C6000000 		.4byte	0xc6
 785 056c 12       		.uleb128 0x12
 786 056d C5030000 		.4byte	.LASF83
 787 0571 04       		.byte	0x4
 788 0572 0F01     		.2byte	0x10f
 789 0574 09030000 		.4byte	0x309
 790 0578 12       		.uleb128 0x12
 791 0579 98030000 		.4byte	.LASF84
 792 057d 04       		.byte	0x4
 793 057e 1601     		.2byte	0x116
 794 0580 A9050000 		.4byte	0x5a9
 795 0584 12       		.uleb128 0x12
 796 0585 6D030000 		.4byte	.LASF85
 797 0589 04       		.byte	0x4
 798 058a 1E01     		.2byte	0x11e
 799 058c D8050000 		.4byte	0x5d8
 800 0590 12       		.uleb128 0x12
 801 0591 62040000 		.4byte	.LASF86
 802 0595 04       		.byte	0x4
 803 0596 2701     		.2byte	0x127
 804 0598 15060000 		.4byte	0x615
 805 059c 12       		.uleb128 0x12
 806 059d F1010000 		.4byte	.LASF87
 807 05a1 04       		.byte	0x4
 808 05a2 2F01     		.2byte	0x12f
 809 05a4 D1000000 		.4byte	0xd1
 810 05a8 00       		.byte	0
 811 05a9 09       		.uleb128 0x9
 812 05aa 04       		.byte	0x4
ARM GAS  /tmp/ccpKrFlI.s 			page 16


 813 05ab 0E020000 		.4byte	0x20e
 814 05af 05       		.uleb128 0x5
 815 05b0 9E030000 		.4byte	.LASF88
 816 05b4 0C       		.byte	0xc
 817 05b5 08       		.byte	0x8
 818 05b6 34       		.byte	0x34
 819 05b7 D8050000 		.4byte	0x5d8
 820 05bb 06       		.uleb128 0x6
 821 05bc A8020000 		.4byte	.LASF89
 822 05c0 08       		.byte	0x8
 823 05c1 35       		.byte	0x35
 824 05c2 45020000 		.4byte	0x245
 825 05c6 02       		.byte	0x2
 826 05c7 23       		.byte	0x23
 827 05c8 00       		.uleb128 0
 828 05c9 06       		.uleb128 0x6
 829 05ca DD010000 		.4byte	.LASF90
 830 05ce 08       		.byte	0x8
 831 05cf 37       		.byte	0x37
 832 05d0 DC000000 		.4byte	0xdc
 833 05d4 02       		.byte	0x2
 834 05d5 23       		.byte	0x23
 835 05d6 08       		.uleb128 0x8
 836 05d7 00       		.byte	0
 837 05d8 09       		.uleb128 0x9
 838 05d9 04       		.byte	0x4
 839 05da AF050000 		.4byte	0x5af
 840 05de 05       		.uleb128 0x5
 841 05df 0B010000 		.4byte	.LASF91
 842 05e3 10       		.byte	0x10
 843 05e4 09       		.byte	0x9
 844 05e5 39       		.byte	0x39
 845 05e6 15060000 		.4byte	0x615
 846 05ea 06       		.uleb128 0x6
 847 05eb 98010000 		.4byte	.LASF92
 848 05ef 09       		.byte	0x9
 849 05f0 3A       		.byte	0x3a
 850 05f1 45020000 		.4byte	0x245
 851 05f5 02       		.byte	0x2
 852 05f6 23       		.byte	0x23
 853 05f7 00       		.uleb128 0
 854 05f8 06       		.uleb128 0x6
 855 05f9 4D040000 		.4byte	.LASF93
 856 05fd 09       		.byte	0x9
 857 05fe 3C       		.byte	0x3c
 858 05ff 19020000 		.4byte	0x219
 859 0603 02       		.byte	0x2
 860 0604 23       		.byte	0x23
 861 0605 08       		.uleb128 0x8
 862 0606 06       		.uleb128 0x6
 863 0607 5F000000 		.4byte	.LASF94
 864 060b 09       		.byte	0x9
 865 060c 3E       		.byte	0x3e
 866 060d 53060000 		.4byte	0x653
 867 0611 02       		.byte	0x2
 868 0612 23       		.byte	0x23
 869 0613 0C       		.uleb128 0xc
ARM GAS  /tmp/ccpKrFlI.s 			page 17


 870 0614 00       		.byte	0
 871 0615 09       		.uleb128 0x9
 872 0616 04       		.byte	0x4
 873 0617 DE050000 		.4byte	0x5de
 874 061b 09       		.uleb128 0x9
 875 061c 04       		.byte	0x4
 876 061d 21060000 		.4byte	0x621
 877 0621 13       		.uleb128 0x13
 878 0622 26060000 		.4byte	0x626
 879 0626 03       		.uleb128 0x3
 880 0627 01       		.byte	0x1
 881 0628 08       		.byte	0x8
 882 0629 A3020000 		.4byte	.LASF95
 883 062d 09       		.uleb128 0x9
 884 062e 04       		.byte	0x4
 885 062f 0B030000 		.4byte	0x30b
 886 0633 14       		.uleb128 0x14
 887 0634 1B060000 		.4byte	0x61b
 888 0638 15       		.uleb128 0x15
 889 0639 71040000 		.4byte	0x471
 890 063d 48060000 		.4byte	0x648
 891 0641 16       		.uleb128 0x16
 892 0642 5F040000 		.4byte	0x45f
 893 0646 1A       		.byte	0x1a
 894 0647 00       		.byte	0
 895 0648 04       		.uleb128 0x4
 896 0649 39020000 		.4byte	.LASF96
 897 064d 09       		.byte	0x9
 898 064e 34       		.byte	0x34
 899 064f DE050000 		.4byte	0x5de
 900 0653 09       		.uleb128 0x9
 901 0654 04       		.byte	0x4
 902 0655 48060000 		.4byte	0x648
 903 0659 17       		.uleb128 0x17
 904 065a 40040000 		.4byte	.LASF97
 905 065e 0A       		.byte	0xa
 906 065f FA06     		.2byte	0x6fa
 907 0661 67060000 		.4byte	0x667
 908 0665 01       		.byte	0x1
 909 0666 01       		.byte	0x1
 910 0667 14       		.uleb128 0x14
 911 0668 52000000 		.4byte	0x52
 912 066c 18       		.uleb128 0x18
 913 066d 636800   		.ascii	"ch\000"
 914 0670 04       		.byte	0x4
 915 0671 0902     		.2byte	0x209
 916 0673 EC030000 		.4byte	0x3ec
 917 0677 01       		.byte	0x1
 918 0678 01       		.byte	0x1
 919 0679 00       		.byte	0
 920              		.section	.debug_abbrev,"",%progbits
 921              	.Ldebug_abbrev0:
 922 0000 01       		.uleb128 0x1
 923 0001 11       		.uleb128 0x11
 924 0002 01       		.byte	0x1
 925 0003 25       		.uleb128 0x25
 926 0004 0E       		.uleb128 0xe
ARM GAS  /tmp/ccpKrFlI.s 			page 18


 927 0005 13       		.uleb128 0x13
 928 0006 0B       		.uleb128 0xb
 929 0007 03       		.uleb128 0x3
 930 0008 0E       		.uleb128 0xe
 931 0009 1B       		.uleb128 0x1b
 932 000a 0E       		.uleb128 0xe
 933 000b 10       		.uleb128 0x10
 934 000c 06       		.uleb128 0x6
 935 000d 00       		.byte	0
 936 000e 00       		.byte	0
 937 000f 02       		.uleb128 0x2
 938 0010 24       		.uleb128 0x24
 939 0011 00       		.byte	0
 940 0012 0B       		.uleb128 0xb
 941 0013 0B       		.uleb128 0xb
 942 0014 3E       		.uleb128 0x3e
 943 0015 0B       		.uleb128 0xb
 944 0016 03       		.uleb128 0x3
 945 0017 08       		.uleb128 0x8
 946 0018 00       		.byte	0
 947 0019 00       		.byte	0
 948 001a 03       		.uleb128 0x3
 949 001b 24       		.uleb128 0x24
 950 001c 00       		.byte	0
 951 001d 0B       		.uleb128 0xb
 952 001e 0B       		.uleb128 0xb
 953 001f 3E       		.uleb128 0x3e
 954 0020 0B       		.uleb128 0xb
 955 0021 03       		.uleb128 0x3
 956 0022 0E       		.uleb128 0xe
 957 0023 00       		.byte	0
 958 0024 00       		.byte	0
 959 0025 04       		.uleb128 0x4
 960 0026 16       		.uleb128 0x16
 961 0027 00       		.byte	0
 962 0028 03       		.uleb128 0x3
 963 0029 0E       		.uleb128 0xe
 964 002a 3A       		.uleb128 0x3a
 965 002b 0B       		.uleb128 0xb
 966 002c 3B       		.uleb128 0x3b
 967 002d 0B       		.uleb128 0xb
 968 002e 49       		.uleb128 0x49
 969 002f 13       		.uleb128 0x13
 970 0030 00       		.byte	0
 971 0031 00       		.byte	0
 972 0032 05       		.uleb128 0x5
 973 0033 13       		.uleb128 0x13
 974 0034 01       		.byte	0x1
 975 0035 03       		.uleb128 0x3
 976 0036 0E       		.uleb128 0xe
 977 0037 0B       		.uleb128 0xb
 978 0038 0B       		.uleb128 0xb
 979 0039 3A       		.uleb128 0x3a
 980 003a 0B       		.uleb128 0xb
 981 003b 3B       		.uleb128 0x3b
 982 003c 0B       		.uleb128 0xb
 983 003d 01       		.uleb128 0x1
ARM GAS  /tmp/ccpKrFlI.s 			page 19


 984 003e 13       		.uleb128 0x13
 985 003f 00       		.byte	0
 986 0040 00       		.byte	0
 987 0041 06       		.uleb128 0x6
 988 0042 0D       		.uleb128 0xd
 989 0043 00       		.byte	0
 990 0044 03       		.uleb128 0x3
 991 0045 0E       		.uleb128 0xe
 992 0046 3A       		.uleb128 0x3a
 993 0047 0B       		.uleb128 0xb
 994 0048 3B       		.uleb128 0x3b
 995 0049 0B       		.uleb128 0xb
 996 004a 49       		.uleb128 0x49
 997 004b 13       		.uleb128 0x13
 998 004c 38       		.uleb128 0x38
 999 004d 0A       		.uleb128 0xa
 1000 004e 00       		.byte	0
 1001 004f 00       		.byte	0
 1002 0050 07       		.uleb128 0x7
 1003 0051 0D       		.uleb128 0xd
 1004 0052 00       		.byte	0
 1005 0053 03       		.uleb128 0x3
 1006 0054 08       		.uleb128 0x8
 1007 0055 3A       		.uleb128 0x3a
 1008 0056 0B       		.uleb128 0xb
 1009 0057 3B       		.uleb128 0x3b
 1010 0058 05       		.uleb128 0x5
 1011 0059 49       		.uleb128 0x49
 1012 005a 13       		.uleb128 0x13
 1013 005b 38       		.uleb128 0x38
 1014 005c 0A       		.uleb128 0xa
 1015 005d 00       		.byte	0
 1016 005e 00       		.byte	0
 1017 005f 08       		.uleb128 0x8
 1018 0060 0D       		.uleb128 0xd
 1019 0061 00       		.byte	0
 1020 0062 03       		.uleb128 0x3
 1021 0063 0E       		.uleb128 0xe
 1022 0064 3A       		.uleb128 0x3a
 1023 0065 0B       		.uleb128 0xb
 1024 0066 3B       		.uleb128 0x3b
 1025 0067 05       		.uleb128 0x5
 1026 0068 49       		.uleb128 0x49
 1027 0069 13       		.uleb128 0x13
 1028 006a 38       		.uleb128 0x38
 1029 006b 0A       		.uleb128 0xa
 1030 006c 00       		.byte	0
 1031 006d 00       		.byte	0
 1032 006e 09       		.uleb128 0x9
 1033 006f 0F       		.uleb128 0xf
 1034 0070 00       		.byte	0
 1035 0071 0B       		.uleb128 0xb
 1036 0072 0B       		.uleb128 0xb
 1037 0073 49       		.uleb128 0x49
 1038 0074 13       		.uleb128 0x13
 1039 0075 00       		.byte	0
 1040 0076 00       		.byte	0
ARM GAS  /tmp/ccpKrFlI.s 			page 20


 1041 0077 0A       		.uleb128 0xa
 1042 0078 13       		.uleb128 0x13
 1043 0079 01       		.byte	0x1
 1044 007a 03       		.uleb128 0x3
 1045 007b 0E       		.uleb128 0xe
 1046 007c 0B       		.uleb128 0xb
 1047 007d 0B       		.uleb128 0xb
 1048 007e 3A       		.uleb128 0x3a
 1049 007f 0B       		.uleb128 0xb
 1050 0080 3B       		.uleb128 0x3b
 1051 0081 05       		.uleb128 0x5
 1052 0082 01       		.uleb128 0x1
 1053 0083 13       		.uleb128 0x13
 1054 0084 00       		.byte	0
 1055 0085 00       		.byte	0
 1056 0086 0B       		.uleb128 0xb
 1057 0087 15       		.uleb128 0x15
 1058 0088 01       		.byte	0x1
 1059 0089 27       		.uleb128 0x27
 1060 008a 0C       		.uleb128 0xc
 1061 008b 01       		.uleb128 0x1
 1062 008c 13       		.uleb128 0x13
 1063 008d 00       		.byte	0
 1064 008e 00       		.byte	0
 1065 008f 0C       		.uleb128 0xc
 1066 0090 05       		.uleb128 0x5
 1067 0091 00       		.byte	0
 1068 0092 49       		.uleb128 0x49
 1069 0093 13       		.uleb128 0x13
 1070 0094 00       		.byte	0
 1071 0095 00       		.byte	0
 1072 0096 0D       		.uleb128 0xd
 1073 0097 0F       		.uleb128 0xf
 1074 0098 00       		.byte	0
 1075 0099 0B       		.uleb128 0xb
 1076 009a 0B       		.uleb128 0xb
 1077 009b 00       		.byte	0
 1078 009c 00       		.byte	0
 1079 009d 0E       		.uleb128 0xe
 1080 009e 13       		.uleb128 0x13
 1081 009f 01       		.byte	0x1
 1082 00a0 03       		.uleb128 0x3
 1083 00a1 0E       		.uleb128 0xe
 1084 00a2 0B       		.uleb128 0xb
 1085 00a3 05       		.uleb128 0x5
 1086 00a4 3A       		.uleb128 0x3a
 1087 00a5 0B       		.uleb128 0xb
 1088 00a6 3B       		.uleb128 0x3b
 1089 00a7 05       		.uleb128 0x5
 1090 00a8 01       		.uleb128 0x1
 1091 00a9 13       		.uleb128 0x13
 1092 00aa 00       		.byte	0
 1093 00ab 00       		.byte	0
 1094 00ac 0F       		.uleb128 0xf
 1095 00ad 0D       		.uleb128 0xd
 1096 00ae 00       		.byte	0
 1097 00af 03       		.uleb128 0x3
ARM GAS  /tmp/ccpKrFlI.s 			page 21


 1098 00b0 08       		.uleb128 0x8
 1099 00b1 3A       		.uleb128 0x3a
 1100 00b2 0B       		.uleb128 0xb
 1101 00b3 3B       		.uleb128 0x3b
 1102 00b4 0B       		.uleb128 0xb
 1103 00b5 49       		.uleb128 0x49
 1104 00b6 13       		.uleb128 0x13
 1105 00b7 38       		.uleb128 0x38
 1106 00b8 0A       		.uleb128 0xa
 1107 00b9 00       		.byte	0
 1108 00ba 00       		.byte	0
 1109 00bb 10       		.uleb128 0x10
 1110 00bc 13       		.uleb128 0x13
 1111 00bd 01       		.byte	0x1
 1112 00be 0B       		.uleb128 0xb
 1113 00bf 0B       		.uleb128 0xb
 1114 00c0 3A       		.uleb128 0x3a
 1115 00c1 0B       		.uleb128 0xb
 1116 00c2 3B       		.uleb128 0x3b
 1117 00c3 0B       		.uleb128 0xb
 1118 00c4 01       		.uleb128 0x1
 1119 00c5 13       		.uleb128 0x13
 1120 00c6 00       		.byte	0
 1121 00c7 00       		.byte	0
 1122 00c8 11       		.uleb128 0x11
 1123 00c9 17       		.uleb128 0x17
 1124 00ca 01       		.byte	0x1
 1125 00cb 0B       		.uleb128 0xb
 1126 00cc 0B       		.uleb128 0xb
 1127 00cd 3A       		.uleb128 0x3a
 1128 00ce 0B       		.uleb128 0xb
 1129 00cf 3B       		.uleb128 0x3b
 1130 00d0 0B       		.uleb128 0xb
 1131 00d1 01       		.uleb128 0x1
 1132 00d2 13       		.uleb128 0x13
 1133 00d3 00       		.byte	0
 1134 00d4 00       		.byte	0
 1135 00d5 12       		.uleb128 0x12
 1136 00d6 0D       		.uleb128 0xd
 1137 00d7 00       		.byte	0
 1138 00d8 03       		.uleb128 0x3
 1139 00d9 0E       		.uleb128 0xe
 1140 00da 3A       		.uleb128 0x3a
 1141 00db 0B       		.uleb128 0xb
 1142 00dc 3B       		.uleb128 0x3b
 1143 00dd 05       		.uleb128 0x5
 1144 00de 49       		.uleb128 0x49
 1145 00df 13       		.uleb128 0x13
 1146 00e0 00       		.byte	0
 1147 00e1 00       		.byte	0
 1148 00e2 13       		.uleb128 0x13
 1149 00e3 26       		.uleb128 0x26
 1150 00e4 00       		.byte	0
 1151 00e5 49       		.uleb128 0x49
 1152 00e6 13       		.uleb128 0x13
 1153 00e7 00       		.byte	0
 1154 00e8 00       		.byte	0
ARM GAS  /tmp/ccpKrFlI.s 			page 22


 1155 00e9 14       		.uleb128 0x14
 1156 00ea 35       		.uleb128 0x35
 1157 00eb 00       		.byte	0
 1158 00ec 49       		.uleb128 0x49
 1159 00ed 13       		.uleb128 0x13
 1160 00ee 00       		.byte	0
 1161 00ef 00       		.byte	0
 1162 00f0 15       		.uleb128 0x15
 1163 00f1 01       		.uleb128 0x1
 1164 00f2 01       		.byte	0x1
 1165 00f3 49       		.uleb128 0x49
 1166 00f4 13       		.uleb128 0x13
 1167 00f5 01       		.uleb128 0x1
 1168 00f6 13       		.uleb128 0x13
 1169 00f7 00       		.byte	0
 1170 00f8 00       		.byte	0
 1171 00f9 16       		.uleb128 0x16
 1172 00fa 21       		.uleb128 0x21
 1173 00fb 00       		.byte	0
 1174 00fc 49       		.uleb128 0x49
 1175 00fd 13       		.uleb128 0x13
 1176 00fe 2F       		.uleb128 0x2f
 1177 00ff 0B       		.uleb128 0xb
 1178 0100 00       		.byte	0
 1179 0101 00       		.byte	0
 1180 0102 17       		.uleb128 0x17
 1181 0103 34       		.uleb128 0x34
 1182 0104 00       		.byte	0
 1183 0105 03       		.uleb128 0x3
 1184 0106 0E       		.uleb128 0xe
 1185 0107 3A       		.uleb128 0x3a
 1186 0108 0B       		.uleb128 0xb
 1187 0109 3B       		.uleb128 0x3b
 1188 010a 05       		.uleb128 0x5
 1189 010b 49       		.uleb128 0x49
 1190 010c 13       		.uleb128 0x13
 1191 010d 3F       		.uleb128 0x3f
 1192 010e 0C       		.uleb128 0xc
 1193 010f 3C       		.uleb128 0x3c
 1194 0110 0C       		.uleb128 0xc
 1195 0111 00       		.byte	0
 1196 0112 00       		.byte	0
 1197 0113 18       		.uleb128 0x18
 1198 0114 34       		.uleb128 0x34
 1199 0115 00       		.byte	0
 1200 0116 03       		.uleb128 0x3
 1201 0117 08       		.uleb128 0x8
 1202 0118 3A       		.uleb128 0x3a
 1203 0119 0B       		.uleb128 0xb
 1204 011a 3B       		.uleb128 0x3b
 1205 011b 05       		.uleb128 0x5
 1206 011c 49       		.uleb128 0x49
 1207 011d 13       		.uleb128 0x13
 1208 011e 3F       		.uleb128 0x3f
 1209 011f 0C       		.uleb128 0xc
 1210 0120 3C       		.uleb128 0x3c
 1211 0121 0C       		.uleb128 0xc
ARM GAS  /tmp/ccpKrFlI.s 			page 23


 1212 0122 00       		.byte	0
 1213 0123 00       		.byte	0
 1214 0124 00       		.byte	0
 1215              		.section	.debug_aranges,"",%progbits
 1216 0000 14000000 		.4byte	0x14
 1217 0004 0200     		.2byte	0x2
 1218 0006 00000000 		.4byte	.Ldebug_info0
 1219 000a 04       		.byte	0x4
 1220 000b 00       		.byte	0
 1221 000c 0000     		.2byte	0
 1222 000e 0000     		.2byte	0
 1223 0010 00000000 		.4byte	0
 1224 0014 00000000 		.4byte	0
 1225              		.section	.debug_line,"",%progbits
 1226              	.Ldebug_line0:
 1227 0000 63010000 		.section	.debug_str,"MS",%progbits,1
 1227      02005D01 
 1227      00000201 
 1227      FB0E0D00 
 1227      01010101 
 1228              	.LASF22:
 1229 0000 74687265 		.ascii	"thread_t\000"
 1229      61645F74 
 1229      00
 1230              	.LASF16:
 1231 0009 74726566 		.ascii	"trefs_t\000"
 1231      735F7400 
 1232              	.LASF52:
 1233 0011 725F6F6C 		.ascii	"r_older\000"
 1233      64657200 
 1234              	.LASF44:
 1235 0019 74687265 		.ascii	"threads_queue_t\000"
 1235      6164735F 
 1235      71756575 
 1235      655F7400 
 1236              	.LASF66:
 1237 0029 63685F73 		.ascii	"ch_system_debug\000"
 1237      79737465 
 1237      6D5F6465 
 1237      62756700 
 1238              	.LASF11:
 1239 0039 75696E74 		.ascii	"uint64_t\000"
 1239      36345F74 
 1239      00
 1240              	.LASF72:
 1241 0042 6D61696E 		.ascii	"mainthread\000"
 1241      74687265 
 1241      616400
 1242              	.LASF3:
 1243 004d 73686F72 		.ascii	"short int\000"
 1243      7420696E 
 1243      7400
 1244              	.LASF48:
 1245 0057 725F7175 		.ascii	"r_queue\000"
 1245      65756500 
 1246              	.LASF94:
 1247 005f 6D5F6E65 		.ascii	"m_next\000"
ARM GAS  /tmp/ccpKrFlI.s 			page 24


 1247      787400
 1248              	.LASF36:
 1249 0066 705F6570 		.ascii	"p_epending\000"
 1249      656E6469 
 1249      6E6700
 1250              	.LASF24:
 1251 0071 705F7072 		.ascii	"p_prev\000"
 1251      657600
 1252              	.LASF65:
 1253 0078 73797374 		.ascii	"system_debug_t\000"
 1253      656D5F64 
 1253      65627567 
 1253      5F7400
 1254              	.LASF74:
 1255 0087 73697A65 		.ascii	"sizetype\000"
 1255      74797065 
 1255      00
 1256              	.LASF19:
 1257 0090 6576656E 		.ascii	"eventmask_t\000"
 1257      746D6173 
 1257      6B5F7400 
 1258              	.LASF34:
 1259 009c 705F6D73 		.ascii	"p_msgqueue\000"
 1259      67717565 
 1259      756500
 1260              	.LASF25:
 1261 00a7 705F7072 		.ascii	"p_prio\000"
 1261      696F00
 1262              	.LASF43:
 1263 00ae 63685F74 		.ascii	"ch_threads_list\000"
 1263      68726561 
 1263      64735F6C 
 1263      69737400 
 1264              	.LASF71:
 1265 00be 76746C69 		.ascii	"vtlist\000"
 1265      737400
 1266              	.LASF80:
 1267 00c5 746D5F63 		.ascii	"tm_calibration_t\000"
 1267      616C6962 
 1267      72617469 
 1267      6F6E5F74 
 1267      00
 1268              	.LASF61:
 1269 00d6 76745F70 		.ascii	"vt_par\000"
 1269      617200
 1270              	.LASF68:
 1271 00dd 63685F73 		.ascii	"ch_system_t\000"
 1271      79737465 
 1271      6D5F7400 
 1272              	.LASF75:
 1273 00e9 72656761 		.ascii	"regarm_t\000"
 1273      726D5F74 
 1273      00
 1274              	.LASF5:
 1275 00f2 75696E74 		.ascii	"uint8_t\000"
 1275      385F7400 
 1276              	.LASF45:
ARM GAS  /tmp/ccpKrFlI.s 			page 25


 1277 00fa 63685F74 		.ascii	"ch_threads_queue\000"
 1277      68726561 
 1277      64735F71 
 1277      75657565 
 1277      00
 1278              	.LASF91:
 1279 010b 63685F6D 		.ascii	"ch_mutex\000"
 1279      75746578 
 1279      00
 1280              	.LASF6:
 1281 0114 696E7433 		.ascii	"int32_t\000"
 1281      325F7400 
 1282              	.LASF42:
 1283 011c 63685F74 		.ascii	"ch_thread\000"
 1283      68726561 
 1283      6400
 1284              	.LASF64:
 1285 0126 76745F6C 		.ascii	"vt_lasttime\000"
 1285      61737474 
 1285      696D6500 
 1286              	.LASF14:
 1287 0132 746D6F64 		.ascii	"tmode_t\000"
 1287      655F7400 
 1288              	.LASF10:
 1289 013a 6C6F6E67 		.ascii	"long long int\000"
 1289      206C6F6E 
 1289      6720696E 
 1289      7400
 1290              	.LASF29:
 1291 0148 705F6E61 		.ascii	"p_name\000"
 1291      6D6500
 1292              	.LASF17:
 1293 014f 74707269 		.ascii	"tprio_t\000"
 1293      6F5F7400 
 1294              	.LASF63:
 1295 0157 63685F76 		.ascii	"ch_virtual_timers_list\000"
 1295      69727475 
 1295      616C5F74 
 1295      696D6572 
 1295      735F6C69 
 1296              	.LASF7:
 1297 016e 6C6F6E67 		.ascii	"long int\000"
 1297      20696E74 
 1297      00
 1298              	.LASF69:
 1299 0177 63685F73 		.ascii	"ch_system\000"
 1299      79737465 
 1299      6D00
 1300              	.LASF79:
 1301 0181 6F666673 		.ascii	"offset\000"
 1301      657400
 1302              	.LASF55:
 1303 0188 76697274 		.ascii	"virtual_timer_t\000"
 1303      75616C5F 
 1303      74696D65 
 1303      725F7400 
 1304              	.LASF92:
ARM GAS  /tmp/ccpKrFlI.s 			page 26


 1305 0198 6D5F7175 		.ascii	"m_queue\000"
 1305      65756500 
 1306              	.LASF77:
 1307 01a0 636F6E74 		.ascii	"context\000"
 1307      65787400 
 1308              	.LASF99:
 1309 01a8 2E2E2F2E 		.ascii	"../../../os/rt/ports/ARMCMx/chcore.c\000"
 1309      2E2F2E2E 
 1309      2F6F732F 
 1309      72742F70 
 1309      6F727473 
 1310              	.LASF53:
 1311 01cd 725F6375 		.ascii	"r_current\000"
 1311      7272656E 
 1311      7400
 1312              	.LASF35:
 1313 01d7 705F6D73 		.ascii	"p_msg\000"
 1313      6700
 1314              	.LASF90:
 1315 01dd 735F636E 		.ascii	"s_cnt\000"
 1315      7400
 1316              	.LASF2:
 1317 01e3 756E7369 		.ascii	"unsigned char\000"
 1317      676E6564 
 1317      20636861 
 1317      7200
 1318              	.LASF87:
 1319 01f1 65776D61 		.ascii	"ewmask\000"
 1319      736B00
 1320              	.LASF1:
 1321 01f8 7369676E 		.ascii	"signed char\000"
 1321      65642063 
 1321      68617200 
 1322              	.LASF27:
 1323 0204 705F6E65 		.ascii	"p_newer\000"
 1323      77657200 
 1324              	.LASF12:
 1325 020c 6C6F6E67 		.ascii	"long long unsigned int\000"
 1325      206C6F6E 
 1325      6720756E 
 1325      7369676E 
 1325      65642069 
 1326              	.LASF8:
 1327 0223 75696E74 		.ascii	"uint32_t\000"
 1327      33325F74 
 1327      00
 1328              	.LASF0:
 1329 022c 756E7369 		.ascii	"unsigned int\000"
 1329      676E6564 
 1329      20696E74 
 1329      00
 1330              	.LASF96:
 1331 0239 6D757465 		.ascii	"mutex_t\000"
 1331      785F7400 
 1332              	.LASF57:
 1333 0241 76745F6E 		.ascii	"vt_next\000"
 1333      65787400 
ARM GAS  /tmp/ccpKrFlI.s 			page 27


 1334              	.LASF98:
 1335 0249 474E5520 		.ascii	"GNU C 4.7.2\000"
 1335      4320342E 
 1335      372E3200 
 1336              	.LASF78:
 1337 0255 706F7274 		.ascii	"port_intctx\000"
 1337      5F696E74 
 1337      63747800 
 1338              	.LASF39:
 1339 0261 705F6D70 		.ascii	"p_mpool\000"
 1339      6F6F6C00 
 1340              	.LASF50:
 1341 0269 725F6374 		.ascii	"r_ctx\000"
 1341      7800
 1342              	.LASF51:
 1343 026f 725F6E65 		.ascii	"r_newer\000"
 1343      77657200 
 1344              	.LASF31:
 1345 0277 705F666C 		.ascii	"p_flags\000"
 1345      61677300 
 1346              	.LASF59:
 1347 027f 76745F64 		.ascii	"vt_delta\000"
 1347      656C7461 
 1347      00
 1348              	.LASF38:
 1349 0288 705F7265 		.ascii	"p_realprio\000"
 1349      616C7072 
 1349      696F00
 1350              	.LASF21:
 1351 0293 73797374 		.ascii	"systime_t\000"
 1351      696D655F 
 1351      7400
 1352              	.LASF70:
 1353 029d 726C6973 		.ascii	"rlist\000"
 1353      7400
 1354              	.LASF95:
 1355 02a3 63686172 		.ascii	"char\000"
 1355      00
 1356              	.LASF89:
 1357 02a8 735F7175 		.ascii	"s_queue\000"
 1357      65756500 
 1358              	.LASF56:
 1359 02b0 63685F76 		.ascii	"ch_virtual_timer\000"
 1359      69727475 
 1359      616C5F74 
 1359      696D6572 
 1359      00
 1360              	.LASF30:
 1361 02c1 705F7374 		.ascii	"p_state\000"
 1361      61746500 
 1362              	.LASF49:
 1363 02c9 725F7072 		.ascii	"r_prio\000"
 1363      696F00
 1364              	.LASF20:
 1365 02d0 636E745F 		.ascii	"cnt_t\000"
 1365      7400
 1366              	.LASF4:
ARM GAS  /tmp/ccpKrFlI.s 			page 28


 1367 02d6 73686F72 		.ascii	"short unsigned int\000"
 1367      7420756E 
 1367      7369676E 
 1367      65642069 
 1367      6E7400
 1368              	.LASF100:
 1369 02e9 2F686F6D 		.ascii	"/home/sylvain/Documents/TelecomRobotics/ChibiOS_16."
 1369      652F7379 
 1369      6C766169 
 1369      6E2F446F 
 1369      63756D65 
 1370 031c 312E372F 		.ascii	"1.7/demos/STM32/RT-STM32F302R8-NUCLEO\000"
 1370      64656D6F 
 1370      732F5354 
 1370      4D33322F 
 1370      52542D53 
 1371              	.LASF33:
 1372 0342 705F7761 		.ascii	"p_waiting\000"
 1372      6974696E 
 1372      6700
 1373              	.LASF58:
 1374 034c 76745F70 		.ascii	"vt_prev\000"
 1374      72657600 
 1375              	.LASF37:
 1376 0354 705F6D74 		.ascii	"p_mtxlist\000"
 1376      786C6973 
 1376      7400
 1377              	.LASF73:
 1378 035e 69646C65 		.ascii	"idle_thread_wa\000"
 1378      5F746872 
 1378      6561645F 
 1378      776100
 1379              	.LASF85:
 1380 036d 77747365 		.ascii	"wtsemp\000"
 1380      6D7000
 1381              	.LASF9:
 1382 0374 6C6F6E67 		.ascii	"long unsigned int\000"
 1382      20756E73 
 1382      69676E65 
 1382      6420696E 
 1382      7400
 1383              	.LASF13:
 1384 0386 7274636E 		.ascii	"rtcnt_t\000"
 1384      745F7400 
 1385              	.LASF67:
 1386 038e 70616E69 		.ascii	"panic_msg\000"
 1386      635F6D73 
 1386      6700
 1387              	.LASF84:
 1388 0398 77747472 		.ascii	"wttrp\000"
 1388      7000
 1389              	.LASF88:
 1390 039e 63685F73 		.ascii	"ch_semaphore\000"
 1390      656D6170 
 1390      686F7265 
 1390      00
 1391              	.LASF23:
ARM GAS  /tmp/ccpKrFlI.s 			page 29


 1392 03ab 705F6E65 		.ascii	"p_next\000"
 1392      787400
 1393              	.LASF40:
 1394 03b2 74687265 		.ascii	"thread_reference_t\000"
 1394      61645F72 
 1394      65666572 
 1394      656E6365 
 1394      5F7400
 1395              	.LASF83:
 1396 03c5 77746F62 		.ascii	"wtobjp\000"
 1396      6A7000
 1397              	.LASF60:
 1398 03cc 76745F66 		.ascii	"vt_func\000"
 1398      756E6300 
 1399              	.LASF15:
 1400 03d4 74737461 		.ascii	"tstate_t\000"
 1400      74655F74 
 1400      00
 1401              	.LASF76:
 1402 03dd 73746B61 		.ascii	"stkalign_t\000"
 1402      6C69676E 
 1402      5F7400
 1403              	.LASF82:
 1404 03e8 65786974 		.ascii	"exitcode\000"
 1404      636F6465 
 1404      00
 1405              	.LASF54:
 1406 03f1 76746675 		.ascii	"vtfunc_t\000"
 1406      6E635F74 
 1406      00
 1407              	.LASF28:
 1408 03fa 705F6F6C 		.ascii	"p_older\000"
 1408      64657200 
 1409              	.LASF46:
 1410 0402 72656164 		.ascii	"ready_list_t\000"
 1410      795F6C69 
 1410      73745F74 
 1410      00
 1411              	.LASF62:
 1412 040f 76697274 		.ascii	"virtual_timers_list_t\000"
 1412      75616C5F 
 1412      74696D65 
 1412      72735F6C 
 1412      6973745F 
 1413              	.LASF32:
 1414 0425 705F7265 		.ascii	"p_refs\000"
 1414      667300
 1415              	.LASF47:
 1416 042c 63685F72 		.ascii	"ch_ready_list\000"
 1416      65616479 
 1416      5F6C6973 
 1416      7400
 1417              	.LASF26:
 1418 043a 705F6374 		.ascii	"p_ctx\000"
 1418      7800
 1419              	.LASF97:
 1420 0440 49544D5F 		.ascii	"ITM_RxBuffer\000"
ARM GAS  /tmp/ccpKrFlI.s 			page 30


 1420      52784275 
 1420      66666572 
 1420      00
 1421              	.LASF93:
 1422 044d 6D5F6F77 		.ascii	"m_owner\000"
 1422      6E657200 
 1423              	.LASF81:
 1424 0455 7264796D 		.ascii	"rdymsg\000"
 1424      736700
 1425              	.LASF18:
 1426 045c 6D73675F 		.ascii	"msg_t\000"
 1426      7400
 1427              	.LASF86:
 1428 0462 77746D74 		.ascii	"wtmtxp\000"
 1428      787000
 1429              	.LASF41:
 1430 0469 74687265 		.ascii	"threads_list_t\000"
 1430      6164735F 
 1430      6C697374 
 1430      5F7400
 1431              		.comm	__gnu_lto_v1,1,1
 1432              		.ident	"GCC: (GNU) 4.7.2"
ARM GAS  /tmp/ccpKrFlI.s 			page 31


DEFINED SYMBOLS
                            *ABS*:00000000 chcore.c
                            *COM*:00000001 __gnu_lto_v1

NO UNDEFINED SYMBOLS
