ARM GAS  /tmp/ccLP1IkM.s 			page 1


   1              		.syntax unified
   2              		.cpu cortex-m4
   3              		.fpu softvfp
   4              		.eabi_attribute 20, 1
   5              		.eabi_attribute 21, 1
   6              		.eabi_attribute 23, 3
   7              		.eabi_attribute 24, 1
   8              		.eabi_attribute 25, 1
   9              		.eabi_attribute 26, 1
  10              		.eabi_attribute 30, 2
  11              		.eabi_attribute 34, 1
  12              		.eabi_attribute 18, 4
  13              		.thumb
  14              		.file	"hal.c"
  15              		.text
  16              	.Ltext0:
  17              		.section	.gnu.lto_.jmpfuncs.172f00b993c8b22a,"",%progbits
  18 0000 789C6362 		.ascii	"x\234cb`d`g\300\016d\201X\032\210\031\301<F\246*\206"
  18      60646067 
  18      C00E6481 
  18      581A8819 
  18      C13C46A6 
  19 0016 9F0D12A9 		.ascii	"\237\015\022\251\214\014\214\231\214\014\307:\037C\204"
  19      8C0C8C99 
  19      8C0CC73A 
  19      1F4384
  20 0025 A5F4F4F4 		.ascii	"\245\364\364\364!(\277X?#1G\277\270(\031D\353%3\000"
  20      2128BF58 
  20      3F233147 
  20      BFB82819 
  20      44EB2533 
  21 003a 003C940C 		.ascii	"\000<\224\014\303"
  21      C3
  22              		.text
  23              		.section	.gnu.lto_.inline.172f00b993c8b22a,"",%progbits
  24 0000 789C6362 		.ascii	"x\234cb`d\340e\300\016\264\2414#\003\003\247)#\003\023"
  24      6064E065 
  24      C00EB4A1 
  24      34230303 
  24      A7292303 
  25 0015 90C9B640 		.ascii	"\220\311\266@\236\211\201\221\013$\010'\230\270AJ\300"
  25      9E898191 
  25      0B240827 
  25      98B8414A 
  25      C0
  26 0026 4C060033 		.ascii	"L\006\00033\001\177"
  26      33017F
  27              		.text
  28              		.section	.gnu.lto_.pureconst.172f00b993c8b22a,"",%progbits
  29 0000 789C6362 		.ascii	"x\234cb`d`f`\000c\020`d\220\000\000\000\263\000#"
  29      60646066 
  29      60006310 
  29      60649000 
  29      0000B300 
  30              		.text
  31              		.section	.gnu.lto_halInit.172f00b993c8b22a,"",%progbits
  32 0000 789C6362 		.ascii	"x\234cb`\004BL \011\304\312@\011\031 \315\310\314\300"
ARM GAS  /tmp/ccLP1IkM.s 			page 2


  32      6004424C 
  32      2009C4CA 
  32      40091920 
  32      CDC8CCC0 
  33 0014 C834E11C 		.ascii	"\3104\341\034\003C\243\002\023##\210\001\324R\317\304"
  33      0343A302 
  33      13232388 
  33      01D452CF 
  33      C4
  34 0025 581F0AD1 		.ascii	"X\037\012\321y\352\307&\306/+\331\3663\035x\360\277"
  34      79EAC726 
  34      C62F2BD9 
  34      F6331D78 
  34      F0BF
  35 0037 9E81811D 		.ascii	"\236\201\201\035(\304\312\320\322\320 \300\020\0175"
  35      28C4CAD0 
  35      D2D020C0 
  35      100F35
  36 0046 3A104483 		.ascii	":\020D\2034\00612\201\031\314g\030\230\277|g\217e\\"
  36      34063132 
  36      8119CC67 
  36      1898BF7C 
  36      678F655C 
  37 005a C0C80A94 		.ascii	"\300\310\012\224\252b\370\331\300\221\012tI<##DK*\210"
  37      AA62F8D9 
  37      C0910A74 
  37      493C2323 
  37      444B2A88 
  38 006e 3EC3C072 		.ascii	">\303\300rf\006\037\232\"&\240\"&\210\"\220\210D*#3"
  38      66061F9A 
  38      2226A022 
  38      26882290 
  38      88442A23 
  39 0083 63264C13 		.ascii	"c&L\023\013H\023\363\2259iXLfF1\231\371\315\212\",\212"
  39      0B4813F3 
  39      95396958 
  39      4C664631 
  39      99F9CD8A 
  40 009a 5850153D 		.ascii	"XP\025=Y\211\315$V$E\347\030@~\207)\202y\227\021\354"
  40      5989CD24 
  40      562445E7 
  40      18407E87 
  40      29827997 
  41 00b0 4BA05F19 		.ascii	"K\240_\031\244\364\364\364!(\277X?#1G\277\270(\031D"
  41      A4F4F4F4 
  41      2128BF58 
  41      3F233147 
  41      BFB82819 
  42 00c5 EB253300 		.ascii	"\353%3\000\000m\307D)"
  42      006DC744 
  42      29
  43              		.text
  44              		.section	.gnu.lto_.cgraph.172f00b993c8b22a,"",%progbits
  45 0000 789C3DC7 		.ascii	"x\234=\307\261\015\2000\014D\321\3639\031\232\312\221"
  45      B10D8030 
  45      0C44D1F3 
  45      39199ACA 
ARM GAS  /tmp/ccLP1IkM.s 			page 3


  45      91
  46 0011 D2500604 		.ascii	"\322P\006\004\2244\214B\317\014 \366\210@\026\3447_"
  46      94348C42 
  46      CF0C20F6 
  46      884016E4 
  46      375F
  47 0023 8F102880 		.ascii	"\217\020(\200\016_,4\240\0340[{\221\205&\256\224Df\032"
  47      0E5F2C34 
  47      A01C305B 
  47      7B918526 
  47      AE944466 
  48 0038 1B269A36 		.ascii	"\033&\2326\214\264\3200\320\342\017ED>\353\373\200\315"
  48      8CB4D030 
  48      D0E20F45 
  48      443EEBFB 
  48      80CD
  49 004a AFD8FDC4 		.ascii	"\257\330\375\304\355\027\344\253\012\036\3611%\260"
  49      ED17E4AB 
  49      0A1EF131 
  49      25B0
  50              		.text
  51              		.section	.gnu.lto_.vars.172f00b993c8b22a,"",%progbits
  52 0000 789C6362 		.ascii	"x\234cb`d`f```g\200\000\306\311L\014\014\365\014\000"
  52      60646066 
  52      60606067 
  52      8000C6C9 
  52      4C0C0CF5 
  53 0016 057D0123 		.ascii	"\005}\001#"
  54              		.text
  55              		.section	.gnu.lto_.refs.172f00b993c8b22a,"",%progbits
  56 0000 789C6362 		.ascii	"x\234cb`d`f```c\200\000F\006V \011\000\000\372\000\023"
  56      60646066 
  56      60606063 
  56      80004606 
  56      56200900 
  57              		.text
  58              		.section	.gnu.lto_.statics.172f00b993c8b22a,"",%progbits
  59 0000 789C6362 		.ascii	"x\234cb`d`b\300\016@\342\214\020&\000\000\375\000\011"
  59      60646062 
  59      C00E40E2 
  59      8C102600 
  59      00FD0009 
  60              		.text
  61              		.section	.gnu.lto_.decls.172f00b993c8b22a,"",%progbits
  62 0000 789C9596 		.ascii	"x\234\225\226]h\034U\024\307\357\335\355\316fi\215Z"
  62      5D681C55 
  62      14C7EFDD 
  62      EDCE6669 
  62      8D5A
  63 0012 6889A264 		.ascii	"h\211\242d#\324\207Bw\352F1 Ejb\232\352\232.\332>\370"
  63      23D48742 
  63      77EA4631 
  63      20456A62 
  63      9AEA9A2E 
  64 0029 B00C939D 		.ascii	"\260\014\223\235Iv`\2623\314\314J}\033R\250R\024V\264"
  64      497660B2 
  64      33CCCC4A 
ARM GAS  /tmp/ccLP1IkM.s 			page 4


  64      7D1B52A8 
  64      521456B4 
  65 003d 882FB295 		.ascii	"\210/\262\225\264\325\326\012~\227\322F\213\032R\331"
  65      B4D5D60A 
  65      7E97D246 
  65      8B1A52D9 
  66 004d 9AD4D8DA 		.ascii	"\232\324\330\332\246\212\021J\350CA}\221\"\326\365\334"
  66      A68A114A 
  66      E843417D 
  66      9122D6F5 
  66      DC
  67 005e 3BDF93FD 		.ascii	";\337\223\375\230\034\346\334\231\275s\316\357\376\357"
  67      981CE6DC 
  67      99BD73CE 
  67      EFFEEF
  68 006d B9776627 		.ascii	"\271wf'\2060\"\366\026x\003\254\236B\350\336\030Bp\240"
  68      863022F6 
  68      167803AC 
  68      9E42E8DE 
  68      184270A0 
  69 0081 1DE0E46E 		.ascii	"\035\340\344n\015Y\306\200\317\201\327\301\177\000_"
  69      0D59C680 
  69      CF81D7C1 
  69      7F005F
  70 0090 00FF11FC 		.ascii	"\000\377\021\374\212\035w\025\005\215\304&\300\227\300"
  70      8A1D7715 
  70      058DC426 
  70      C097C0
  71 009f 2F805FB7 		.ascii	"/\200_\267Y\213!\336\025\233\263`s\353-x\353\321!\323"
  71      598B21DE 
  71      159BB360 
  71      73EB2D78 
  71      EBD121D3 
  72 00b3 9C326B07 		.ascii	"\2342k\007\315\221\271\356\215\350\015\023\254f\232"
  72      CD91B9EE 
  72      8DE80D13 
  72      AC669A
  73 00c2 78AE1BA1 		.ascii	"x\256\033\241\373P\001w\203\366\345.z\271\001._#\214"
  73      FB500177 
  73      83F6E52E 
  73      7AB9012E 
  73      5F238C
  74 00d5 2D68DA34 		.ascii	"-h\3324\253\020\210\355\204t\273\350\002~\017oAQ\"I"
  74      AB1088ED 
  74      8474BBE8 
  74      027E0F6F 
  74      41512249 
  75 00e9 EC3430B7 		.ascii	"\35440\267\242\017LjV\247]M(\037\035\230\336\260\002"
  75      A20F4C6A 
  75      56A75D4D 
  75      281F1D98 
  75      DEB002
  76 00fc 49C251BC 		.ascii	"I\302Q\274\025\255\\}\363\"F\253-\321\207`.D\352\010"
  76      15AD5C7D 
  76      F32246AB 
  76      2DD18760 
  76      2E44EA08 
ARM GAS  /tmp/ccLP1IkM.s 			page 5


  77 0110 D3540076 		.ascii	"\323T\000v\005<\020\230W\001\277\017\370\030z\002\333"
  77      053C1098 
  77      5701BF0F 
  77      F8187A02 
  77      DB
  78 0121 23DC2069 		.ascii	"#\334 i\304\"`\210\252\223\220ne\3725\237\364i\2765"
  78      C4226088 
  78      AA93906E 
  78      65FA359F 
  78      F469BE35 
  79 0135 33DE4471 		.ascii	"3\336Dq\222*\236\252\036\000\305)\364\252\2674\336h"
  79      922A9EAA 
  79      1E00C529 
  79      F4AAB734 
  79      DE68
  80 0147 6977B075 		.ascii	"iw\260u!\315\037\341\024h\036u4\317\274~i\226E\266\240"
  80      21CD1FE1 
  80      14681E75 
  80      34CFBC7E 
  80      699645B6 
  81 015c 64CA3F0C 		.ascii	"d\312?\014\375mEY`\353\266sE6\355\335\244\340\037cl"
  81      FD6D4559 
  81      60EBB673 
  81      4536EDDD 
  81      A4E01F63 
  82 0171 4F66E5F6 		.ascii	"Of\345\366\235z\274\271\004\347\3322'\3066\337|\034"
  82      9D7ABCB9 
  82      04E7DA32 
  82      27C636DF 
  82      7C1C
  83 0183 815FBAD0 		.ascii	"\201_\272\320\372\223k!\246[\022g\\\342/\035\210]\021"
  83      FA936B21 
  83      A65B1267 
  83      5CE22F1D 
  83      885D11
  84 0196 35CEBAC4 		.ascii	"5\316\272\304[k\"\266\326Xw\211\377v \336\023Q\343\202"
  84      5B6B22B6 
  84      D6587789 
  84      FF7620DE 
  84      1351E382 
  85 01aa 57C791B5 		.ascii	"W\307\221\265\020[k\274\354\325\261\003\261\247\231"
  85      105B6BBC 
  85      ECD5B103 
  85      B1A799
  86 01b9 C6D5E67F 		.ascii	"\306\325\346\177\020\012\370Cx\017$\013\370\024\356"
  86      100AF843 
  86      780F240B 
  86      F814EE
  87 01c8 831F9FD0 		.ascii	"\203\037\237\320\3663\332~A\333\323\264=C\333\263\320"
  87      F633DA7E 
  87      41DBD3B4 
  87      3D43DBB3 
  87      D0
  88 01d9 DA16434B 		.ascii	"\332\026CKT\026y\340\277}\246\3053\327y\017Zo\001\347"
  88      541679E0 
  88      BF7DA6C5 
  88      33D7790F 
ARM GAS  /tmp/ccLP1IkM.s 			page 6


  88      5A6F01E7 
  89 01ed C1FEDD45 		.ascii	"\301\376\335E\336\350\204\014N5\335\022y\323S\371l\007"
  89      DEE8840C 
  89      4E35DD12 
  89      79D353F9 
  89      6C07
  90 01ff E4404495 		.ascii	"\344@D\225\177x*;!\363\021U\376\355!s\035\220j\2335"
  90      7F782A3B 
  90      21F31155 
  90      FEED2173 
  90      1D906A9B 
  91 0214 7696F418 		.ascii	"v\226\364\030,i\242\200\217\323E\373\212\266\347i\373"
  91      2C69A280 
  91      8FD345FB 
  91      8AB6E769 
  91      FB
  92 0225 0D6DBFF3 		.ascii	"\015m\277\363/\343\035\354\274\231~\232\357v0\326k\334"
  92      2FE31DEC 
  92      BC997E9A 
  92      EF7630D6 
  92      6BDC
  93 0237 C79D7637 		.ascii	"\307\235v7\014\212Hn\276S\011\253\206\327;A\275\350"
  93      0C8A486E 
  93      BE5309AB 
  93      86D73B41 
  93      BDE8
  94 0249 5DB3B64C 		.ascii	"]\263\266Lv\373\355F#\271\031\035\246\177t\007\341\275"
  94      76FBED46 
  94      23B9191D 
  94      A67F7407 
  94      E1BD
  95 025b 6914F08E 		.ascii	"i\024\360\216Mm \027\360f\373jo\334\231\312+1g*\377"
  95      4D6D2017 
  95      F066FB6A 
  95      6FDC99CA 
  95      2B31672A 
  96 0270 4DFFF598 		.ascii	"M\377\365\2303\306\303\350(\241~=\325C\221$e\016\367"
  96      33C6C3E8 
  96      28A17E3D 
  96      D5439124 
  96      650EF7
  97 0283 86EAF63D 		.ascii	"\206\352\366=\216\371;\210\256\345j\365@\215\352\262"
  97      8EF93B88 
  97      AEE56AF5 
  97      408DEAB2 
  98 0293 468BA113 		.ascii	"F\213\241\023.\377\330\361_g{\202\204\213Q\010\363."
  98      2EFFD8F1 
  98      5F677B82 
  98      848B5108 
  98      F32E
  99 02a5 61E5D46F 		.ascii	"a\345\324o'p\2200\037\205p(\356j\370\374\\h\221.\265"
  99      27709030 
  99      1F857028 
  99      EE6AF8FC 
  99      5C68912E 
 100 02ba 03ACA5B8 		.ascii	"\003\254\245\270\213vq\343\364\343\310^2\354\225\032"
 100      8B7671E3 
ARM GAS  /tmp/ccLP1IkM.s 			page 7


 100      F4E3C85E 
 100      32EC951A 
 101 02ca BA3F7575 		.ascii	"\272?uu\254\234~\207\011\352\270\034e\"\347]\300?g\017"
 101      AC9C7E87 
 101      09EAB81C 
 101      6522E75D 
 101      C03F670F 
 102 02de 874BF173 		.ascii	"\207K\361s\220\360\020:b\376Y\255\232\265\021s\271\321"
 102      90F0103A 
 102      62FE59AD 
 102      9AB51173 
 102      B9D1
 103 02f0 E82DE023 		.ascii	"\350-\340#\364\251ix\032n\276=;\320\356\003\346\232"
 103      F4A96978 
 103      1A6EBE3D 
 103      3BD0EE03 
 103      E69A
 104 0302 070C7C5B 		.ascii	"\007\014|[YjZWb\311\333\253\241\274\305\266y\327\275"
 104      596A5A57 
 104      62C9DBAB 
 104      A1BCC5B6 
 104      79D7BD
 105 0315 3CC4EC1A 		.ascii	"<\304\354\032\335\227\036D\217d2\254u(:[\342eVU4Cg_"
 105      DD971E44 
 105      8F6432AC 
 105      75283A5B 
 105      E2655655 
 106 032d D8FB5C7F 		.ascii	"\330\373\\\177\226\315\345\206\330]\371\335{^\312\262"
 106      96CDE586 
 106      D85DF9DD 
 106      7B5ECAB2 
 107 033d 2A2F73B2 		.ascii	"*/s\262,dJh\243nL\366g\271\011UR8]4**gtU\244\262\001"
 107      2C644A68 
 107      A36E4CF6 
 107      67B90955 
 107      52385D34 
 108 0359 7DC68B6C 		.ascii	"}\306\213lE\327XY)\002hL*\023\254,\215\261\023\305\""
 108      45D75859 
 108      2902684C 
 108      2A13AC2C 
 108      8DB113C5 
 109 036e CB6B93DB 		.ascii	"\313k\223\333\312JY\334&\362c\022\373h\346\361L\226"
 109      CA4A59DC 
 109      26F26312 
 109      FB68E6F1 
 109      4C96
 110 0380 75C78623 		.ascii	"u\307\206#x_*\027\345\212 \262\272!\000\032FML*\202"
 110      785F2A17 
 110      E58A20B2 
 110      BA21001A 
 110      464D4C2A 
 111 0395 A8318AF1 		.ascii	"\2501\212\361\262*jIEWEQ\320\022jE\025\264\270\"h\353"
 111      B22A6A49 
 111      45574551 
 111      D0126A45 
 111      15B4B822 
 112 03ab F8714D26 		.ascii	"\370qM&M\211\311\357\034\342\015\236\311?e\235\006\255"
ARM GAS  /tmp/ccLP1IkM.s 			page 8


 112      4D89C9EF 
 112      1CE20D9E 
 112      C93F659D 
 112      06AD
 113 03bd D390751A 		.ascii	"\323\220u\032&\247T~gnP)\217K\023I\230\361\356\262d"
 113      26A7547E 
 113      676E5029 
 113      8F4B1349 
 113      98F1EEB2 
 114 03d2 DC1FAE82 		.ascii	"\334\037\256\202\256\025\3119SD\214n\220\210\007\303"
 114      AE15C939 
 114      53448C6E 
 114      908807C3 
 115 03e2 119E4250 		.ascii	"\021\236BP\227\032SxM q\333\303q\364\016)(7\272o0\367"
 115      971A5378 
 115      4D2071DB 
 115      C371F40E 
 115      292837BA 
 116 03f9 F41E6EB8 		.ascii	"\364\036n\270\177{\366\371\001\253\037R\031\235\346"
 116      7F7BF6F9 
 116      01AB1F52 
 116      199DE6
 117 0408 F5B5E48B 		.ascii	"\365\265\344\213\232\004BJ\350.\316^\003N\202\370\015"
 117      9A04424A 
 117      E82ECE5E 
 117      034E82F8 
 117      0D
 118 0419 25DF8F55 		.ascii	"%\337\217U\203\372\027\221\266\303\375\373\367\263%"
 118      83FA1791 
 118      B6C3FDFB 
 118      F7B325
 119 0428 6F0D094A 		.ascii	"o\015\011J\020\307\371\212lpEZ\212\377\001\215:^\011"
 119      10C7F98A 
 119      6C70455A 
 119      8AFF018D 
 119      3A5E09
 120              		.text
 121              		.section	.gnu.lto_.symtab.172f00b993c8b22a,"",%progbits
 122 0000 68616C49 		.ascii	"halInit\000\000\000\000\000\000\000\000\000\000\000"
 122      6E697400 
 122      00000000 
 122      00000000 
 122      0000
 123 0012 00C80000 		.ascii	"\000\310\000\000\000stInit\000\000\002\000\000\000\000"
 123      00737449 
 123      6E697400 
 123      00020000 
 123      0000
 124 0024 00000000 		.ascii	"\000\000\000\000\000\314\000\000\000boardInit\000\000"
 124      00CC0000 
 124      00626F61 
 124      7264496E 
 124      69740000 
 125 0038 02000000 		.ascii	"\002\000\000\000\000\000\000\000\000\000\316\000\000"
 125      00000000 
 125      0000CE00 
 125      00
ARM GAS  /tmp/ccLP1IkM.s 			page 9


 126 0045 00736449 		.ascii	"\000sdInit\000\000\002\000\000\000\000\000\000\000\000"
 126      6E697400 
 126      00020000 
 126      00000000 
 126      0000
 127 0057 00D00000 		.ascii	"\000\320\000\000\000_pal_lld_init\000\000\002\000\000"
 127      005F7061 
 127      6C5F6C6C 
 127      645F696E 
 127      69740000 
 128 006e 00000000 		.ascii	"\000\000\000\000\000\000\000\322\000\000\000hal_lld"
 128      000000D2 
 128      00000068 
 128      616C5F6C 
 128      6C64
 129 0080 5F696E69 		.ascii	"_init\000\000\002\000\000\000\000\000\000\000\000\000"
 129      74000002 
 129      00000000 
 129      00000000 
 129      00
 130 0091 D6000000 		.ascii	"\326\000\000\000pal_default_config\000\000\002\000\000"
 130      70616C5F 
 130      64656661 
 130      756C745F 
 130      636F6E66 
 131 00ac 00000000 		.ascii	"\000\000\000\000\000\000\000\330\000\000\000"
 131      000000D8 
 131      000000
 132              		.text
 133              		.section	.gnu.lto_.opts,"",%progbits
 134 0000 272D6D63 		.ascii	"'-mcpu=cortex-m4''-mno-thumb-interwork''-mthumb''-g"
 134      70753D63 
 134      6F727465 
 134      782D6D34 
 134      27272D6D 
 135 0033 67646227 		.ascii	"gdb''-O2''-fomit-frame-pointer''-falign-functions=1"
 135      272D4F32 
 135      27272D66 
 135      6F6D6974 
 135      2D667261 
 136 0066 3627272D 		.ascii	"6''-ffunction-sections''-fdata-sections''-fno-commo"
 136      6666756E 
 136      6374696F 
 136      6E2D7365 
 136      6374696F 
 137 0099 6E27272D 		.ascii	"n''-flto'\000"
 137      666C746F 
 137      2700
 138              		.text
 139              		.cfi_sections	.debug_frame
 140              		.section	.text.halInit,"ax",%progbits
 141              		.align	2
 142              		.p2align 4,,15
 143              		.global	halInit
 144              		.thumb
 145              		.thumb_func
 146              		.type	halInit, %function
ARM GAS  /tmp/ccLP1IkM.s 			page 10


 147              	halInit:
 148              	.LFB272:
 149              		.file 1 "../../../os/hal/src/hal.c"
 150              		.loc 1 56 0
 151              		.cfi_startproc
 152              		@ args = 0, pretend = 0, frame = 0
 153              		@ frame_needed = 0, uses_anonymous_args = 0
 154 0000 08B5     		push	{r3, lr}
 155              	.LCFI0:
 156              		.cfi_def_cfa_offset 8
 157              		.cfi_offset 3, -8
 158              		.cfi_offset 14, -4
 159              		.loc 1 62 0
 160 0002 FFF7FEFF 		bl	hal_lld_init
 161              	.LVL0:
 162              		.loc 1 65 0
 163 0006 40F20000 		movw	r0, #:lower16:pal_default_config
 164 000a C0F20000 		movt	r0, #:upper16:pal_default_config
 165 000e FFF7FEFF 		bl	_pal_lld_init
 166              	.LVL1:
 167              		.loc 1 98 0
 168 0012 FFF7FEFF 		bl	sdInit
 169              	.LVL2:
 170              		.loc 1 133 0
 171 0016 FFF7FEFF 		bl	boardInit
 172              	.LVL3:
 173              		.loc 1 142 0
 174 001a BDE80840 		pop	{r3, lr}
 175              		.loc 1 140 0
 176 001e FFF7FEBF 		b	stInit
 177              	.LVL4:
 178              		.cfi_endproc
 179              	.LFE272:
 180              		.size	halInit, .-halInit
 181 0022 00BFAFF3 		.text
 181      0080AFF3 
 181      0080AFF3 
 181      0080
 182              	.Letext0:
 183              		.file 2 "/usr/local/bin/../lib/gcc/arm-none-eabi/4.7.2/../../../../arm-none-eabi/include/stdint.h"
 184              		.file 3 "../../../os/rt/ports/ARMCMx/compilers/GCC/chtypes.h"
 185              		.file 4 "../../../os/rt/include/chsystypes.h"
 186              		.file 5 "../../../os/rt/include/chschd.h"
 187              		.file 6 "../../../os/rt/ports/ARMCMx/chcore.h"
 188              		.file 7 "../../../os/rt/ports/ARMCMx/chcore_v7m.h"
 189              		.file 8 "../../../os/rt/include/chtm.h"
 190              		.file 9 "../../../os/rt/include/chsem.h"
 191              		.file 10 "../../../os/rt/include/chmtx.h"
 192              		.file 11 "../../../os/hal/ports/STM32/LLD/GPIOv2/pal_lld.h"
 193              		.file 12 "../../../os/ext/CMSIS/include/core_cm4.h"
 194              		.file 13 "../../../os/hal/ports/STM32/STM32F3xx/hal_lld.h"
 195              		.file 14 "../../../os/hal/include/serial.h"
 196              		.file 15 "../../../os/hal/boards/ST_NUCLEO_F302R8/board.h"
 197              		.file 16 "../../../os/hal/include/st.h"
 198              		.file 17 "../../../os/hal/osal/rt/osal.h"
 199              		.section	.debug_info,"",%progbits
 200              	.Ldebug_info0:
ARM GAS  /tmp/ccLP1IkM.s 			page 11


 201 0000 0F080000 		.4byte	0x80f
 202 0004 0200     		.2byte	0x2
 203 0006 00000000 		.4byte	.Ldebug_abbrev0
 204 000a 04       		.byte	0x4
 205 000b 01       		.uleb128 0x1
 206 000c EC020000 		.4byte	.LASF117
 207 0010 01       		.byte	0x1
 208 0011 69010000 		.4byte	.LASF118
 209 0015 10010000 		.4byte	.LASF119
 210 0019 00000000 		.4byte	.Ldebug_ranges0+0
 211 001d 00000000 		.4byte	0
 212 0021 00000000 		.4byte	0
 213 0025 00000000 		.4byte	.Ldebug_line0
 214 0029 02       		.uleb128 0x2
 215 002a 04       		.byte	0x4
 216 002b 05       		.byte	0x5
 217 002c 696E7400 		.ascii	"int\000"
 218 0030 03       		.uleb128 0x3
 219 0031 04       		.byte	0x4
 220 0032 07       		.byte	0x7
 221 0033 D7010000 		.4byte	.LASF0
 222 0037 03       		.uleb128 0x3
 223 0038 01       		.byte	0x1
 224 0039 06       		.byte	0x6
 225 003a D2000000 		.4byte	.LASF1
 226 003e 04       		.uleb128 0x4
 227 003f C3040000 		.4byte	.LASF5
 228 0043 02       		.byte	0x2
 229 0044 2A       		.byte	0x2a
 230 0045 49000000 		.4byte	0x49
 231 0049 03       		.uleb128 0x3
 232 004a 01       		.byte	0x1
 233 004b 08       		.byte	0x8
 234 004c 58030000 		.4byte	.LASF2
 235 0050 03       		.uleb128 0x3
 236 0051 02       		.byte	0x2
 237 0052 05       		.byte	0x5
 238 0053 7B030000 		.4byte	.LASF3
 239 0057 03       		.uleb128 0x3
 240 0058 02       		.byte	0x2
 241 0059 07       		.byte	0x7
 242 005a 15020000 		.4byte	.LASF4
 243 005e 04       		.uleb128 0x4
 244 005f 50030000 		.4byte	.LASF6
 245 0063 02       		.byte	0x2
 246 0064 4F       		.byte	0x4f
 247 0065 69000000 		.4byte	0x69
 248 0069 03       		.uleb128 0x3
 249 006a 04       		.byte	0x4
 250 006b 05       		.byte	0x5
 251 006c FE000000 		.4byte	.LASF7
 252 0070 04       		.uleb128 0x4
 253 0071 E4030000 		.4byte	.LASF8
 254 0075 02       		.byte	0x2
 255 0076 50       		.byte	0x50
 256 0077 7B000000 		.4byte	0x7b
 257 007b 03       		.uleb128 0x3
ARM GAS  /tmp/ccLP1IkM.s 			page 12


 258 007c 04       		.byte	0x4
 259 007d 07       		.byte	0x7
 260 007e 15040000 		.4byte	.LASF9
 261 0082 03       		.uleb128 0x3
 262 0083 08       		.byte	0x8
 263 0084 05       		.byte	0x5
 264 0085 C4000000 		.4byte	.LASF10
 265 0089 04       		.uleb128 0x4
 266 008a 34000000 		.4byte	.LASF11
 267 008e 02       		.byte	0x2
 268 008f 78       		.byte	0x78
 269 0090 94000000 		.4byte	0x94
 270 0094 03       		.uleb128 0x3
 271 0095 08       		.byte	0x8
 272 0096 07       		.byte	0x7
 273 0097 58000000 		.4byte	.LASF12
 274 009b 04       		.uleb128 0x4
 275 009c 80040000 		.4byte	.LASF13
 276 00a0 03       		.byte	0x3
 277 00a1 39       		.byte	0x39
 278 00a2 70000000 		.4byte	0x70
 279 00a6 04       		.uleb128 0x4
 280 00a7 4B020000 		.4byte	.LASF14
 281 00ab 03       		.byte	0x3
 282 00ac 3C       		.byte	0x3c
 283 00ad 3E000000 		.4byte	0x3e
 284 00b1 04       		.uleb128 0x4
 285 00b2 07010000 		.4byte	.LASF15
 286 00b6 03       		.byte	0x3
 287 00b7 3D       		.byte	0x3d
 288 00b8 3E000000 		.4byte	0x3e
 289 00bc 04       		.uleb128 0x4
 290 00bd 0A030000 		.4byte	.LASF16
 291 00c1 03       		.byte	0x3
 292 00c2 3E       		.byte	0x3e
 293 00c3 3E000000 		.4byte	0x3e
 294 00c7 04       		.uleb128 0x4
 295 00c8 32030000 		.4byte	.LASF17
 296 00cc 03       		.byte	0x3
 297 00cd 40       		.byte	0x40
 298 00ce 70000000 		.4byte	0x70
 299 00d2 04       		.uleb128 0x4
 300 00d3 39020000 		.4byte	.LASF18
 301 00d7 03       		.byte	0x3
 302 00d8 41       		.byte	0x41
 303 00d9 5E000000 		.4byte	0x5e
 304 00dd 04       		.uleb128 0x4
 305 00de 61020000 		.4byte	.LASF19
 306 00e2 03       		.byte	0x3
 307 00e3 43       		.byte	0x43
 308 00e4 70000000 		.4byte	0x70
 309 00e8 04       		.uleb128 0x4
 310 00e9 D1010000 		.4byte	.LASF20
 311 00ed 03       		.byte	0x3
 312 00ee 45       		.byte	0x45
 313 00ef 5E000000 		.4byte	0x5e
 314 00f3 04       		.uleb128 0x4
ARM GAS  /tmp/ccLP1IkM.s 			page 13


 315 00f4 3C040000 		.4byte	.LASF21
 316 00f8 04       		.byte	0x4
 317 00f9 33       		.byte	0x33
 318 00fa 70000000 		.4byte	0x70
 319 00fe 04       		.uleb128 0x4
 320 00ff 2C040000 		.4byte	.LASF22
 321 0103 04       		.byte	0x4
 322 0104 3F       		.byte	0x3f
 323 0105 09010000 		.4byte	0x109
 324 0109 05       		.uleb128 0x5
 325 010a 2F020000 		.4byte	.LASF42
 326 010e 44       		.byte	0x44
 327 010f 05       		.byte	0x5
 328 0110 C2       		.byte	0xc2
 329 0111 1A020000 		.4byte	0x21a
 330 0115 06       		.uleb128 0x6
 331 0116 AC030000 		.4byte	.LASF23
 332 011a 05       		.byte	0x5
 333 011b C3       		.byte	0xc3
 334 011c 25020000 		.4byte	0x225
 335 0120 02       		.byte	0x2
 336 0121 23       		.byte	0x23
 337 0122 00       		.uleb128 0
 338 0123 06       		.uleb128 0x6
 339 0124 22030000 		.4byte	.LASF24
 340 0128 05       		.byte	0x5
 341 0129 C5       		.byte	0xc5
 342 012a 25020000 		.4byte	0x225
 343 012e 02       		.byte	0x2
 344 012f 23       		.byte	0x23
 345 0130 04       		.uleb128 0x4
 346 0131 06       		.uleb128 0x6
 347 0132 BD000000 		.4byte	.LASF25
 348 0136 05       		.byte	0x5
 349 0137 C7       		.byte	0xc7
 350 0138 C7000000 		.4byte	0xc7
 351 013c 02       		.byte	0x2
 352 013d 23       		.byte	0x23
 353 013e 08       		.uleb128 0x8
 354 013f 06       		.uleb128 0x6
 355 0140 21050000 		.4byte	.LASF26
 356 0144 05       		.byte	0x5
 357 0145 C8       		.byte	0xc8
 358 0146 88040000 		.4byte	0x488
 359 014a 02       		.byte	0x2
 360 014b 23       		.byte	0x23
 361 014c 0C       		.uleb128 0xc
 362 014d 06       		.uleb128 0x6
 363 014e 83010000 		.4byte	.LASF27
 364 0152 05       		.byte	0x5
 365 0153 CA       		.byte	0xca
 366 0154 25020000 		.4byte	0x225
 367 0158 02       		.byte	0x2
 368 0159 23       		.byte	0x23
 369 015a 10       		.uleb128 0x10
 370 015b 06       		.uleb128 0x6
 371 015c C8020000 		.4byte	.LASF28
ARM GAS  /tmp/ccLP1IkM.s 			page 14


 372 0160 05       		.byte	0x5
 373 0161 CB       		.byte	0xcb
 374 0162 25020000 		.4byte	0x225
 375 0166 02       		.byte	0x2
 376 0167 23       		.byte	0x23
 377 0168 14       		.uleb128 0x14
 378 0169 06       		.uleb128 0x6
 379 016a D2040000 		.4byte	.LASF29
 380 016e 05       		.byte	0x5
 381 016f D2       		.byte	0xd2
 382 0170 27060000 		.4byte	0x627
 383 0174 02       		.byte	0x2
 384 0175 23       		.byte	0x23
 385 0176 18       		.uleb128 0x18
 386 0177 06       		.uleb128 0x6
 387 0178 85030000 		.4byte	.LASF30
 388 017c 05       		.byte	0x5
 389 017d DD       		.byte	0xdd
 390 017e B1000000 		.4byte	0xb1
 391 0182 02       		.byte	0x2
 392 0183 23       		.byte	0x23
 393 0184 1C       		.uleb128 0x1c
 394 0185 06       		.uleb128 0x6
 395 0186 B3030000 		.4byte	.LASF31
 396 018a 05       		.byte	0x5
 397 018b E1       		.byte	0xe1
 398 018c A6000000 		.4byte	0xa6
 399 0190 02       		.byte	0x2
 400 0191 23       		.byte	0x23
 401 0192 1D       		.uleb128 0x1d
 402 0193 06       		.uleb128 0x6
 403 0194 A8040000 		.4byte	.LASF32
 404 0198 05       		.byte	0x5
 405 0199 E6       		.byte	0xe6
 406 019a BC000000 		.4byte	0xbc
 407 019e 02       		.byte	0x2
 408 019f 23       		.byte	0x23
 409 01a0 1E       		.uleb128 0x1e
 410 01a1 07       		.uleb128 0x7
 411 01a2 705F7500 		.ascii	"p_u\000"
 412 01a6 05       		.byte	0x5
 413 01a7 3101     		.2byte	0x131
 414 01a9 58050000 		.4byte	0x558
 415 01ad 02       		.byte	0x2
 416 01ae 23       		.byte	0x23
 417 01af 20       		.uleb128 0x20
 418 01b0 08       		.uleb128 0x8
 419 01b1 78020000 		.4byte	.LASF33
 420 01b5 05       		.byte	0x5
 421 01b6 3601     		.2byte	0x136
 422 01b8 2B020000 		.4byte	0x22b
 423 01bc 02       		.byte	0x2
 424 01bd 23       		.byte	0x23
 425 01be 24       		.uleb128 0x24
 426 01bf 08       		.uleb128 0x8
 427 01c0 F3010000 		.4byte	.LASF34
 428 01c4 05       		.byte	0x5
ARM GAS  /tmp/ccLP1IkM.s 			page 15


 429 01c5 3C01     		.2byte	0x13c
 430 01c7 51020000 		.4byte	0x251
 431 01cb 02       		.byte	0x2
 432 01cc 23       		.byte	0x23
 433 01cd 28       		.uleb128 0x28
 434 01ce 08       		.uleb128 0x8
 435 01cf EF040000 		.4byte	.LASF35
 436 01d3 05       		.byte	0x5
 437 01d4 4001     		.2byte	0x140
 438 01d6 D2000000 		.4byte	0xd2
 439 01da 02       		.byte	0x2
 440 01db 23       		.byte	0x23
 441 01dc 30       		.uleb128 0x30
 442 01dd 08       		.uleb128 0x8
 443 01de D9030000 		.4byte	.LASF36
 444 01e2 05       		.byte	0x5
 445 01e3 4601     		.2byte	0x146
 446 01e5 DD000000 		.4byte	0xdd
 447 01e9 02       		.byte	0x2
 448 01ea 23       		.byte	0x23
 449 01eb 34       		.uleb128 0x34
 450 01ec 08       		.uleb128 0x8
 451 01ed 71030000 		.4byte	.LASF37
 452 01f1 05       		.byte	0x5
 453 01f2 4D01     		.2byte	0x14d
 454 01f4 21060000 		.4byte	0x621
 455 01f8 02       		.byte	0x2
 456 01f9 23       		.byte	0x23
 457 01fa 38       		.uleb128 0x38
 458 01fb 08       		.uleb128 0x8
 459 01fc 46040000 		.4byte	.LASF38
 460 0200 05       		.byte	0x5
 461 0201 5101     		.2byte	0x151
 462 0203 C7000000 		.4byte	0xc7
 463 0207 02       		.byte	0x2
 464 0208 23       		.byte	0x23
 465 0209 3C       		.uleb128 0x3c
 466 020a 08       		.uleb128 0x8
 467 020b DE000000 		.4byte	.LASF39
 468 020f 05       		.byte	0x5
 469 0210 5801     		.2byte	0x158
 470 0212 15030000 		.4byte	0x315
 471 0216 02       		.byte	0x2
 472 0217 23       		.byte	0x23
 473 0218 40       		.uleb128 0x40
 474 0219 00       		.byte	0
 475 021a 04       		.uleb128 0x4
 476 021b 8B020000 		.4byte	.LASF40
 477 021f 04       		.byte	0x4
 478 0220 44       		.byte	0x44
 479 0221 25020000 		.4byte	0x225
 480 0225 09       		.uleb128 0x9
 481 0226 04       		.byte	0x4
 482 0227 FE000000 		.4byte	0xfe
 483 022b 04       		.uleb128 0x4
 484 022c E0040000 		.4byte	.LASF41
 485 0230 04       		.byte	0x4
ARM GAS  /tmp/ccLP1IkM.s 			page 16


 486 0231 49       		.byte	0x49
 487 0232 36020000 		.4byte	0x236
 488 0236 05       		.uleb128 0x5
 489 0237 05040000 		.4byte	.LASF43
 490 023b 04       		.byte	0x4
 491 023c 05       		.byte	0x5
 492 023d B0       		.byte	0xb0
 493 023e 51020000 		.4byte	0x251
 494 0242 06       		.uleb128 0x6
 495 0243 AC030000 		.4byte	.LASF23
 496 0247 05       		.byte	0x5
 497 0248 B1       		.byte	0xb1
 498 0249 25020000 		.4byte	0x225
 499 024d 02       		.byte	0x2
 500 024e 23       		.byte	0x23
 501 024f 00       		.uleb128 0
 502 0250 00       		.byte	0
 503 0251 04       		.uleb128 0x4
 504 0252 8F040000 		.4byte	.LASF44
 505 0256 04       		.byte	0x4
 506 0257 50       		.byte	0x50
 507 0258 5C020000 		.4byte	0x25c
 508 025c 05       		.uleb128 0x5
 509 025d AC000000 		.4byte	.LASF45
 510 0261 08       		.byte	0x8
 511 0262 05       		.byte	0x5
 512 0263 B7       		.byte	0xb7
 513 0264 85020000 		.4byte	0x285
 514 0268 06       		.uleb128 0x6
 515 0269 AC030000 		.4byte	.LASF23
 516 026d 05       		.byte	0x5
 517 026e B8       		.byte	0xb8
 518 026f 25020000 		.4byte	0x225
 519 0273 02       		.byte	0x2
 520 0274 23       		.byte	0x23
 521 0275 00       		.uleb128 0
 522 0276 06       		.uleb128 0x6
 523 0277 22030000 		.4byte	.LASF24
 524 027b 05       		.byte	0x5
 525 027c B9       		.byte	0xb9
 526 027d 25020000 		.4byte	0x225
 527 0281 02       		.byte	0x2
 528 0282 23       		.byte	0x23
 529 0283 04       		.uleb128 0x4
 530 0284 00       		.byte	0
 531 0285 04       		.uleb128 0x4
 532 0286 13000000 		.4byte	.LASF46
 533 028a 04       		.byte	0x4
 534 028b 57       		.byte	0x57
 535 028c 90020000 		.4byte	0x290
 536 0290 0A       		.uleb128 0xa
 537 0291 53020000 		.4byte	.LASF47
 538 0295 1C       		.byte	0x1c
 539 0296 05       		.byte	0x5
 540 0297 9001     		.2byte	0x190
 541 0299 F8020000 		.4byte	0x2f8
 542 029d 08       		.uleb128 0x8
ARM GAS  /tmp/ccLP1IkM.s 			page 17


 543 029e F4030000 		.4byte	.LASF48
 544 02a2 05       		.byte	0x5
 545 02a3 9101     		.2byte	0x191
 546 02a5 51020000 		.4byte	0x251
 547 02a9 02       		.byte	0x2
 548 02aa 23       		.byte	0x23
 549 02ab 00       		.uleb128 0
 550 02ac 08       		.uleb128 0x8
 551 02ad 97030000 		.4byte	.LASF49
 552 02b1 05       		.byte	0x5
 553 02b2 9201     		.2byte	0x192
 554 02b4 C7000000 		.4byte	0xc7
 555 02b8 02       		.byte	0x2
 556 02b9 23       		.byte	0x23
 557 02ba 08       		.uleb128 0x8
 558 02bb 08       		.uleb128 0x8
 559 02bc D0020000 		.4byte	.LASF50
 560 02c0 05       		.byte	0x5
 561 02c1 9401     		.2byte	0x194
 562 02c3 88040000 		.4byte	0x488
 563 02c7 02       		.byte	0x2
 564 02c8 23       		.byte	0x23
 565 02c9 0C       		.uleb128 0xc
 566 02ca 08       		.uleb128 0x8
 567 02cb 93010000 		.4byte	.LASF51
 568 02cf 05       		.byte	0x5
 569 02d0 9701     		.2byte	0x197
 570 02d2 25020000 		.4byte	0x225
 571 02d6 02       		.byte	0x2
 572 02d7 23       		.byte	0x23
 573 02d8 10       		.uleb128 0x10
 574 02d9 08       		.uleb128 0x8
 575 02da 02030000 		.4byte	.LASF52
 576 02de 05       		.byte	0x5
 577 02df 9801     		.2byte	0x198
 578 02e1 25020000 		.4byte	0x225
 579 02e5 02       		.byte	0x2
 580 02e6 23       		.byte	0x23
 581 02e7 14       		.uleb128 0x14
 582 02e8 08       		.uleb128 0x8
 583 02e9 F8020000 		.4byte	.LASF53
 584 02ed 05       		.byte	0x5
 585 02ee 9B01     		.2byte	0x19b
 586 02f0 25020000 		.4byte	0x225
 587 02f4 02       		.byte	0x2
 588 02f5 23       		.byte	0x23
 589 02f6 18       		.uleb128 0x18
 590 02f7 00       		.byte	0
 591 02f8 04       		.uleb128 0x4
 592 02f9 51040000 		.4byte	.LASF54
 593 02fd 04       		.byte	0x4
 594 02fe 5C       		.byte	0x5c
 595 02ff 03030000 		.4byte	0x303
 596 0303 09       		.uleb128 0x9
 597 0304 04       		.byte	0x4
 598 0305 09030000 		.4byte	0x309
 599 0309 0B       		.uleb128 0xb
ARM GAS  /tmp/ccLP1IkM.s 			page 18


 600 030a 01       		.byte	0x1
 601 030b 15030000 		.4byte	0x315
 602 030f 0C       		.uleb128 0xc
 603 0310 15030000 		.4byte	0x315
 604 0314 00       		.byte	0
 605 0315 0D       		.uleb128 0xd
 606 0316 04       		.byte	0x4
 607 0317 04       		.uleb128 0x4
 608 0318 12030000 		.4byte	.LASF55
 609 031c 04       		.byte	0x4
 610 031d 61       		.byte	0x61
 611 031e 22030000 		.4byte	0x322
 612 0322 0A       		.uleb128 0xa
 613 0323 BB030000 		.4byte	.LASF56
 614 0327 14       		.byte	0x14
 615 0328 05       		.byte	0x5
 616 0329 6B01     		.2byte	0x16b
 617 032b 7B030000 		.4byte	0x37b
 618 032f 08       		.uleb128 0x8
 619 0330 E4010000 		.4byte	.LASF57
 620 0334 05       		.byte	0x5
 621 0335 6C01     		.2byte	0x16c
 622 0337 39060000 		.4byte	0x639
 623 033b 02       		.byte	0x2
 624 033c 23       		.byte	0x23
 625 033d 00       		.uleb128 0
 626 033e 08       		.uleb128 0x8
 627 033f A4010000 		.4byte	.LASF58
 628 0343 05       		.byte	0x5
 629 0344 6D01     		.2byte	0x16d
 630 0346 39060000 		.4byte	0x639
 631 034a 02       		.byte	0x2
 632 034b 23       		.byte	0x23
 633 034c 04       		.uleb128 0x4
 634 034d 08       		.uleb128 0x8
 635 034e FC030000 		.4byte	.LASF59
 636 0352 05       		.byte	0x5
 637 0353 6E01     		.2byte	0x16e
 638 0355 F3000000 		.4byte	0xf3
 639 0359 02       		.byte	0x2
 640 035a 23       		.byte	0x23
 641 035b 08       		.uleb128 0x8
 642 035c 08       		.uleb128 0x8
 643 035d 27050000 		.4byte	.LASF60
 644 0361 05       		.byte	0x5
 645 0362 6F01     		.2byte	0x16f
 646 0364 F8020000 		.4byte	0x2f8
 647 0368 02       		.byte	0x2
 648 0369 23       		.byte	0x23
 649 036a 0C       		.uleb128 0xc
 650 036b 08       		.uleb128 0x8
 651 036c 88040000 		.4byte	.LASF61
 652 0370 05       		.byte	0x5
 653 0371 7101     		.2byte	0x171
 654 0373 15030000 		.4byte	0x315
 655 0377 02       		.byte	0x2
 656 0378 23       		.byte	0x23
ARM GAS  /tmp/ccLP1IkM.s 			page 19


 657 0379 10       		.uleb128 0x10
 658 037a 00       		.byte	0
 659 037b 04       		.uleb128 0x4
 660 037c 89000000 		.4byte	.LASF62
 661 0380 04       		.byte	0x4
 662 0381 66       		.byte	0x66
 663 0382 86030000 		.4byte	0x386
 664 0386 0A       		.uleb128 0xa
 665 0387 9E020000 		.4byte	.LASF63
 666 038b 10       		.byte	0x10
 667 038c 05       		.byte	0x5
 668 038d 7B01     		.2byte	0x17b
 669 038f D0030000 		.4byte	0x3d0
 670 0393 08       		.uleb128 0x8
 671 0394 E4010000 		.4byte	.LASF57
 672 0398 05       		.byte	0x5
 673 0399 7C01     		.2byte	0x17c
 674 039b 39060000 		.4byte	0x639
 675 039f 02       		.byte	0x2
 676 03a0 23       		.byte	0x23
 677 03a1 00       		.uleb128 0
 678 03a2 08       		.uleb128 0x8
 679 03a3 A4010000 		.4byte	.LASF58
 680 03a7 05       		.byte	0x5
 681 03a8 7E01     		.2byte	0x17e
 682 03aa 39060000 		.4byte	0x639
 683 03ae 02       		.byte	0x2
 684 03af 23       		.byte	0x23
 685 03b0 04       		.uleb128 0x4
 686 03b1 08       		.uleb128 0x8
 687 03b2 FC030000 		.4byte	.LASF59
 688 03b6 05       		.byte	0x5
 689 03b7 8001     		.2byte	0x180
 690 03b9 F3000000 		.4byte	0xf3
 691 03bd 02       		.byte	0x2
 692 03be 23       		.byte	0x23
 693 03bf 08       		.uleb128 0x8
 694 03c0 08       		.uleb128 0x8
 695 03c1 BC020000 		.4byte	.LASF64
 696 03c5 05       		.byte	0x5
 697 03c6 8801     		.2byte	0x188
 698 03c8 F3000000 		.4byte	0xf3
 699 03cc 02       		.byte	0x2
 700 03cd 23       		.byte	0x23
 701 03ce 0C       		.uleb128 0xc
 702 03cf 00       		.byte	0
 703 03d0 04       		.uleb128 0x4
 704 03d1 49000000 		.4byte	.LASF65
 705 03d5 04       		.byte	0x4
 706 03d6 6B       		.byte	0x6b
 707 03d7 DB030000 		.4byte	0x3db
 708 03db 0A       		.uleb128 0xa
 709 03dc 3A030000 		.4byte	.LASF66
 710 03e0 04       		.byte	0x4
 711 03e1 05       		.byte	0x5
 712 03e2 A201     		.2byte	0x1a2
 713 03e4 F8030000 		.4byte	0x3f8
ARM GAS  /tmp/ccLP1IkM.s 			page 20


 714 03e8 08       		.uleb128 0x8
 715 03e9 5A040000 		.4byte	.LASF67
 716 03ed 05       		.byte	0x5
 717 03ee AA01     		.2byte	0x1aa
 718 03f0 3F060000 		.4byte	0x63f
 719 03f4 02       		.byte	0x2
 720 03f5 23       		.byte	0x23
 721 03f6 00       		.uleb128 0
 722 03f7 00       		.byte	0
 723 03f8 04       		.uleb128 0x4
 724 03f9 3F020000 		.4byte	.LASF68
 725 03fd 04       		.byte	0x4
 726 03fe 70       		.byte	0x70
 727 03ff 03040000 		.4byte	0x403
 728 0403 0E       		.uleb128 0xe
 729 0404 F4000000 		.4byte	.LASF69
 730 0408 5001     		.2byte	0x150
 731 040a 05       		.byte	0x5
 732 040b C201     		.2byte	0x1c2
 733 040d 6B040000 		.4byte	0x46b
 734 0411 08       		.uleb128 0x8
 735 0412 BD040000 		.4byte	.LASF70
 736 0416 05       		.byte	0x5
 737 0417 C601     		.2byte	0x1c6
 738 0419 85020000 		.4byte	0x285
 739 041d 02       		.byte	0x2
 740 041e 23       		.byte	0x23
 741 041f 00       		.uleb128 0
 742 0420 08       		.uleb128 0x8
 743 0421 AC010000 		.4byte	.LASF71
 744 0425 05       		.byte	0x5
 745 0426 CA01     		.2byte	0x1ca
 746 0428 7B030000 		.4byte	0x37b
 747 042c 02       		.byte	0x2
 748 042d 23       		.byte	0x23
 749 042e 1C       		.uleb128 0x1c
 750 042f 07       		.uleb128 0x7
 751 0430 64626700 		.ascii	"dbg\000"
 752 0434 05       		.byte	0x5
 753 0435 CE01     		.2byte	0x1ce
 754 0437 D0030000 		.4byte	0x3d0
 755 043b 02       		.byte	0x2
 756 043c 23       		.byte	0x23
 757 043d 2C       		.uleb128 0x2c
 758 043e 08       		.uleb128 0x8
 759 043f 7E000000 		.4byte	.LASF72
 760 0443 05       		.byte	0x5
 761 0444 D201     		.2byte	0x1d2
 762 0446 FE000000 		.4byte	0xfe
 763 044a 02       		.byte	0x2
 764 044b 23       		.byte	0x23
 765 044c 30       		.uleb128 0x30
 766 044d 07       		.uleb128 0x7
 767 044e 746D00   		.ascii	"tm\000"
 768 0451 05       		.byte	0x5
 769 0452 D701     		.2byte	0x1d7
 770 0454 4D050000 		.4byte	0x54d
ARM GAS  /tmp/ccLP1IkM.s 			page 21


 771 0458 02       		.byte	0x2
 772 0459 23       		.byte	0x23
 773 045a 74       		.uleb128 0x74
 774 045b 08       		.uleb128 0x8
 775 045c C2010000 		.4byte	.LASF73
 776 0460 05       		.byte	0x5
 777 0461 E301     		.2byte	0x1e3
 778 0463 44060000 		.4byte	0x644
 779 0467 02       		.byte	0x2
 780 0468 23       		.byte	0x23
 781 0469 78       		.uleb128 0x78
 782 046a 00       		.byte	0
 783 046b 03       		.uleb128 0x3
 784 046c 04       		.byte	0x4
 785 046d 07       		.byte	0x7
 786 046e 82020000 		.4byte	.LASF74
 787 0472 04       		.uleb128 0x4
 788 0473 9B010000 		.4byte	.LASF75
 789 0477 06       		.byte	0x6
 790 0478 65       		.byte	0x65
 791 0479 15030000 		.4byte	0x315
 792 047d 04       		.uleb128 0x4
 793 047e 6D020000 		.4byte	.LASF76
 794 0482 06       		.byte	0x6
 795 0483 6D       		.byte	0x6d
 796 0484 89000000 		.4byte	0x89
 797 0488 05       		.uleb128 0x5
 798 0489 6B040000 		.4byte	.LASF77
 799 048d 04       		.byte	0x4
 800 048e 06       		.byte	0x6
 801 048f 89       		.byte	0x89
 802 0490 A3040000 		.4byte	0x4a3
 803 0494 0F       		.uleb128 0xf
 804 0495 72313300 		.ascii	"r13\000"
 805 0499 06       		.byte	0x6
 806 049a 8A       		.byte	0x8a
 807 049b 30050000 		.4byte	0x530
 808 049f 02       		.byte	0x2
 809 04a0 23       		.byte	0x23
 810 04a1 00       		.uleb128 0
 811 04a2 00       		.byte	0
 812 04a3 05       		.uleb128 0x5
 813 04a4 3D000000 		.4byte	.LASF78
 814 04a8 24       		.byte	0x24
 815 04a9 07       		.byte	0x7
 816 04aa FD       		.byte	0xfd
 817 04ab 30050000 		.4byte	0x530
 818 04af 07       		.uleb128 0x7
 819 04b0 723400   		.ascii	"r4\000"
 820 04b3 07       		.byte	0x7
 821 04b4 1001     		.2byte	0x110
 822 04b6 72040000 		.4byte	0x472
 823 04ba 02       		.byte	0x2
 824 04bb 23       		.byte	0x23
 825 04bc 00       		.uleb128 0
 826 04bd 07       		.uleb128 0x7
 827 04be 723500   		.ascii	"r5\000"
ARM GAS  /tmp/ccLP1IkM.s 			page 22


 828 04c1 07       		.byte	0x7
 829 04c2 1101     		.2byte	0x111
 830 04c4 72040000 		.4byte	0x472
 831 04c8 02       		.byte	0x2
 832 04c9 23       		.byte	0x23
 833 04ca 04       		.uleb128 0x4
 834 04cb 07       		.uleb128 0x7
 835 04cc 723600   		.ascii	"r6\000"
 836 04cf 07       		.byte	0x7
 837 04d0 1201     		.2byte	0x112
 838 04d2 72040000 		.4byte	0x472
 839 04d6 02       		.byte	0x2
 840 04d7 23       		.byte	0x23
 841 04d8 08       		.uleb128 0x8
 842 04d9 07       		.uleb128 0x7
 843 04da 723700   		.ascii	"r7\000"
 844 04dd 07       		.byte	0x7
 845 04de 1301     		.2byte	0x113
 846 04e0 72040000 		.4byte	0x472
 847 04e4 02       		.byte	0x2
 848 04e5 23       		.byte	0x23
 849 04e6 0C       		.uleb128 0xc
 850 04e7 07       		.uleb128 0x7
 851 04e8 723800   		.ascii	"r8\000"
 852 04eb 07       		.byte	0x7
 853 04ec 1401     		.2byte	0x114
 854 04ee 72040000 		.4byte	0x472
 855 04f2 02       		.byte	0x2
 856 04f3 23       		.byte	0x23
 857 04f4 10       		.uleb128 0x10
 858 04f5 07       		.uleb128 0x7
 859 04f6 723900   		.ascii	"r9\000"
 860 04f9 07       		.byte	0x7
 861 04fa 1501     		.2byte	0x115
 862 04fc 72040000 		.4byte	0x472
 863 0500 02       		.byte	0x2
 864 0501 23       		.byte	0x23
 865 0502 14       		.uleb128 0x14
 866 0503 07       		.uleb128 0x7
 867 0504 72313000 		.ascii	"r10\000"
 868 0508 07       		.byte	0x7
 869 0509 1601     		.2byte	0x116
 870 050b 72040000 		.4byte	0x472
 871 050f 02       		.byte	0x2
 872 0510 23       		.byte	0x23
 873 0511 18       		.uleb128 0x18
 874 0512 07       		.uleb128 0x7
 875 0513 72313100 		.ascii	"r11\000"
 876 0517 07       		.byte	0x7
 877 0518 1701     		.2byte	0x117
 878 051a 72040000 		.4byte	0x472
 879 051e 02       		.byte	0x2
 880 051f 23       		.byte	0x23
 881 0520 1C       		.uleb128 0x1c
 882 0521 07       		.uleb128 0x7
 883 0522 6C7200   		.ascii	"lr\000"
 884 0525 07       		.byte	0x7
ARM GAS  /tmp/ccLP1IkM.s 			page 23


 885 0526 1801     		.2byte	0x118
 886 0528 72040000 		.4byte	0x472
 887 052c 02       		.byte	0x2
 888 052d 23       		.byte	0x23
 889 052e 20       		.uleb128 0x20
 890 052f 00       		.byte	0
 891 0530 09       		.uleb128 0x9
 892 0531 04       		.byte	0x4
 893 0532 A3040000 		.4byte	0x4a3
 894 0536 10       		.uleb128 0x10
 895 0537 04       		.byte	0x4
 896 0538 08       		.byte	0x8
 897 0539 38       		.byte	0x38
 898 053a 4D050000 		.4byte	0x54d
 899 053e 06       		.uleb128 0x6
 900 053f 64040000 		.4byte	.LASF79
 901 0543 08       		.byte	0x8
 902 0544 3C       		.byte	0x3c
 903 0545 9B000000 		.4byte	0x9b
 904 0549 02       		.byte	0x2
 905 054a 23       		.byte	0x23
 906 054b 00       		.uleb128 0
 907 054c 00       		.byte	0
 908 054d 04       		.uleb128 0x4
 909 054e D6020000 		.4byte	.LASF80
 910 0552 08       		.byte	0x8
 911 0553 3D       		.byte	0x3d
 912 0554 36050000 		.4byte	0x536
 913 0558 11       		.uleb128 0x11
 914 0559 04       		.byte	0x4
 915 055a 05       		.byte	0x5
 916 055b FA       		.byte	0xfa
 917 055c B5050000 		.4byte	0x5b5
 918 0560 12       		.uleb128 0x12
 919 0561 2D000000 		.4byte	.LASF81
 920 0565 05       		.byte	0x5
 921 0566 0101     		.2byte	0x101
 922 0568 D2000000 		.4byte	0xd2
 923 056c 12       		.uleb128 0x12
 924 056d 75000000 		.4byte	.LASF82
 925 0571 05       		.byte	0x5
 926 0572 0801     		.2byte	0x108
 927 0574 D2000000 		.4byte	0xd2
 928 0578 12       		.uleb128 0x12
 929 0579 CB040000 		.4byte	.LASF83
 930 057d 05       		.byte	0x5
 931 057e 0F01     		.2byte	0x10f
 932 0580 15030000 		.4byte	0x315
 933 0584 12       		.uleb128 0x12
 934 0585 27000000 		.4byte	.LASF84
 935 0589 05       		.byte	0x5
 936 058a 1601     		.2byte	0x116
 937 058c B5050000 		.4byte	0x5b5
 938 0590 12       		.uleb128 0x12
 939 0591 EC010000 		.4byte	.LASF85
 940 0595 05       		.byte	0x5
 941 0596 1E01     		.2byte	0x11e
ARM GAS  /tmp/ccLP1IkM.s 			page 24


 942 0598 E4050000 		.4byte	0x5e4
 943 059c 12       		.uleb128 0x12
 944 059d ED030000 		.4byte	.LASF86
 945 05a1 05       		.byte	0x5
 946 05a2 2701     		.2byte	0x127
 947 05a4 21060000 		.4byte	0x621
 948 05a8 12       		.uleb128 0x12
 949 05a9 A5030000 		.4byte	.LASF87
 950 05ad 05       		.byte	0x5
 951 05ae 2F01     		.2byte	0x12f
 952 05b0 DD000000 		.4byte	0xdd
 953 05b4 00       		.byte	0
 954 05b5 09       		.uleb128 0x9
 955 05b6 04       		.byte	0x4
 956 05b7 1A020000 		.4byte	0x21a
 957 05bb 05       		.uleb128 0x5
 958 05bc CC030000 		.4byte	.LASF88
 959 05c0 0C       		.byte	0xc
 960 05c1 09       		.byte	0x9
 961 05c2 34       		.byte	0x34
 962 05c3 E4050000 		.4byte	0x5e4
 963 05c7 06       		.uleb128 0x6
 964 05c8 8B010000 		.4byte	.LASF89
 965 05cc 09       		.byte	0x9
 966 05cd 35       		.byte	0x35
 967 05ce 51020000 		.4byte	0x251
 968 05d2 02       		.byte	0x2
 969 05d3 23       		.byte	0x23
 970 05d4 00       		.uleb128 0
 971 05d5 06       		.uleb128 0x6
 972 05d6 6B030000 		.4byte	.LASF90
 973 05da 09       		.byte	0x9
 974 05db 37       		.byte	0x37
 975 05dc E8000000 		.4byte	0xe8
 976 05e0 02       		.byte	0x2
 977 05e1 23       		.byte	0x23
 978 05e2 08       		.uleb128 0x8
 979 05e3 00       		.byte	0
 980 05e4 09       		.uleb128 0x9
 981 05e5 04       		.byte	0x4
 982 05e6 BB050000 		.4byte	0x5bb
 983 05ea 05       		.uleb128 0x5
 984 05eb 9F040000 		.4byte	.LASF91
 985 05ef 10       		.byte	0x10
 986 05f0 0A       		.byte	0xa
 987 05f1 39       		.byte	0x39
 988 05f2 21060000 		.4byte	0x621
 989 05f6 06       		.uleb128 0x6
 990 05f7 E6000000 		.4byte	.LASF92
 991 05fb 0A       		.byte	0xa
 992 05fc 3A       		.byte	0x3a
 993 05fd 51020000 		.4byte	0x251
 994 0601 02       		.byte	0x2
 995 0602 23       		.byte	0x23
 996 0603 00       		.uleb128 0
 997 0604 06       		.uleb128 0x6
 998 0605 06050000 		.4byte	.LASF93
ARM GAS  /tmp/ccLP1IkM.s 			page 25


 999 0609 0A       		.byte	0xa
 1000 060a 3C       		.byte	0x3c
 1001 060b 25020000 		.4byte	0x225
 1002 060f 02       		.byte	0x2
 1003 0610 23       		.byte	0x23
 1004 0611 08       		.uleb128 0x8
 1005 0612 06       		.uleb128 0x6
 1006 0613 35040000 		.4byte	.LASF94
 1007 0617 0A       		.byte	0xa
 1008 0618 3E       		.byte	0x3e
 1009 0619 5F060000 		.4byte	0x65f
 1010 061d 02       		.byte	0x2
 1011 061e 23       		.byte	0x23
 1012 061f 0C       		.uleb128 0xc
 1013 0620 00       		.byte	0
 1014 0621 09       		.uleb128 0x9
 1015 0622 04       		.byte	0x4
 1016 0623 EA050000 		.4byte	0x5ea
 1017 0627 09       		.uleb128 0x9
 1018 0628 04       		.byte	0x4
 1019 0629 2D060000 		.4byte	0x62d
 1020 062d 13       		.uleb128 0x13
 1021 062e 32060000 		.4byte	0x632
 1022 0632 03       		.uleb128 0x3
 1023 0633 01       		.byte	0x1
 1024 0634 08       		.byte	0x8
 1025 0635 27040000 		.4byte	.LASF95
 1026 0639 09       		.uleb128 0x9
 1027 063a 04       		.byte	0x4
 1028 063b 17030000 		.4byte	0x317
 1029 063f 14       		.uleb128 0x14
 1030 0640 27060000 		.4byte	0x627
 1031 0644 15       		.uleb128 0x15
 1032 0645 7D040000 		.4byte	0x47d
 1033 0649 54060000 		.4byte	0x654
 1034 064d 16       		.uleb128 0x16
 1035 064e 6B040000 		.4byte	0x46b
 1036 0652 1A       		.byte	0x1a
 1037 0653 00       		.byte	0
 1038 0654 04       		.uleb128 0x4
 1039 0655 B3010000 		.4byte	.LASF96
 1040 0659 0A       		.byte	0xa
 1041 065a 34       		.byte	0x34
 1042 065b EA050000 		.4byte	0x5ea
 1043 065f 09       		.uleb128 0x9
 1044 0660 04       		.byte	0x4
 1045 0661 54060000 		.4byte	0x654
 1046 0665 03       		.uleb128 0x3
 1047 0666 01       		.byte	0x1
 1048 0667 02       		.byte	0x2
 1049 0668 4A030000 		.4byte	.LASF97
 1050 066c 10       		.uleb128 0x10
 1051 066d 1C       		.byte	0x1c
 1052 066e 0B       		.byte	0xb
 1053 066f F5       		.byte	0xf5
 1054 0670 D9060000 		.4byte	0x6d9
 1055 0674 06       		.uleb128 0x6
ARM GAS  /tmp/ccLP1IkM.s 			page 26


 1056 0675 EE000000 		.4byte	.LASF98
 1057 0679 0B       		.byte	0xb
 1058 067a F7       		.byte	0xf7
 1059 067b 70000000 		.4byte	0x70
 1060 067f 02       		.byte	0x2
 1061 0680 23       		.byte	0x23
 1062 0681 00       		.uleb128 0
 1063 0682 06       		.uleb128 0x6
 1064 0683 0E020000 		.4byte	.LASF99
 1065 0687 0B       		.byte	0xb
 1066 0688 F9       		.byte	0xf9
 1067 0689 70000000 		.4byte	0x70
 1068 068d 02       		.byte	0x2
 1069 068e 23       		.byte	0x23
 1070 068f 04       		.uleb128 0x4
 1071 0690 06       		.uleb128 0x6
 1072 0691 06020000 		.4byte	.LASF100
 1073 0695 0B       		.byte	0xb
 1074 0696 FB       		.byte	0xfb
 1075 0697 70000000 		.4byte	0x70
 1076 069b 02       		.byte	0x2
 1077 069c 23       		.byte	0x23
 1078 069d 08       		.uleb128 0x8
 1079 069e 06       		.uleb128 0x6
 1080 069f 6F000000 		.4byte	.LASF101
 1081 06a3 0B       		.byte	0xb
 1082 06a4 FD       		.byte	0xfd
 1083 06a5 70000000 		.4byte	0x70
 1084 06a9 02       		.byte	0x2
 1085 06aa 23       		.byte	0x23
 1086 06ab 0C       		.uleb128 0xc
 1087 06ac 0F       		.uleb128 0xf
 1088 06ad 6F647200 		.ascii	"odr\000"
 1089 06b1 0B       		.byte	0xb
 1090 06b2 FF       		.byte	0xff
 1091 06b3 70000000 		.4byte	0x70
 1092 06b7 02       		.byte	0x2
 1093 06b8 23       		.byte	0x23
 1094 06b9 10       		.uleb128 0x10
 1095 06ba 08       		.uleb128 0x8
 1096 06bb 66030000 		.4byte	.LASF102
 1097 06bf 0B       		.byte	0xb
 1098 06c0 0101     		.2byte	0x101
 1099 06c2 70000000 		.4byte	0x70
 1100 06c6 02       		.byte	0x2
 1101 06c7 23       		.byte	0x23
 1102 06c8 14       		.uleb128 0x14
 1103 06c9 08       		.uleb128 0x8
 1104 06ca E7020000 		.4byte	.LASF103
 1105 06ce 0B       		.byte	0xb
 1106 06cf 0301     		.2byte	0x103
 1107 06d1 70000000 		.4byte	0x70
 1108 06d5 02       		.byte	0x2
 1109 06d6 23       		.byte	0x23
 1110 06d7 18       		.uleb128 0x18
 1111 06d8 00       		.byte	0
 1112 06d9 17       		.uleb128 0x17
ARM GAS  /tmp/ccLP1IkM.s 			page 27


 1113 06da 00000000 		.4byte	.LASF104
 1114 06de 0B       		.byte	0xb
 1115 06df 0401     		.2byte	0x104
 1116 06e1 6C060000 		.4byte	0x66c
 1117 06e5 18       		.uleb128 0x18
 1118 06e6 8C       		.byte	0x8c
 1119 06e7 0B       		.byte	0xb
 1120 06e8 0D01     		.2byte	0x10d
 1121 06ea 3A070000 		.4byte	0x73a
 1122 06ee 08       		.uleb128 0x8
 1123 06ef 9E030000 		.4byte	.LASF105
 1124 06f3 0B       		.byte	0xb
 1125 06f4 1001     		.2byte	0x110
 1126 06f6 D9060000 		.4byte	0x6d9
 1127 06fa 02       		.byte	0x2
 1128 06fb 23       		.byte	0x23
 1129 06fc 00       		.uleb128 0
 1130 06fd 08       		.uleb128 0x8
 1131 06fe BB010000 		.4byte	.LASF106
 1132 0702 0B       		.byte	0xb
 1133 0703 1401     		.2byte	0x114
 1134 0705 D9060000 		.4byte	0x6d9
 1135 0709 02       		.byte	0x2
 1136 070a 23       		.byte	0x23
 1137 070b 1C       		.uleb128 0x1c
 1138 070c 08       		.uleb128 0x8
 1139 070d D9040000 		.4byte	.LASF107
 1140 0711 0B       		.byte	0xb
 1141 0712 1801     		.2byte	0x118
 1142 0714 D9060000 		.4byte	0x6d9
 1143 0718 02       		.byte	0x2
 1144 0719 23       		.byte	0x23
 1145 071a 38       		.uleb128 0x38
 1146 071b 08       		.uleb128 0x8
 1147 071c B5020000 		.4byte	.LASF108
 1148 0720 0B       		.byte	0xb
 1149 0721 1C01     		.2byte	0x11c
 1150 0723 D9060000 		.4byte	0x6d9
 1151 0727 02       		.byte	0x2
 1152 0728 23       		.byte	0x23
 1153 0729 54       		.uleb128 0x54
 1154 072a 08       		.uleb128 0x8
 1155 072b 28020000 		.4byte	.LASF109
 1156 072f 0B       		.byte	0xb
 1157 0730 2401     		.2byte	0x124
 1158 0732 D9060000 		.4byte	0x6d9
 1159 0736 02       		.byte	0x2
 1160 0737 23       		.byte	0x23
 1161 0738 70       		.uleb128 0x70
 1162 0739 00       		.byte	0
 1163 073a 17       		.uleb128 0x17
 1164 073b FC040000 		.4byte	.LASF110
 1165 073f 0B       		.byte	0xb
 1166 0740 3A01     		.2byte	0x13a
 1167 0742 E5060000 		.4byte	0x6e5
 1168 0746 19       		.uleb128 0x19
 1169 0747 29030000 		.4byte	.LASF120
ARM GAS  /tmp/ccLP1IkM.s 			page 28


 1170 074b 11       		.byte	0x11
 1171 074c C101     		.2byte	0x1c1
 1172 074e 01       		.byte	0x1
 1173 074f 03       		.byte	0x3
 1174 0750 1A       		.uleb128 0x1a
 1175 0751 01       		.byte	0x1
 1176 0752 FE010000 		.4byte	.LASF121
 1177 0756 01       		.byte	0x1
 1178 0757 38       		.byte	0x38
 1179 0758 01       		.byte	0x1
 1180 0759 00000000 		.4byte	.LFB272
 1181 075d 22000000 		.4byte	.LFE272
 1182 0761 00000000 		.4byte	.LLST0
 1183 0765 01       		.byte	0x1
 1184 0766 99070000 		.4byte	0x799
 1185 076a 1B       		.uleb128 0x1b
 1186 076b 06000000 		.4byte	.LVL0
 1187 076f CC070000 		.4byte	0x7cc
 1188 0773 1B       		.uleb128 0x1b
 1189 0774 12000000 		.4byte	.LVL1
 1190 0778 D7070000 		.4byte	0x7d7
 1191 077c 1B       		.uleb128 0x1b
 1192 077d 16000000 		.4byte	.LVL2
 1193 0781 F2070000 		.4byte	0x7f2
 1194 0785 1B       		.uleb128 0x1b
 1195 0786 1A000000 		.4byte	.LVL3
 1196 078a FD070000 		.4byte	0x7fd
 1197 078e 1C       		.uleb128 0x1c
 1198 078f 22000000 		.4byte	.LVL4
 1199 0793 01       		.byte	0x1
 1200 0794 08080000 		.4byte	0x808
 1201 0798 00       		.byte	0
 1202 0799 1D       		.uleb128 0x1d
 1203 079a 9F000000 		.4byte	.LASF111
 1204 079e 0C       		.byte	0xc
 1205 079f FA06     		.2byte	0x6fa
 1206 07a1 A7070000 		.4byte	0x7a7
 1207 07a5 01       		.byte	0x1
 1208 07a6 01       		.byte	0x1
 1209 07a7 14       		.uleb128 0x14
 1210 07a8 5E000000 		.4byte	0x5e
 1211 07ac 1E       		.uleb128 0x1e
 1212 07ad 636800   		.ascii	"ch\000"
 1213 07b0 05       		.byte	0x5
 1214 07b1 0902     		.2byte	0x209
 1215 07b3 F8030000 		.4byte	0x3f8
 1216 07b7 01       		.byte	0x1
 1217 07b8 01       		.byte	0x1
 1218 07b9 1D       		.uleb128 0x1d
 1219 07ba 0E050000 		.4byte	.LASF112
 1220 07be 0B       		.byte	0xb
 1221 07bf 1E02     		.2byte	0x21e
 1222 07c1 C7070000 		.4byte	0x7c7
 1223 07c5 01       		.byte	0x1
 1224 07c6 01       		.byte	0x1
 1225 07c7 13       		.uleb128 0x13
 1226 07c8 3A070000 		.4byte	0x73a
ARM GAS  /tmp/ccLP1IkM.s 			page 29


 1227 07cc 1F       		.uleb128 0x1f
 1228 07cd 01       		.byte	0x1
 1229 07ce 73040000 		.4byte	.LASF113
 1230 07d2 0D       		.byte	0xd
 1231 07d3 8204     		.2byte	0x482
 1232 07d5 01       		.byte	0x1
 1233 07d6 01       		.byte	0x1
 1234 07d7 20       		.uleb128 0x20
 1235 07d8 01       		.byte	0x1
 1236 07d9 AF040000 		.4byte	.LASF122
 1237 07dd 0B       		.byte	0xb
 1238 07de 2302     		.2byte	0x223
 1239 07e0 01       		.byte	0x1
 1240 07e1 01       		.byte	0x1
 1241 07e2 EC070000 		.4byte	0x7ec
 1242 07e6 0C       		.uleb128 0xc
 1243 07e7 EC070000 		.4byte	0x7ec
 1244 07eb 00       		.byte	0
 1245 07ec 09       		.uleb128 0x9
 1246 07ed 04       		.byte	0x4
 1247 07ee C7070000 		.4byte	0x7c7
 1248 07f2 1F       		.uleb128 0x1f
 1249 07f3 01       		.byte	0x1
 1250 07f4 F5040000 		.4byte	.LASF114
 1251 07f8 0E       		.byte	0xe
 1252 07f9 0E01     		.2byte	0x10e
 1253 07fb 01       		.byte	0x1
 1254 07fc 01       		.byte	0x1
 1255 07fd 1F       		.uleb128 0x1f
 1256 07fe 01       		.byte	0x1
 1257 07ff 8D030000 		.4byte	.LASF115
 1258 0803 0F       		.byte	0xf
 1259 0804 9704     		.2byte	0x497
 1260 0806 01       		.byte	0x1
 1261 0807 01       		.byte	0x1
 1262 0808 21       		.uleb128 0x21
 1263 0809 01       		.byte	0x1
 1264 080a 20000000 		.4byte	.LASF116
 1265 080e 10       		.byte	0x10
 1266 080f 56       		.byte	0x56
 1267 0810 01       		.byte	0x1
 1268 0811 01       		.byte	0x1
 1269 0812 00       		.byte	0
 1270              		.section	.debug_abbrev,"",%progbits
 1271              	.Ldebug_abbrev0:
 1272 0000 01       		.uleb128 0x1
 1273 0001 11       		.uleb128 0x11
 1274 0002 01       		.byte	0x1
 1275 0003 25       		.uleb128 0x25
 1276 0004 0E       		.uleb128 0xe
 1277 0005 13       		.uleb128 0x13
 1278 0006 0B       		.uleb128 0xb
 1279 0007 03       		.uleb128 0x3
 1280 0008 0E       		.uleb128 0xe
 1281 0009 1B       		.uleb128 0x1b
 1282 000a 0E       		.uleb128 0xe
 1283 000b 55       		.uleb128 0x55
ARM GAS  /tmp/ccLP1IkM.s 			page 30


 1284 000c 06       		.uleb128 0x6
 1285 000d 11       		.uleb128 0x11
 1286 000e 01       		.uleb128 0x1
 1287 000f 52       		.uleb128 0x52
 1288 0010 01       		.uleb128 0x1
 1289 0011 10       		.uleb128 0x10
 1290 0012 06       		.uleb128 0x6
 1291 0013 00       		.byte	0
 1292 0014 00       		.byte	0
 1293 0015 02       		.uleb128 0x2
 1294 0016 24       		.uleb128 0x24
 1295 0017 00       		.byte	0
 1296 0018 0B       		.uleb128 0xb
 1297 0019 0B       		.uleb128 0xb
 1298 001a 3E       		.uleb128 0x3e
 1299 001b 0B       		.uleb128 0xb
 1300 001c 03       		.uleb128 0x3
 1301 001d 08       		.uleb128 0x8
 1302 001e 00       		.byte	0
 1303 001f 00       		.byte	0
 1304 0020 03       		.uleb128 0x3
 1305 0021 24       		.uleb128 0x24
 1306 0022 00       		.byte	0
 1307 0023 0B       		.uleb128 0xb
 1308 0024 0B       		.uleb128 0xb
 1309 0025 3E       		.uleb128 0x3e
 1310 0026 0B       		.uleb128 0xb
 1311 0027 03       		.uleb128 0x3
 1312 0028 0E       		.uleb128 0xe
 1313 0029 00       		.byte	0
 1314 002a 00       		.byte	0
 1315 002b 04       		.uleb128 0x4
 1316 002c 16       		.uleb128 0x16
 1317 002d 00       		.byte	0
 1318 002e 03       		.uleb128 0x3
 1319 002f 0E       		.uleb128 0xe
 1320 0030 3A       		.uleb128 0x3a
 1321 0031 0B       		.uleb128 0xb
 1322 0032 3B       		.uleb128 0x3b
 1323 0033 0B       		.uleb128 0xb
 1324 0034 49       		.uleb128 0x49
 1325 0035 13       		.uleb128 0x13
 1326 0036 00       		.byte	0
 1327 0037 00       		.byte	0
 1328 0038 05       		.uleb128 0x5
 1329 0039 13       		.uleb128 0x13
 1330 003a 01       		.byte	0x1
 1331 003b 03       		.uleb128 0x3
 1332 003c 0E       		.uleb128 0xe
 1333 003d 0B       		.uleb128 0xb
 1334 003e 0B       		.uleb128 0xb
 1335 003f 3A       		.uleb128 0x3a
 1336 0040 0B       		.uleb128 0xb
 1337 0041 3B       		.uleb128 0x3b
 1338 0042 0B       		.uleb128 0xb
 1339 0043 01       		.uleb128 0x1
 1340 0044 13       		.uleb128 0x13
ARM GAS  /tmp/ccLP1IkM.s 			page 31


 1341 0045 00       		.byte	0
 1342 0046 00       		.byte	0
 1343 0047 06       		.uleb128 0x6
 1344 0048 0D       		.uleb128 0xd
 1345 0049 00       		.byte	0
 1346 004a 03       		.uleb128 0x3
 1347 004b 0E       		.uleb128 0xe
 1348 004c 3A       		.uleb128 0x3a
 1349 004d 0B       		.uleb128 0xb
 1350 004e 3B       		.uleb128 0x3b
 1351 004f 0B       		.uleb128 0xb
 1352 0050 49       		.uleb128 0x49
 1353 0051 13       		.uleb128 0x13
 1354 0052 38       		.uleb128 0x38
 1355 0053 0A       		.uleb128 0xa
 1356 0054 00       		.byte	0
 1357 0055 00       		.byte	0
 1358 0056 07       		.uleb128 0x7
 1359 0057 0D       		.uleb128 0xd
 1360 0058 00       		.byte	0
 1361 0059 03       		.uleb128 0x3
 1362 005a 08       		.uleb128 0x8
 1363 005b 3A       		.uleb128 0x3a
 1364 005c 0B       		.uleb128 0xb
 1365 005d 3B       		.uleb128 0x3b
 1366 005e 05       		.uleb128 0x5
 1367 005f 49       		.uleb128 0x49
 1368 0060 13       		.uleb128 0x13
 1369 0061 38       		.uleb128 0x38
 1370 0062 0A       		.uleb128 0xa
 1371 0063 00       		.byte	0
 1372 0064 00       		.byte	0
 1373 0065 08       		.uleb128 0x8
 1374 0066 0D       		.uleb128 0xd
 1375 0067 00       		.byte	0
 1376 0068 03       		.uleb128 0x3
 1377 0069 0E       		.uleb128 0xe
 1378 006a 3A       		.uleb128 0x3a
 1379 006b 0B       		.uleb128 0xb
 1380 006c 3B       		.uleb128 0x3b
 1381 006d 05       		.uleb128 0x5
 1382 006e 49       		.uleb128 0x49
 1383 006f 13       		.uleb128 0x13
 1384 0070 38       		.uleb128 0x38
 1385 0071 0A       		.uleb128 0xa
 1386 0072 00       		.byte	0
 1387 0073 00       		.byte	0
 1388 0074 09       		.uleb128 0x9
 1389 0075 0F       		.uleb128 0xf
 1390 0076 00       		.byte	0
 1391 0077 0B       		.uleb128 0xb
 1392 0078 0B       		.uleb128 0xb
 1393 0079 49       		.uleb128 0x49
 1394 007a 13       		.uleb128 0x13
 1395 007b 00       		.byte	0
 1396 007c 00       		.byte	0
 1397 007d 0A       		.uleb128 0xa
ARM GAS  /tmp/ccLP1IkM.s 			page 32


 1398 007e 13       		.uleb128 0x13
 1399 007f 01       		.byte	0x1
 1400 0080 03       		.uleb128 0x3
 1401 0081 0E       		.uleb128 0xe
 1402 0082 0B       		.uleb128 0xb
 1403 0083 0B       		.uleb128 0xb
 1404 0084 3A       		.uleb128 0x3a
 1405 0085 0B       		.uleb128 0xb
 1406 0086 3B       		.uleb128 0x3b
 1407 0087 05       		.uleb128 0x5
 1408 0088 01       		.uleb128 0x1
 1409 0089 13       		.uleb128 0x13
 1410 008a 00       		.byte	0
 1411 008b 00       		.byte	0
 1412 008c 0B       		.uleb128 0xb
 1413 008d 15       		.uleb128 0x15
 1414 008e 01       		.byte	0x1
 1415 008f 27       		.uleb128 0x27
 1416 0090 0C       		.uleb128 0xc
 1417 0091 01       		.uleb128 0x1
 1418 0092 13       		.uleb128 0x13
 1419 0093 00       		.byte	0
 1420 0094 00       		.byte	0
 1421 0095 0C       		.uleb128 0xc
 1422 0096 05       		.uleb128 0x5
 1423 0097 00       		.byte	0
 1424 0098 49       		.uleb128 0x49
 1425 0099 13       		.uleb128 0x13
 1426 009a 00       		.byte	0
 1427 009b 00       		.byte	0
 1428 009c 0D       		.uleb128 0xd
 1429 009d 0F       		.uleb128 0xf
 1430 009e 00       		.byte	0
 1431 009f 0B       		.uleb128 0xb
 1432 00a0 0B       		.uleb128 0xb
 1433 00a1 00       		.byte	0
 1434 00a2 00       		.byte	0
 1435 00a3 0E       		.uleb128 0xe
 1436 00a4 13       		.uleb128 0x13
 1437 00a5 01       		.byte	0x1
 1438 00a6 03       		.uleb128 0x3
 1439 00a7 0E       		.uleb128 0xe
 1440 00a8 0B       		.uleb128 0xb
 1441 00a9 05       		.uleb128 0x5
 1442 00aa 3A       		.uleb128 0x3a
 1443 00ab 0B       		.uleb128 0xb
 1444 00ac 3B       		.uleb128 0x3b
 1445 00ad 05       		.uleb128 0x5
 1446 00ae 01       		.uleb128 0x1
 1447 00af 13       		.uleb128 0x13
 1448 00b0 00       		.byte	0
 1449 00b1 00       		.byte	0
 1450 00b2 0F       		.uleb128 0xf
 1451 00b3 0D       		.uleb128 0xd
 1452 00b4 00       		.byte	0
 1453 00b5 03       		.uleb128 0x3
 1454 00b6 08       		.uleb128 0x8
ARM GAS  /tmp/ccLP1IkM.s 			page 33


 1455 00b7 3A       		.uleb128 0x3a
 1456 00b8 0B       		.uleb128 0xb
 1457 00b9 3B       		.uleb128 0x3b
 1458 00ba 0B       		.uleb128 0xb
 1459 00bb 49       		.uleb128 0x49
 1460 00bc 13       		.uleb128 0x13
 1461 00bd 38       		.uleb128 0x38
 1462 00be 0A       		.uleb128 0xa
 1463 00bf 00       		.byte	0
 1464 00c0 00       		.byte	0
 1465 00c1 10       		.uleb128 0x10
 1466 00c2 13       		.uleb128 0x13
 1467 00c3 01       		.byte	0x1
 1468 00c4 0B       		.uleb128 0xb
 1469 00c5 0B       		.uleb128 0xb
 1470 00c6 3A       		.uleb128 0x3a
 1471 00c7 0B       		.uleb128 0xb
 1472 00c8 3B       		.uleb128 0x3b
 1473 00c9 0B       		.uleb128 0xb
 1474 00ca 01       		.uleb128 0x1
 1475 00cb 13       		.uleb128 0x13
 1476 00cc 00       		.byte	0
 1477 00cd 00       		.byte	0
 1478 00ce 11       		.uleb128 0x11
 1479 00cf 17       		.uleb128 0x17
 1480 00d0 01       		.byte	0x1
 1481 00d1 0B       		.uleb128 0xb
 1482 00d2 0B       		.uleb128 0xb
 1483 00d3 3A       		.uleb128 0x3a
 1484 00d4 0B       		.uleb128 0xb
 1485 00d5 3B       		.uleb128 0x3b
 1486 00d6 0B       		.uleb128 0xb
 1487 00d7 01       		.uleb128 0x1
 1488 00d8 13       		.uleb128 0x13
 1489 00d9 00       		.byte	0
 1490 00da 00       		.byte	0
 1491 00db 12       		.uleb128 0x12
 1492 00dc 0D       		.uleb128 0xd
 1493 00dd 00       		.byte	0
 1494 00de 03       		.uleb128 0x3
 1495 00df 0E       		.uleb128 0xe
 1496 00e0 3A       		.uleb128 0x3a
 1497 00e1 0B       		.uleb128 0xb
 1498 00e2 3B       		.uleb128 0x3b
 1499 00e3 05       		.uleb128 0x5
 1500 00e4 49       		.uleb128 0x49
 1501 00e5 13       		.uleb128 0x13
 1502 00e6 00       		.byte	0
 1503 00e7 00       		.byte	0
 1504 00e8 13       		.uleb128 0x13
 1505 00e9 26       		.uleb128 0x26
 1506 00ea 00       		.byte	0
 1507 00eb 49       		.uleb128 0x49
 1508 00ec 13       		.uleb128 0x13
 1509 00ed 00       		.byte	0
 1510 00ee 00       		.byte	0
 1511 00ef 14       		.uleb128 0x14
ARM GAS  /tmp/ccLP1IkM.s 			page 34


 1512 00f0 35       		.uleb128 0x35
 1513 00f1 00       		.byte	0
 1514 00f2 49       		.uleb128 0x49
 1515 00f3 13       		.uleb128 0x13
 1516 00f4 00       		.byte	0
 1517 00f5 00       		.byte	0
 1518 00f6 15       		.uleb128 0x15
 1519 00f7 01       		.uleb128 0x1
 1520 00f8 01       		.byte	0x1
 1521 00f9 49       		.uleb128 0x49
 1522 00fa 13       		.uleb128 0x13
 1523 00fb 01       		.uleb128 0x1
 1524 00fc 13       		.uleb128 0x13
 1525 00fd 00       		.byte	0
 1526 00fe 00       		.byte	0
 1527 00ff 16       		.uleb128 0x16
 1528 0100 21       		.uleb128 0x21
 1529 0101 00       		.byte	0
 1530 0102 49       		.uleb128 0x49
 1531 0103 13       		.uleb128 0x13
 1532 0104 2F       		.uleb128 0x2f
 1533 0105 0B       		.uleb128 0xb
 1534 0106 00       		.byte	0
 1535 0107 00       		.byte	0
 1536 0108 17       		.uleb128 0x17
 1537 0109 16       		.uleb128 0x16
 1538 010a 00       		.byte	0
 1539 010b 03       		.uleb128 0x3
 1540 010c 0E       		.uleb128 0xe
 1541 010d 3A       		.uleb128 0x3a
 1542 010e 0B       		.uleb128 0xb
 1543 010f 3B       		.uleb128 0x3b
 1544 0110 05       		.uleb128 0x5
 1545 0111 49       		.uleb128 0x49
 1546 0112 13       		.uleb128 0x13
 1547 0113 00       		.byte	0
 1548 0114 00       		.byte	0
 1549 0115 18       		.uleb128 0x18
 1550 0116 13       		.uleb128 0x13
 1551 0117 01       		.byte	0x1
 1552 0118 0B       		.uleb128 0xb
 1553 0119 0B       		.uleb128 0xb
 1554 011a 3A       		.uleb128 0x3a
 1555 011b 0B       		.uleb128 0xb
 1556 011c 3B       		.uleb128 0x3b
 1557 011d 05       		.uleb128 0x5
 1558 011e 01       		.uleb128 0x1
 1559 011f 13       		.uleb128 0x13
 1560 0120 00       		.byte	0
 1561 0121 00       		.byte	0
 1562 0122 19       		.uleb128 0x19
 1563 0123 2E       		.uleb128 0x2e
 1564 0124 00       		.byte	0
 1565 0125 03       		.uleb128 0x3
 1566 0126 0E       		.uleb128 0xe
 1567 0127 3A       		.uleb128 0x3a
 1568 0128 0B       		.uleb128 0xb
ARM GAS  /tmp/ccLP1IkM.s 			page 35


 1569 0129 3B       		.uleb128 0x3b
 1570 012a 05       		.uleb128 0x5
 1571 012b 27       		.uleb128 0x27
 1572 012c 0C       		.uleb128 0xc
 1573 012d 20       		.uleb128 0x20
 1574 012e 0B       		.uleb128 0xb
 1575 012f 00       		.byte	0
 1576 0130 00       		.byte	0
 1577 0131 1A       		.uleb128 0x1a
 1578 0132 2E       		.uleb128 0x2e
 1579 0133 01       		.byte	0x1
 1580 0134 3F       		.uleb128 0x3f
 1581 0135 0C       		.uleb128 0xc
 1582 0136 03       		.uleb128 0x3
 1583 0137 0E       		.uleb128 0xe
 1584 0138 3A       		.uleb128 0x3a
 1585 0139 0B       		.uleb128 0xb
 1586 013a 3B       		.uleb128 0x3b
 1587 013b 0B       		.uleb128 0xb
 1588 013c 27       		.uleb128 0x27
 1589 013d 0C       		.uleb128 0xc
 1590 013e 11       		.uleb128 0x11
 1591 013f 01       		.uleb128 0x1
 1592 0140 12       		.uleb128 0x12
 1593 0141 01       		.uleb128 0x1
 1594 0142 40       		.uleb128 0x40
 1595 0143 06       		.uleb128 0x6
 1596 0144 9742     		.uleb128 0x2117
 1597 0146 0C       		.uleb128 0xc
 1598 0147 01       		.uleb128 0x1
 1599 0148 13       		.uleb128 0x13
 1600 0149 00       		.byte	0
 1601 014a 00       		.byte	0
 1602 014b 1B       		.uleb128 0x1b
 1603 014c 898201   		.uleb128 0x4109
 1604 014f 00       		.byte	0
 1605 0150 11       		.uleb128 0x11
 1606 0151 01       		.uleb128 0x1
 1607 0152 31       		.uleb128 0x31
 1608 0153 13       		.uleb128 0x13
 1609 0154 00       		.byte	0
 1610 0155 00       		.byte	0
 1611 0156 1C       		.uleb128 0x1c
 1612 0157 898201   		.uleb128 0x4109
 1613 015a 00       		.byte	0
 1614 015b 11       		.uleb128 0x11
 1615 015c 01       		.uleb128 0x1
 1616 015d 9542     		.uleb128 0x2115
 1617 015f 0C       		.uleb128 0xc
 1618 0160 31       		.uleb128 0x31
 1619 0161 13       		.uleb128 0x13
 1620 0162 00       		.byte	0
 1621 0163 00       		.byte	0
 1622 0164 1D       		.uleb128 0x1d
 1623 0165 34       		.uleb128 0x34
 1624 0166 00       		.byte	0
 1625 0167 03       		.uleb128 0x3
ARM GAS  /tmp/ccLP1IkM.s 			page 36


 1626 0168 0E       		.uleb128 0xe
 1627 0169 3A       		.uleb128 0x3a
 1628 016a 0B       		.uleb128 0xb
 1629 016b 3B       		.uleb128 0x3b
 1630 016c 05       		.uleb128 0x5
 1631 016d 49       		.uleb128 0x49
 1632 016e 13       		.uleb128 0x13
 1633 016f 3F       		.uleb128 0x3f
 1634 0170 0C       		.uleb128 0xc
 1635 0171 3C       		.uleb128 0x3c
 1636 0172 0C       		.uleb128 0xc
 1637 0173 00       		.byte	0
 1638 0174 00       		.byte	0
 1639 0175 1E       		.uleb128 0x1e
 1640 0176 34       		.uleb128 0x34
 1641 0177 00       		.byte	0
 1642 0178 03       		.uleb128 0x3
 1643 0179 08       		.uleb128 0x8
 1644 017a 3A       		.uleb128 0x3a
 1645 017b 0B       		.uleb128 0xb
 1646 017c 3B       		.uleb128 0x3b
 1647 017d 05       		.uleb128 0x5
 1648 017e 49       		.uleb128 0x49
 1649 017f 13       		.uleb128 0x13
 1650 0180 3F       		.uleb128 0x3f
 1651 0181 0C       		.uleb128 0xc
 1652 0182 3C       		.uleb128 0x3c
 1653 0183 0C       		.uleb128 0xc
 1654 0184 00       		.byte	0
 1655 0185 00       		.byte	0
 1656 0186 1F       		.uleb128 0x1f
 1657 0187 2E       		.uleb128 0x2e
 1658 0188 00       		.byte	0
 1659 0189 3F       		.uleb128 0x3f
 1660 018a 0C       		.uleb128 0xc
 1661 018b 03       		.uleb128 0x3
 1662 018c 0E       		.uleb128 0xe
 1663 018d 3A       		.uleb128 0x3a
 1664 018e 0B       		.uleb128 0xb
 1665 018f 3B       		.uleb128 0x3b
 1666 0190 05       		.uleb128 0x5
 1667 0191 27       		.uleb128 0x27
 1668 0192 0C       		.uleb128 0xc
 1669 0193 3C       		.uleb128 0x3c
 1670 0194 0C       		.uleb128 0xc
 1671 0195 00       		.byte	0
 1672 0196 00       		.byte	0
 1673 0197 20       		.uleb128 0x20
 1674 0198 2E       		.uleb128 0x2e
 1675 0199 01       		.byte	0x1
 1676 019a 3F       		.uleb128 0x3f
 1677 019b 0C       		.uleb128 0xc
 1678 019c 03       		.uleb128 0x3
 1679 019d 0E       		.uleb128 0xe
 1680 019e 3A       		.uleb128 0x3a
 1681 019f 0B       		.uleb128 0xb
 1682 01a0 3B       		.uleb128 0x3b
ARM GAS  /tmp/ccLP1IkM.s 			page 37


 1683 01a1 05       		.uleb128 0x5
 1684 01a2 27       		.uleb128 0x27
 1685 01a3 0C       		.uleb128 0xc
 1686 01a4 3C       		.uleb128 0x3c
 1687 01a5 0C       		.uleb128 0xc
 1688 01a6 01       		.uleb128 0x1
 1689 01a7 13       		.uleb128 0x13
 1690 01a8 00       		.byte	0
 1691 01a9 00       		.byte	0
 1692 01aa 21       		.uleb128 0x21
 1693 01ab 2E       		.uleb128 0x2e
 1694 01ac 00       		.byte	0
 1695 01ad 3F       		.uleb128 0x3f
 1696 01ae 0C       		.uleb128 0xc
 1697 01af 03       		.uleb128 0x3
 1698 01b0 0E       		.uleb128 0xe
 1699 01b1 3A       		.uleb128 0x3a
 1700 01b2 0B       		.uleb128 0xb
 1701 01b3 3B       		.uleb128 0x3b
 1702 01b4 0B       		.uleb128 0xb
 1703 01b5 27       		.uleb128 0x27
 1704 01b6 0C       		.uleb128 0xc
 1705 01b7 3C       		.uleb128 0x3c
 1706 01b8 0C       		.uleb128 0xc
 1707 01b9 00       		.byte	0
 1708 01ba 00       		.byte	0
 1709 01bb 00       		.byte	0
 1710              		.section	.debug_loc,"",%progbits
 1711              	.Ldebug_loc0:
 1712              	.LLST0:
 1713 0000 00000000 		.4byte	.LFB272
 1714 0004 02000000 		.4byte	.LCFI0
 1715 0008 0200     		.2byte	0x2
 1716 000a 7D       		.byte	0x7d
 1717 000b 00       		.sleb128 0
 1718 000c 02000000 		.4byte	.LCFI0
 1719 0010 22000000 		.4byte	.LFE272
 1720 0014 0200     		.2byte	0x2
 1721 0016 7D       		.byte	0x7d
 1722 0017 08       		.sleb128 8
 1723 0018 00000000 		.4byte	0
 1724 001c 00000000 		.4byte	0
 1725              		.section	.debug_aranges,"",%progbits
 1726 0000 1C000000 		.4byte	0x1c
 1727 0004 0200     		.2byte	0x2
 1728 0006 00000000 		.4byte	.Ldebug_info0
 1729 000a 04       		.byte	0x4
 1730 000b 00       		.byte	0
 1731 000c 0000     		.2byte	0
 1732 000e 0000     		.2byte	0
 1733 0010 00000000 		.4byte	.LFB272
 1734 0014 22000000 		.4byte	.LFE272-.LFB272
 1735 0018 00000000 		.4byte	0
 1736 001c 00000000 		.4byte	0
 1737              		.section	.debug_ranges,"",%progbits
 1738              	.Ldebug_ranges0:
 1739 0000 00000000 		.4byte	.LFB272
ARM GAS  /tmp/ccLP1IkM.s 			page 38


 1740 0004 22000000 		.4byte	.LFE272
 1741 0008 00000000 		.4byte	0
 1742 000c 00000000 		.4byte	0
 1743              		.section	.debug_line,"",%progbits
 1744              	.Ldebug_line0:
 1745 0000 83020000 		.section	.debug_str,"MS",%progbits,1
 1745      02006202 
 1745      00000201 
 1745      FB0E0D00 
 1745      01010101 
 1746              	.LASF104:
 1747 0000 73746D33 		.ascii	"stm32_gpio_setup_t\000"
 1747      325F6770 
 1747      696F5F73 
 1747      65747570 
 1747      5F7400
 1748              	.LASF46:
 1749 0013 72656164 		.ascii	"ready_list_t\000"
 1749      795F6C69 
 1749      73745F74 
 1749      00
 1750              	.LASF116:
 1751 0020 7374496E 		.ascii	"stInit\000"
 1751      697400
 1752              	.LASF84:
 1753 0027 77747472 		.ascii	"wttrp\000"
 1753      7000
 1754              	.LASF81:
 1755 002d 7264796D 		.ascii	"rdymsg\000"
 1755      736700
 1756              	.LASF11:
 1757 0034 75696E74 		.ascii	"uint64_t\000"
 1757      36345F74 
 1757      00
 1758              	.LASF78:
 1759 003d 706F7274 		.ascii	"port_intctx\000"
 1759      5F696E74 
 1759      63747800 
 1760              	.LASF65:
 1761 0049 73797374 		.ascii	"system_debug_t\000"
 1761      656D5F64 
 1761      65627567 
 1761      5F7400
 1762              	.LASF12:
 1763 0058 6C6F6E67 		.ascii	"long long unsigned int\000"
 1763      206C6F6E 
 1763      6720756E 
 1763      7369676E 
 1763      65642069 
 1764              	.LASF101:
 1765 006f 70757064 		.ascii	"pupdr\000"
 1765      7200
 1766              	.LASF82:
 1767 0075 65786974 		.ascii	"exitcode\000"
 1767      636F6465 
 1767      00
 1768              	.LASF72:
ARM GAS  /tmp/ccLP1IkM.s 			page 39


 1769 007e 6D61696E 		.ascii	"mainthread\000"
 1769      74687265 
 1769      616400
 1770              	.LASF62:
 1771 0089 76697274 		.ascii	"virtual_timers_list_t\000"
 1771      75616C5F 
 1771      74696D65 
 1771      72735F6C 
 1771      6973745F 
 1772              	.LASF111:
 1773 009f 49544D5F 		.ascii	"ITM_RxBuffer\000"
 1773      52784275 
 1773      66666572 
 1773      00
 1774              	.LASF45:
 1775 00ac 63685F74 		.ascii	"ch_threads_queue\000"
 1775      68726561 
 1775      64735F71 
 1775      75657565 
 1775      00
 1776              	.LASF25:
 1777 00bd 705F7072 		.ascii	"p_prio\000"
 1777      696F00
 1778              	.LASF10:
 1779 00c4 6C6F6E67 		.ascii	"long long int\000"
 1779      206C6F6E 
 1779      6720696E 
 1779      7400
 1780              	.LASF1:
 1781 00d2 7369676E 		.ascii	"signed char\000"
 1781      65642063 
 1781      68617200 
 1782              	.LASF39:
 1783 00de 705F6D70 		.ascii	"p_mpool\000"
 1783      6F6F6C00 
 1784              	.LASF92:
 1785 00e6 6D5F7175 		.ascii	"m_queue\000"
 1785      65756500 
 1786              	.LASF98:
 1787 00ee 6D6F6465 		.ascii	"moder\000"
 1787      7200
 1788              	.LASF69:
 1789 00f4 63685F73 		.ascii	"ch_system\000"
 1789      79737465 
 1789      6D00
 1790              	.LASF7:
 1791 00fe 6C6F6E67 		.ascii	"long int\000"
 1791      20696E74 
 1791      00
 1792              	.LASF15:
 1793 0107 74737461 		.ascii	"tstate_t\000"
 1793      74655F74 
 1793      00
 1794              	.LASF119:
 1795 0110 2F686F6D 		.ascii	"/home/sylvain/Documents/TelecomRobotics/ChibiOS_16."
 1795      652F7379 
 1795      6C766169 
ARM GAS  /tmp/ccLP1IkM.s 			page 40


 1795      6E2F446F 
 1795      63756D65 
 1796 0143 312E372F 		.ascii	"1.7/demos/STM32/RT-STM32F302R8-NUCLEO\000"
 1796      64656D6F 
 1796      732F5354 
 1796      4D33322F 
 1796      52542D53 
 1797              	.LASF118:
 1798 0169 2E2E2F2E 		.ascii	"../../../os/hal/src/hal.c\000"
 1798      2E2F2E2E 
 1798      2F6F732F 
 1798      68616C2F 
 1798      7372632F 
 1799              	.LASF27:
 1800 0183 705F6E65 		.ascii	"p_newer\000"
 1800      77657200 
 1801              	.LASF89:
 1802 018b 735F7175 		.ascii	"s_queue\000"
 1802      65756500 
 1803              	.LASF51:
 1804 0193 725F6E65 		.ascii	"r_newer\000"
 1804      77657200 
 1805              	.LASF75:
 1806 019b 72656761 		.ascii	"regarm_t\000"
 1806      726D5F74 
 1806      00
 1807              	.LASF58:
 1808 01a4 76745F70 		.ascii	"vt_prev\000"
 1808      72657600 
 1809              	.LASF71:
 1810 01ac 76746C69 		.ascii	"vtlist\000"
 1810      737400
 1811              	.LASF96:
 1812 01b3 6D757465 		.ascii	"mutex_t\000"
 1812      785F7400 
 1813              	.LASF106:
 1814 01bb 50424461 		.ascii	"PBData\000"
 1814      746100
 1815              	.LASF73:
 1816 01c2 69646C65 		.ascii	"idle_thread_wa\000"
 1816      5F746872 
 1816      6561645F 
 1816      776100
 1817              	.LASF20:
 1818 01d1 636E745F 		.ascii	"cnt_t\000"
 1818      7400
 1819              	.LASF0:
 1820 01d7 756E7369 		.ascii	"unsigned int\000"
 1820      676E6564 
 1820      20696E74 
 1820      00
 1821              	.LASF57:
 1822 01e4 76745F6E 		.ascii	"vt_next\000"
 1822      65787400 
 1823              	.LASF85:
 1824 01ec 77747365 		.ascii	"wtsemp\000"
 1824      6D7000
ARM GAS  /tmp/ccLP1IkM.s 			page 41


 1825              	.LASF34:
 1826 01f3 705F6D73 		.ascii	"p_msgqueue\000"
 1826      67717565 
 1826      756500
 1827              	.LASF121:
 1828 01fe 68616C49 		.ascii	"halInit\000"
 1828      6E697400 
 1829              	.LASF100:
 1830 0206 6F737065 		.ascii	"ospeedr\000"
 1830      65647200 
 1831              	.LASF99:
 1832 020e 6F747970 		.ascii	"otyper\000"
 1832      657200
 1833              	.LASF4:
 1834 0215 73686F72 		.ascii	"short unsigned int\000"
 1834      7420756E 
 1834      7369676E 
 1834      65642069 
 1834      6E7400
 1835              	.LASF109:
 1836 0228 50464461 		.ascii	"PFData\000"
 1836      746100
 1837              	.LASF42:
 1838 022f 63685F74 		.ascii	"ch_thread\000"
 1838      68726561 
 1838      6400
 1839              	.LASF18:
 1840 0239 6D73675F 		.ascii	"msg_t\000"
 1840      7400
 1841              	.LASF68:
 1842 023f 63685F73 		.ascii	"ch_system_t\000"
 1842      79737465 
 1842      6D5F7400 
 1843              	.LASF14:
 1844 024b 746D6F64 		.ascii	"tmode_t\000"
 1844      655F7400 
 1845              	.LASF47:
 1846 0253 63685F72 		.ascii	"ch_ready_list\000"
 1846      65616479 
 1846      5F6C6973 
 1846      7400
 1847              	.LASF19:
 1848 0261 6576656E 		.ascii	"eventmask_t\000"
 1848      746D6173 
 1848      6B5F7400 
 1849              	.LASF76:
 1850 026d 73746B61 		.ascii	"stkalign_t\000"
 1850      6C69676E 
 1850      5F7400
 1851              	.LASF33:
 1852 0278 705F7761 		.ascii	"p_waiting\000"
 1852      6974696E 
 1852      6700
 1853              	.LASF74:
 1854 0282 73697A65 		.ascii	"sizetype\000"
 1854      74797065 
 1854      00
ARM GAS  /tmp/ccLP1IkM.s 			page 42


 1855              	.LASF40:
 1856 028b 74687265 		.ascii	"thread_reference_t\000"
 1856      61645F72 
 1856      65666572 
 1856      656E6365 
 1856      5F7400
 1857              	.LASF63:
 1858 029e 63685F76 		.ascii	"ch_virtual_timers_list\000"
 1858      69727475 
 1858      616C5F74 
 1858      696D6572 
 1858      735F6C69 
 1859              	.LASF108:
 1860 02b5 50444461 		.ascii	"PDData\000"
 1860      746100
 1861              	.LASF64:
 1862 02bc 76745F6C 		.ascii	"vt_lasttime\000"
 1862      61737474 
 1862      696D6500 
 1863              	.LASF28:
 1864 02c8 705F6F6C 		.ascii	"p_older\000"
 1864      64657200 
 1865              	.LASF50:
 1866 02d0 725F6374 		.ascii	"r_ctx\000"
 1866      7800
 1867              	.LASF80:
 1868 02d6 746D5F63 		.ascii	"tm_calibration_t\000"
 1868      616C6962 
 1868      72617469 
 1868      6F6E5F74 
 1868      00
 1869              	.LASF103:
 1870 02e7 61667268 		.ascii	"afrh\000"
 1870      00
 1871              	.LASF117:
 1872 02ec 474E5520 		.ascii	"GNU C 4.7.2\000"
 1872      4320342E 
 1872      372E3200 
 1873              	.LASF53:
 1874 02f8 725F6375 		.ascii	"r_current\000"
 1874      7272656E 
 1874      7400
 1875              	.LASF52:
 1876 0302 725F6F6C 		.ascii	"r_older\000"
 1876      64657200 
 1877              	.LASF16:
 1878 030a 74726566 		.ascii	"trefs_t\000"
 1878      735F7400 
 1879              	.LASF55:
 1880 0312 76697274 		.ascii	"virtual_timer_t\000"
 1880      75616C5F 
 1880      74696D65 
 1880      725F7400 
 1881              	.LASF24:
 1882 0322 705F7072 		.ascii	"p_prev\000"
 1882      657600
 1883              	.LASF120:
ARM GAS  /tmp/ccLP1IkM.s 			page 43


 1884 0329 6F73616C 		.ascii	"osalInit\000"
 1884      496E6974 
 1884      00
 1885              	.LASF17:
 1886 0332 74707269 		.ascii	"tprio_t\000"
 1886      6F5F7400 
 1887              	.LASF66:
 1888 033a 63685F73 		.ascii	"ch_system_debug\000"
 1888      79737465 
 1888      6D5F6465 
 1888      62756700 
 1889              	.LASF97:
 1890 034a 5F426F6F 		.ascii	"_Bool\000"
 1890      6C00
 1891              	.LASF6:
 1892 0350 696E7433 		.ascii	"int32_t\000"
 1892      325F7400 
 1893              	.LASF2:
 1894 0358 756E7369 		.ascii	"unsigned char\000"
 1894      676E6564 
 1894      20636861 
 1894      7200
 1895              	.LASF102:
 1896 0366 6166726C 		.ascii	"afrl\000"
 1896      00
 1897              	.LASF90:
 1898 036b 735F636E 		.ascii	"s_cnt\000"
 1898      7400
 1899              	.LASF37:
 1900 0371 705F6D74 		.ascii	"p_mtxlist\000"
 1900      786C6973 
 1900      7400
 1901              	.LASF3:
 1902 037b 73686F72 		.ascii	"short int\000"
 1902      7420696E 
 1902      7400
 1903              	.LASF30:
 1904 0385 705F7374 		.ascii	"p_state\000"
 1904      61746500 
 1905              	.LASF115:
 1906 038d 626F6172 		.ascii	"boardInit\000"
 1906      64496E69 
 1906      7400
 1907              	.LASF49:
 1908 0397 725F7072 		.ascii	"r_prio\000"
 1908      696F00
 1909              	.LASF105:
 1910 039e 50414461 		.ascii	"PAData\000"
 1910      746100
 1911              	.LASF87:
 1912 03a5 65776D61 		.ascii	"ewmask\000"
 1912      736B00
 1913              	.LASF23:
 1914 03ac 705F6E65 		.ascii	"p_next\000"
 1914      787400
 1915              	.LASF31:
 1916 03b3 705F666C 		.ascii	"p_flags\000"
ARM GAS  /tmp/ccLP1IkM.s 			page 44


 1916      61677300 
 1917              	.LASF56:
 1918 03bb 63685F76 		.ascii	"ch_virtual_timer\000"
 1918      69727475 
 1918      616C5F74 
 1918      696D6572 
 1918      00
 1919              	.LASF88:
 1920 03cc 63685F73 		.ascii	"ch_semaphore\000"
 1920      656D6170 
 1920      686F7265 
 1920      00
 1921              	.LASF36:
 1922 03d9 705F6570 		.ascii	"p_epending\000"
 1922      656E6469 
 1922      6E6700
 1923              	.LASF8:
 1924 03e4 75696E74 		.ascii	"uint32_t\000"
 1924      33325F74 
 1924      00
 1925              	.LASF86:
 1926 03ed 77746D74 		.ascii	"wtmtxp\000"
 1926      787000
 1927              	.LASF48:
 1928 03f4 725F7175 		.ascii	"r_queue\000"
 1928      65756500 
 1929              	.LASF59:
 1930 03fc 76745F64 		.ascii	"vt_delta\000"
 1930      656C7461 
 1930      00
 1931              	.LASF43:
 1932 0405 63685F74 		.ascii	"ch_threads_list\000"
 1932      68726561 
 1932      64735F6C 
 1932      69737400 
 1933              	.LASF9:
 1934 0415 6C6F6E67 		.ascii	"long unsigned int\000"
 1934      20756E73 
 1934      69676E65 
 1934      6420696E 
 1934      7400
 1935              	.LASF95:
 1936 0427 63686172 		.ascii	"char\000"
 1936      00
 1937              	.LASF22:
 1938 042c 74687265 		.ascii	"thread_t\000"
 1938      61645F74 
 1938      00
 1939              	.LASF94:
 1940 0435 6D5F6E65 		.ascii	"m_next\000"
 1940      787400
 1941              	.LASF21:
 1942 043c 73797374 		.ascii	"systime_t\000"
 1942      696D655F 
 1942      7400
 1943              	.LASF38:
 1944 0446 705F7265 		.ascii	"p_realprio\000"
ARM GAS  /tmp/ccLP1IkM.s 			page 45


 1944      616C7072 
 1944      696F00
 1945              	.LASF54:
 1946 0451 76746675 		.ascii	"vtfunc_t\000"
 1946      6E635F74 
 1946      00
 1947              	.LASF67:
 1948 045a 70616E69 		.ascii	"panic_msg\000"
 1948      635F6D73 
 1948      6700
 1949              	.LASF79:
 1950 0464 6F666673 		.ascii	"offset\000"
 1950      657400
 1951              	.LASF77:
 1952 046b 636F6E74 		.ascii	"context\000"
 1952      65787400 
 1953              	.LASF113:
 1954 0473 68616C5F 		.ascii	"hal_lld_init\000"
 1954      6C6C645F 
 1954      696E6974 
 1954      00
 1955              	.LASF13:
 1956 0480 7274636E 		.ascii	"rtcnt_t\000"
 1956      745F7400 
 1957              	.LASF61:
 1958 0488 76745F70 		.ascii	"vt_par\000"
 1958      617200
 1959              	.LASF44:
 1960 048f 74687265 		.ascii	"threads_queue_t\000"
 1960      6164735F 
 1960      71756575 
 1960      655F7400 
 1961              	.LASF91:
 1962 049f 63685F6D 		.ascii	"ch_mutex\000"
 1962      75746578 
 1962      00
 1963              	.LASF32:
 1964 04a8 705F7265 		.ascii	"p_refs\000"
 1964      667300
 1965              	.LASF122:
 1966 04af 5F70616C 		.ascii	"_pal_lld_init\000"
 1966      5F6C6C64 
 1966      5F696E69 
 1966      7400
 1967              	.LASF70:
 1968 04bd 726C6973 		.ascii	"rlist\000"
 1968      7400
 1969              	.LASF5:
 1970 04c3 75696E74 		.ascii	"uint8_t\000"
 1970      385F7400 
 1971              	.LASF83:
 1972 04cb 77746F62 		.ascii	"wtobjp\000"
 1972      6A7000
 1973              	.LASF29:
 1974 04d2 705F6E61 		.ascii	"p_name\000"
 1974      6D6500
 1975              	.LASF107:
ARM GAS  /tmp/ccLP1IkM.s 			page 46


 1976 04d9 50434461 		.ascii	"PCData\000"
 1976      746100
 1977              	.LASF41:
 1978 04e0 74687265 		.ascii	"threads_list_t\000"
 1978      6164735F 
 1978      6C697374 
 1978      5F7400
 1979              	.LASF35:
 1980 04ef 705F6D73 		.ascii	"p_msg\000"
 1980      6700
 1981              	.LASF114:
 1982 04f5 7364496E 		.ascii	"sdInit\000"
 1982      697400
 1983              	.LASF110:
 1984 04fc 50414C43 		.ascii	"PALConfig\000"
 1984      6F6E6669 
 1984      6700
 1985              	.LASF93:
 1986 0506 6D5F6F77 		.ascii	"m_owner\000"
 1986      6E657200 
 1987              	.LASF112:
 1988 050e 70616C5F 		.ascii	"pal_default_config\000"
 1988      64656661 
 1988      756C745F 
 1988      636F6E66 
 1988      696700
 1989              	.LASF26:
 1990 0521 705F6374 		.ascii	"p_ctx\000"
 1990      7800
 1991              	.LASF60:
 1992 0527 76745F66 		.ascii	"vt_func\000"
 1992      756E6300 
 1993              		.comm	__gnu_lto_v1,1,1
 1994              		.ident	"GCC: (GNU) 4.7.2"
ARM GAS  /tmp/ccLP1IkM.s 			page 47


DEFINED SYMBOLS
                            *ABS*:00000000 hal.c
     /tmp/ccLP1IkM.s:141    .text.halInit:00000000 $t
     /tmp/ccLP1IkM.s:147    .text.halInit:00000000 halInit
                            *COM*:00000001 __gnu_lto_v1
                     .debug_frame:00000010 $d

UNDEFINED SYMBOLS
hal_lld_init
pal_default_config
_pal_lld_init
sdInit
boardInit
stInit
